<?xml version="1.0" encoding="UTF-8"?>
<coverage generated="1763398715853" clover="3.2.0">
  <project timestamp="1763398715853" name="All files">
    <metrics statements="1462" coveredstatements="715" conditionals="969" coveredconditionals="281" methods="339" coveredmethods="150" elements="2770" coveredelements="1146" complexity="0" loc="1462" ncloc="1462" packages="26" files="57" classes="57"/>
    <package name="assets">
      <metrics statements="3" coveredstatements="3" conditionals="0" coveredconditionals="0" methods="0" coveredmethods="0"/>
      <file name="index.ts" path="/Users/felruizrojas/fel-school/pasteleria_mil_sabores/front-pasteleria/src/assets/index.ts">
        <metrics statements="3" coveredstatements="3" conditionals="0" coveredconditionals="0" methods="0" coveredmethods="0"/>
        <line num="1" count="14" type="stmt"/>
        <line num="2" count="14" type="stmt"/>
        <line num="3" count="14" type="stmt"/>
      </file>
    </package>
    <package name="components">
      <metrics statements="7" coveredstatements="6" conditionals="2" coveredconditionals="1" methods="2" coveredmethods="2"/>
      <file name="ScrollToTop.tsx" path="/Users/felruizrojas/fel-school/pasteleria_mil_sabores/front-pasteleria/src/components/ScrollToTop.tsx">
        <metrics statements="7" coveredstatements="6" conditionals="2" coveredconditionals="1" methods="2" coveredmethods="2"/>
        <line num="4" count="1" type="stmt"/>
        <line num="5" count="2" type="stmt"/>
        <line num="7" count="2" type="stmt"/>
        <line num="8" count="2" type="cond" truecount="1" falsecount="1"/>
        <line num="9" count="0" type="stmt"/>
        <line num="12" count="2" type="stmt"/>
        <line num="15" count="2" type="stmt"/>
      </file>
    </package>
    <package name="components.common">
      <metrics statements="36" coveredstatements="29" conditionals="43" coveredconditionals="29" methods="9" coveredmethods="5"/>
      <file name="Alert.tsx" path="/Users/felruizrojas/fel-school/pasteleria_mil_sabores/front-pasteleria/src/components/common/Alert.tsx">
        <metrics statements="0" coveredstatements="0" conditionals="3" coveredconditionals="0" methods="0" coveredmethods="0"/>
      </file>
      <file name="Breadcrumbs.tsx" path="/Users/felruizrojas/fel-school/pasteleria_mil_sabores/front-pasteleria/src/components/common/Breadcrumbs.tsx">
        <metrics statements="4" coveredstatements="1" conditionals="4" coveredconditionals="0" methods="2" coveredmethods="0"/>
        <line num="13" count="11" type="stmt"/>
        <line num="14" count="0" type="stmt"/>
        <line num="20" count="0" type="stmt"/>
        <line num="22" count="0" type="cond" truecount="0" falsecount="4"/>
      </file>
      <file name="Button.tsx" path="/Users/felruizrojas/fel-school/pasteleria_mil_sabores/front-pasteleria/src/components/common/Button.tsx">
        <metrics statements="9" coveredstatements="9" conditionals="10" coveredconditionals="10" methods="1" coveredmethods="1"/>
        <line num="45" count="13" type="stmt"/>
        <line num="49" count="433" type="stmt"/>
        <line num="55" count="433" type="stmt"/>
        <line num="64" count="433" type="cond" truecount="2" falsecount="0"/>
        <line num="65" count="2" type="stmt"/>
        <line num="79" count="431" type="cond" truecount="2" falsecount="0"/>
        <line num="80" count="163" type="stmt"/>
        <line num="94" count="268" type="stmt"/>
        <line num="107" count="13" type="stmt"/>
      </file>
      <file name="Input.tsx" path="/Users/felruizrojas/fel-school/pasteleria_mil_sabores/front-pasteleria/src/components/common/Input.tsx">
        <metrics statements="9" coveredstatements="9" conditionals="19" coveredconditionals="16" methods="1" coveredmethods="1"/>
        <line num="13" count="11" type="stmt"/>
        <line num="15" count="690" type="stmt"/>
        <line num="16" count="690" type="cond" truecount="3" falsecount="0"/>
        <line num="17" count="690" type="cond" truecount="2" falsecount="0"/>
        <line num="18" count="690" type="cond" truecount="1" falsecount="1"/>
        <line num="19" count="690" type="cond" truecount="2" falsecount="0"/>
        <line num="20" count="690" type="stmt"/>
        <line num="21" count="690" type="cond" truecount="1" falsecount="1"/>
        <line num="54" count="11" type="stmt"/>
      </file>
      <file name="Modal.tsx" path="/Users/felruizrojas/fel-school/pasteleria_mil_sabores/front-pasteleria/src/components/common/Modal.tsx">
        <metrics statements="14" coveredstatements="10" conditionals="7" coveredconditionals="3" methods="5" coveredmethods="3"/>
        <line num="16" count="11" type="stmt"/>
        <line num="27" count="1" type="stmt"/>
        <line num="28" count="1" type="stmt"/>
        <line num="29" count="0" type="cond" truecount="0" falsecount="2"/>
        <line num="32" count="1" type="cond" truecount="1" falsecount="1"/>
        <line num="33" count="1" type="stmt"/>
        <line num="34" count="1" type="stmt"/>
        <line num="36" count="0" type="stmt"/>
        <line num="37" count="0" type="stmt"/>
        <line num="40" count="1" type="stmt"/>
        <line num="41" count="1" type="stmt"/>
        <line num="42" count="1" type="stmt"/>
        <line num="46" count="1" type="cond" truecount="1" falsecount="1"/>
        <line num="52" count="0" type="stmt"/>
      </file>
      <file name="index.ts" path="/Users/felruizrojas/fel-school/pasteleria_mil_sabores/front-pasteleria/src/components/common/index.ts">
        <metrics statements="0" coveredstatements="0" conditionals="0" coveredconditionals="0" methods="0" coveredmethods="0"/>
      </file>
      <file name="modal.css" path="/Users/felruizrojas/fel-school/pasteleria_mil_sabores/front-pasteleria/src/components/common/modal.css">
        <metrics statements="0" coveredstatements="0" conditionals="0" coveredconditionals="0" methods="0" coveredmethods="0"/>
      </file>
    </package>
    <package name="components.menu">
      <metrics statements="8" coveredstatements="2" conditionals="16" coveredconditionals="7" methods="6" coveredmethods="2"/>
      <file name="MenuFilters.tsx" path="/Users/felruizrojas/fel-school/pasteleria_mil_sabores/front-pasteleria/src/components/menu/MenuFilters.tsx">
        <metrics statements="8" coveredstatements="2" conditionals="16" coveredconditionals="7" methods="6" coveredmethods="2"/>
        <line num="30" count="2" type="stmt"/>
        <line num="59" count="1" type="cond" truecount="1" falsecount="1"/>
        <line num="78" count="0" type="cond" truecount="0" falsecount="2"/>
        <line num="99" count="0" type="stmt"/>
        <line num="100" count="0" type="cond" truecount="0" falsecount="2"/>
        <line num="117" count="0" type="stmt"/>
        <line num="118" count="0" type="cond" truecount="0" falsecount="2"/>
        <line num="132" count="0" type="stmt"/>
      </file>
    </package>
    <package name="context.auth">
      <metrics statements="67" coveredstatements="29" conditionals="28" coveredconditionals="3" methods="17" coveredmethods="7"/>
      <file name="AuthContext.ts" path="/Users/felruizrojas/fel-school/pasteleria_mil_sabores/front-pasteleria/src/context/auth/AuthContext.ts">
        <metrics statements="1" coveredstatements="1" conditionals="0" coveredconditionals="0" methods="0" coveredmethods="0"/>
        <line num="5" count="8" type="stmt"/>
      </file>
      <file name="AuthProvider.tsx" path="/Users/felruizrojas/fel-school/pasteleria_mil_sabores/front-pasteleria/src/context/auth/AuthProvider.tsx">
        <metrics statements="66" coveredstatements="28" conditionals="28" coveredconditionals="3" methods="17" coveredmethods="7"/>
        <line num="14" count="8" type="stmt"/>
        <line num="16" count="8" type="stmt"/>
        <line num="17" count="0" type="cond" truecount="0" falsecount="4"/>
        <line num="19" count="0" type="stmt"/>
        <line num="21" count="0" type="stmt"/>
        <line num="23" count="0" type="stmt"/>
        <line num="25" count="0" type="stmt"/>
        <line num="29" count="8" type="stmt"/>
        <line num="30" count="0" type="cond" truecount="0" falsecount="2"/>
        <line num="31" count="0" type="stmt"/>
        <line num="34" count="0" type="cond" truecount="0" falsecount="1"/>
        <line num="35" count="0" type="stmt"/>
        <line num="38" count="8" type="stmt"/>
        <line num="39" count="0" type="stmt"/>
        <line num="40" count="0" type="stmt"/>
        <line num="42" count="0" type="stmt"/>
        <line num="52" count="8" type="stmt"/>
        <line num="53" count="8" type="stmt"/>
        <line num="54" count="8" type="cond" truecount="1" falsecount="1"/>
        <line num="55" count="8" type="stmt"/>
        <line num="58" count="0" type="stmt"/>
        <line num="59" count="0" type="cond" truecount="0" falsecount="2"/>
        <line num="60" count="0" type="stmt"/>
        <line num="61" count="0" type="stmt"/>
        <line num="63" count="0" type="stmt"/>
        <line num="65" count="0" type="stmt"/>
        <line num="73" count="8" type="stmt"/>
        <line num="74" count="8" type="stmt"/>
        <line num="75" count="8" type="stmt"/>
        <line num="77" count="8" type="stmt"/>
        <line num="78" count="8" type="cond" truecount="1" falsecount="1"/>
        <line num="79" count="8" type="stmt"/>
        <line num="83" count="8" type="stmt"/>
        <line num="84" count="0" type="stmt"/>
        <line num="86" count="0" type="stmt"/>
        <line num="87" count="0" type="stmt"/>
        <line num="89" count="0" type="stmt"/>
        <line num="90" count="0" type="cond" truecount="0" falsecount="4"/>
        <line num="91" count="0" type="cond" truecount="0" falsecount="2"/>
        <line num="94" count="0" type="stmt"/>
        <line num="95" count="0" type="stmt"/>
        <line num="97" count="0" type="stmt"/>
        <line num="101" count="8" type="stmt"/>
        <line num="102" count="0" type="stmt"/>
        <line num="103" count="0" type="stmt"/>
        <line num="106" count="8" type="stmt"/>
        <line num="107" count="0" type="cond" truecount="0" falsecount="2"/>
        <line num="108" count="0" type="stmt"/>
        <line num="109" count="0" type="stmt"/>
        <line num="111" count="0" type="stmt"/>
        <line num="112" count="0" type="stmt"/>
        <line num="115" count="8" type="stmt"/>
        <line num="116" count="8" type="cond" truecount="1" falsecount="1"/>
        <line num="117" count="0" type="stmt"/>
        <line num="120" count="8" type="stmt"/>
        <line num="121" count="0" type="stmt"/>
        <line num="124" count="8" type="stmt"/>
        <line num="125" count="0" type="cond" truecount="0" falsecount="5"/>
        <line num="126" count="0" type="stmt"/>
        <line num="130" count="8" type="stmt"/>
        <line num="131" count="8" type="stmt"/>
        <line num="133" count="8" type="stmt"/>
        <line num="134" count="8" type="stmt"/>
        <line num="135" count="8" type="stmt"/>
        <line num="139" count="8" type="stmt"/>
        <line num="140" count="8" type="stmt"/>
      </file>
      <file name="index.ts" path="/Users/felruizrojas/fel-school/pasteleria_mil_sabores/front-pasteleria/src/context/auth/index.ts">
        <metrics statements="0" coveredstatements="0" conditionals="0" coveredconditionals="0" methods="0" coveredmethods="0"/>
      </file>
    </package>
    <package name="context.blog">
      <metrics statements="17" coveredstatements="9" conditionals="4" coveredconditionals="1" methods="6" coveredmethods="3"/>
      <file name="BlogContext.ts" path="/Users/felruizrojas/fel-school/pasteleria_mil_sabores/front-pasteleria/src/context/blog/BlogContext.ts">
        <metrics statements="1" coveredstatements="1" conditionals="0" coveredconditionals="0" methods="0" coveredmethods="0"/>
        <line num="10" count="1" type="stmt"/>
      </file>
      <file name="BlogProvider.tsx" path="/Users/felruizrojas/fel-school/pasteleria_mil_sabores/front-pasteleria/src/context/blog/BlogProvider.tsx">
        <metrics statements="11" coveredstatements="4" conditionals="2" coveredconditionals="0" methods="5" coveredmethods="2"/>
        <line num="6" count="1" type="stmt"/>
        <line num="7" count="1" type="stmt"/>
        <line num="9" count="1" type="stmt"/>
        <line num="11" count="0" type="stmt"/>
        <line num="12" count="0" type="stmt"/>
        <line num="13" count="0" type="stmt"/>
        <line num="18" count="1" type="stmt"/>
        <line num="20" count="0" type="stmt"/>
        <line num="21" count="0" type="cond" truecount="0" falsecount="2"/>
        <line num="23" count="0" type="stmt"/>
        <line num="24" count="0" type="stmt"/>
      </file>
      <file name="useBlogs.ts" path="/Users/felruizrojas/fel-school/pasteleria_mil_sabores/front-pasteleria/src/context/blog/useBlogs.ts">
        <metrics statements="5" coveredstatements="4" conditionals="2" coveredconditionals="1" methods="1" coveredmethods="1"/>
        <line num="4" count="1" type="stmt"/>
        <line num="5" count="1" type="stmt"/>
        <line num="6" count="1" type="cond" truecount="1" falsecount="1"/>
        <line num="7" count="0" type="stmt"/>
        <line num="9" count="1" type="stmt"/>
      </file>
    </package>
    <package name="context.cart">
      <metrics statements="71" coveredstatements="60" conditionals="46" coveredconditionals="32" methods="21" coveredmethods="16"/>
      <file name="CartContext.ts" path="/Users/felruizrojas/fel-school/pasteleria_mil_sabores/front-pasteleria/src/context/cart/CartContext.ts">
        <metrics statements="1" coveredstatements="1" conditionals="0" coveredconditionals="0" methods="0" coveredmethods="0"/>
        <line num="31" count="8" type="stmt"/>
      </file>
      <file name="CartProvider.tsx" path="/Users/felruizrojas/fel-school/pasteleria_mil_sabores/front-pasteleria/src/context/cart/CartProvider.tsx">
        <metrics statements="70" coveredstatements="59" conditionals="46" coveredconditionals="32" methods="21" coveredmethods="16"/>
        <line num="21" count="8" type="stmt"/>
        <line num="22" count="21" type="stmt"/>
        <line num="23" count="21" type="cond" truecount="2" falsecount="0"/>
        <line num="26" count="21" type="cond" truecount="2" falsecount="0"/>
        <line num="33" count="21" type="stmt"/>
        <line num="37" count="21" type="stmt"/>
        <line num="39" count="8" type="stmt"/>
        <line num="45" count="21" type="stmt"/>
        <line num="47" count="5" type="stmt"/>
        <line num="48" count="5" type="stmt"/>
        <line num="56" count="21" type="stmt"/>
        <line num="57" count="4" type="stmt"/>
        <line num="58" count="4" type="stmt"/>
        <line num="59" count="4" type="cond" truecount="3" falsecount="1"/>
        <line num="60" count="4" type="stmt"/>
        <line num="66" count="21" type="stmt"/>
        <line num="68" count="3" type="stmt"/>
        <line num="69" count="0" type="stmt"/>
        <line num="70" count="0" type="stmt"/>
        <line num="77" count="21" type="stmt"/>
        <line num="79" count="3" type="stmt"/>
        <line num="80" count="3" type="cond" truecount="1" falsecount="1"/>
        <line num="82" count="3" type="cond" truecount="2" falsecount="0"/>
        <line num="83" count="3" type="stmt"/>
        <line num="85" count="3" type="stmt"/>
        <line num="86" count="3" type="stmt"/>
        <line num="88" count="3" type="cond" truecount="1" falsecount="1"/>
        <line num="89" count="0" type="stmt"/>
        <line num="90" count="0" type="cond" truecount="0" falsecount="2"/>
        <line num="91" count="0" type="stmt"/>
        <line num="94" count="3" type="stmt"/>
        <line num="96" count="0" type="cond" truecount="0" falsecount="2"/>
        <line num="100" count="3" type="cond" truecount="1" falsecount="1"/>
        <line num="101" count="0" type="stmt"/>
        <line num="106" count="3" type="stmt"/>
        <line num="109" count="3" type="stmt"/>
        <line num="117" count="21" type="stmt"/>
        <line num="119" count="1" type="stmt"/>
        <line num="120" count="1" type="cond" truecount="1" falsecount="1"/>
        <line num="122" count="1" type="cond" truecount="2" falsecount="0"/>
        <line num="123" count="1" type="stmt"/>
        <line num="125" count="1" type="stmt"/>
        <line num="127" count="1" type="cond" truecount="2" falsecount="0"/>
        <line num="128" count="1" type="cond" truecount="2" falsecount="0"/>
        <line num="130" count="0" type="stmt"/>
        <line num="132" count="1" type="stmt"/>
        <line num="134" count="1" type="stmt"/>
        <line num="135" count="1" type="cond" truecount="1" falsecount="1"/>
        <line num="136" count="1" type="cond" truecount="1" falsecount="1"/>
        <line num="138" count="1" type="stmt"/>
        <line num="139" count="1" type="cond" truecount="2" falsecount="0"/>
        <line num="140" count="1" type="cond" truecount="3" falsecount="1"/>
        <line num="141" count="1" type="stmt"/>
        <line num="143" count="0" type="stmt"/>
        <line num="146" count="1" type="stmt"/>
        <line num="154" count="21" type="stmt"/>
        <line num="156" count="1" type="cond" truecount="2" falsecount="0"/>
        <line num="158" count="1" type="stmt"/>
        <line num="159" count="1" type="cond" truecount="2" falsecount="0"/>
        <line num="160" count="1" type="cond" truecount="2" falsecount="0"/>
        <line num="163" count="1" type="stmt"/>
        <line num="171" count="21" type="stmt"/>
        <line num="172" count="0" type="stmt"/>
        <line num="173" count="0" type="stmt"/>
        <line num="179" count="21" type="stmt"/>
        <line num="180" count="21" type="stmt"/>
        <line num="181" count="4" type="stmt"/>
        <line num="185" count="21" type="stmt"/>
        <line num="187" count="21" type="stmt"/>
        <line num="189" count="4" type="stmt"/>
      </file>
      <file name="index.ts" path="/Users/felruizrojas/fel-school/pasteleria_mil_sabores/front-pasteleria/src/context/cart/index.ts">
        <metrics statements="0" coveredstatements="0" conditionals="0" coveredconditionals="0" methods="0" coveredmethods="0"/>
      </file>
    </package>
    <package name="context.theme">
      <metrics statements="27" coveredstatements="22" conditionals="16" coveredconditionals="8" methods="8" coveredmethods="5"/>
      <file name="ThemeContext.ts" path="/Users/felruizrojas/fel-school/pasteleria_mil_sabores/front-pasteleria/src/context/theme/ThemeContext.ts">
        <metrics statements="1" coveredstatements="1" conditionals="0" coveredconditionals="0" methods="0" coveredmethods="0"/>
        <line num="5" count="8" type="stmt"/>
      </file>
      <file name="ThemeProvider.tsx" path="/Users/felruizrojas/fel-school/pasteleria_mil_sabores/front-pasteleria/src/context/theme/ThemeProvider.tsx">
        <metrics statements="26" coveredstatements="21" conditionals="16" coveredconditionals="8" methods="8" coveredmethods="5"/>
        <line num="9" count="8" type="stmt"/>
        <line num="11" count="8" type="stmt"/>
        <line num="12" count="8" type="cond" truecount="1" falsecount="1"/>
        <line num="13" count="0" type="stmt"/>
        <line num="16" count="8" type="stmt"/>
        <line num="17" count="8" type="cond" truecount="3" falsecount="1"/>
        <line num="18" count="0" type="stmt"/>
        <line num="21" count="8" type="stmt"/>
        <line num="22" count="8" type="cond" truecount="1" falsecount="1"/>
        <line num="29" count="8" type="stmt"/>
        <line num="30" count="8" type="stmt"/>
        <line num="32" count="8" type="stmt"/>
        <line num="33" count="8" type="cond" truecount="1" falsecount="1"/>
        <line num="34" count="0" type="stmt"/>
        <line num="37" count="8" type="stmt"/>
        <line num="38" count="8" type="stmt"/>
        <line num="39" count="8" type="cond" truecount="1" falsecount="1"/>
        <line num="40" count="8" type="stmt"/>
        <line num="42" count="8" type="cond" truecount="1" falsecount="1"/>
        <line num="43" count="8" type="stmt"/>
        <line num="47" count="8" type="stmt"/>
        <line num="48" count="0" type="stmt"/>
        <line num="51" count="8" type="stmt"/>
        <line num="52" count="0" type="cond" truecount="0" falsecount="2"/>
        <line num="55" count="8" type="stmt"/>
        <line num="56" count="8" type="stmt"/>
      </file>
      <file name="index.ts" path="/Users/felruizrojas/fel-school/pasteleria_mil_sabores/front-pasteleria/src/context/theme/index.ts">
        <metrics statements="0" coveredstatements="0" conditionals="0" coveredconditionals="0" methods="0" coveredmethods="0"/>
      </file>
    </package>
    <package name="data">
      <metrics statements="0" coveredstatements="0" conditionals="0" coveredconditionals="0" methods="0" coveredmethods="0"/>
      <file name="menu_datos.json" path="/Users/felruizrojas/fel-school/pasteleria_mil_sabores/front-pasteleria/src/data/menu_datos.json">
        <metrics statements="0" coveredstatements="0" conditionals="0" coveredconditionals="0" methods="0" coveredmethods="0"/>
      </file>
      <file name="region_comuna.json" path="/Users/felruizrojas/fel-school/pasteleria_mil_sabores/front-pasteleria/src/data/region_comuna.json">
        <metrics statements="0" coveredstatements="0" conditionals="0" coveredconditionals="0" methods="0" coveredmethods="0"/>
      </file>
      <file name="usuarios.json" path="/Users/felruizrojas/fel-school/pasteleria_mil_sabores/front-pasteleria/src/data/usuarios.json">
        <metrics statements="0" coveredstatements="0" conditionals="0" coveredconditionals="0" methods="0" coveredmethods="0"/>
      </file>
    </package>
    <package name="hooks">
      <metrics statements="10" coveredstatements="8" conditionals="4" coveredconditionals="2" methods="2" coveredmethods="2"/>
      <file name="useAuth.ts" path="/Users/felruizrojas/fel-school/pasteleria_mil_sabores/front-pasteleria/src/hooks/useAuth.ts">
        <metrics statements="5" coveredstatements="4" conditionals="2" coveredconditionals="1" methods="1" coveredmethods="1"/>
        <line num="5" count="6" type="stmt"/>
        <line num="6" count="16" type="stmt"/>
        <line num="8" count="16" type="cond" truecount="1" falsecount="1"/>
        <line num="9" count="0" type="stmt"/>
        <line num="12" count="16" type="stmt"/>
      </file>
      <file name="useCart.ts" path="/Users/felruizrojas/fel-school/pasteleria_mil_sabores/front-pasteleria/src/hooks/useCart.ts">
        <metrics statements="5" coveredstatements="4" conditionals="2" coveredconditionals="1" methods="1" coveredmethods="1"/>
        <line num="4" count="6" type="stmt"/>
        <line num="5" count="23" type="stmt"/>
        <line num="7" count="23" type="cond" truecount="1" falsecount="1"/>
        <line num="8" count="0" type="stmt"/>
        <line num="11" count="23" type="stmt"/>
      </file>
    </package>
    <package name="hooks.menu">
      <metrics statements="54" coveredstatements="27" conditionals="22" coveredconditionals="8" methods="12" coveredmethods="7"/>
      <file name="useMenuFilters.ts" path="/Users/felruizrojas/fel-school/pasteleria_mil_sabores/front-pasteleria/src/hooks/menu/useMenuFilters.ts">
        <metrics statements="41" coveredstatements="24" conditionals="18" coveredconditionals="8" methods="10" coveredmethods="6"/>
        <line num="37" count="10" type="stmt"/>
        <line num="38" count="10" type="stmt"/>
        <line num="41" count="10" type="stmt"/>
        <line num="42" count="10" type="stmt"/>
        <line num="43" count="10" type="stmt"/>
        <line num="46" count="10" type="stmt"/>
        <line num="49" count="10" type="stmt"/>
        <line num="50" count="36" type="stmt"/>
        <line num="57" count="10" type="stmt"/>
        <line num="58" count="5" type="stmt"/>
        <line num="61" count="5" type="cond" truecount="2" falsecount="3"/>
        <line num="62" count="0" type="stmt"/>
        <line num="63" count="0" type="stmt"/>
        <line num="66" count="5" type="stmt"/>
        <line num="68" count="5" type="stmt"/>
        <line num="71" count="5" type="cond" truecount="2" falsecount="0"/>
        <line num="72" count="2" type="stmt"/>
        <line num="76" count="5" type="cond" truecount="1" falsecount="1"/>
        <line num="77" count="0" type="stmt"/>
        <line num="78" count="0" type="stmt"/>
        <line num="79" count="0" type="stmt"/>
        <line num="84" count="5" type="cond" truecount="1" falsecount="1"/>
        <line num="85" count="0" type="stmt"/>
        <line num="89" count="5" type="cond" truecount="1" falsecount="1"/>
        <line num="90" count="0" type="stmt"/>
        <line num="94" count="5" type="stmt"/>
        <line num="95" count="96" type="cond" truecount="1" falsecount="4"/>
        <line num="97" count="96" type="stmt"/>
        <line num="99" count="0" type="stmt"/>
        <line num="102" count="0" type="stmt"/>
        <line num="104" count="0" type="stmt"/>
        <line num="107" count="0" type="stmt"/>
        <line num="111" count="5" type="stmt"/>
        <line num="123" count="10" type="stmt"/>
        <line num="124" count="0" type="stmt"/>
        <line num="125" count="0" type="stmt"/>
        <line num="126" count="0" type="stmt"/>
        <line num="127" count="0" type="stmt"/>
        <line num="128" count="0" type="stmt"/>
        <line num="129" count="0" type="stmt"/>
        <line num="132" count="10" type="stmt"/>
      </file>
      <file name="useMenuShare.ts" path="/Users/felruizrojas/fel-school/pasteleria_mil_sabores/front-pasteleria/src/hooks/menu/useMenuShare.ts">
        <metrics statements="13" coveredstatements="3" conditionals="4" coveredconditionals="0" methods="2" coveredmethods="1"/>
        <line num="3" count="2" type="stmt"/>
        <line num="4" count="10" type="stmt"/>
        <line num="5" count="0" type="stmt"/>
        <line num="7" count="0" type="stmt"/>
        <line num="13" count="0" type="stmt"/>
        <line num="14" count="0" type="cond" truecount="0" falsecount="2"/>
        <line num="15" count="0" type="stmt"/>
        <line num="16" count="0" type="stmt"/>
        <line num="19" count="0" type="cond" truecount="0" falsecount="2"/>
        <line num="20" count="0" type="stmt"/>
        <line num="21" count="0" type="stmt"/>
        <line num="24" count="0" type="stmt"/>
        <line num="28" count="10" type="stmt"/>
      </file>
    </package>
    <package name="pages.admin.products">
      <metrics statements="2" coveredstatements="2" conditionals="10" coveredconditionals="5" methods="1" coveredmethods="1"/>
      <file name="ProductViewModal.tsx" path="/Users/felruizrojas/fel-school/pasteleria_mil_sabores/front-pasteleria/src/pages/admin/products/ProductViewModal.tsx">
        <metrics statements="2" coveredstatements="2" conditionals="10" coveredconditionals="5" methods="1" coveredmethods="1"/>
        <line num="10" count="1" type="stmt"/>
        <line num="11" count="1" type="cond" truecount="1" falsecount="1"/>
      </file>
    </package>
    <package name="pages.auth">
      <metrics statements="274" coveredstatements="171" conditionals="157" coveredconditionals="81" methods="45" coveredmethods="24"/>
      <file name="LoginPage.tsx" path="/Users/felruizrojas/fel-school/pasteleria_mil_sabores/front-pasteleria/src/pages/auth/LoginPage.tsx">
        <metrics statements="51" coveredstatements="39" conditionals="18" coveredconditionals="7" methods="6" coveredmethods="5"/>
        <line num="12" count="2" type="stmt"/>
        <line num="13" count="6" type="stmt"/>
        <line num="14" count="6" type="stmt"/>
        <line num="15" count="6" type="stmt"/>
        <line num="16" count="6" type="stmt"/>
        <line num="17" count="6" type="stmt"/>
        <line num="18" count="6" type="stmt"/>
        <line num="19" count="6" type="stmt"/>
        <line num="21" count="6" type="stmt"/>
        <line num="23" count="3" type="stmt"/>
        <line num="24" count="3" type="stmt"/>
        <line num="25" count="3" type="stmt"/>
        <line num="26" count="5" type="cond" truecount="1" falsecount="1"/>
        <line num="27" count="0" type="stmt"/>
        <line num="29" count="5" type="stmt"/>
        <line num="30" count="5" type="cond" truecount="1" falsecount="1"/>
        <line num="31" count="0" type="stmt"/>
        <line num="34" count="3" type="stmt"/>
        <line num="35" count="3" type="stmt"/>
        <line num="40" count="6" type="stmt"/>
        <line num="41" count="2" type="stmt"/>
        <line num="42" count="2" type="stmt"/>
        <line num="43" count="2" type="stmt"/>
        <line num="44" count="2" type="stmt"/>
        <line num="48" count="2" type="stmt"/>
        <line num="49" count="2" type="stmt"/>
        <line num="50" count="2" type="stmt"/>
        <line num="51" count="2" type="stmt"/>
        <line num="54" count="6" type="stmt"/>
        <line num="55" count="0" type="stmt"/>
        <line num="56" count="0" type="cond" truecount="0" falsecount="2"/>
        <line num="57" count="0" type="stmt"/>
        <line num="59" count="0" type="stmt"/>
        <line num="60" count="0" type="stmt"/>
        <line num="61" count="0" type="stmt"/>
        <line num="62" count="0" type="stmt"/>
        <line num="65" count="6" type="stmt"/>
        <line num="66" count="1" type="stmt"/>
        <line num="67" count="1" type="stmt"/>
        <line num="68" count="1" type="stmt"/>
        <line num="69" count="1" type="stmt"/>
        <line num="70" count="1" type="cond" truecount="1" falsecount="1"/>
        <line num="71" count="0" type="stmt"/>
        <line num="74" count="1" type="stmt"/>
        <line num="75" count="1" type="stmt"/>
        <line num="76" count="0" type="cond" truecount="0" falsecount="2"/>
        <line num="77" count="1" type="cond" truecount="0" falsecount="2"/>
        <line num="78" count="1" type="stmt"/>
        <line num="80" count="1" type="cond" truecount="1" falsecount="1"/>
        <line num="81" count="1" type="stmt"/>
        <line num="83" count="0" type="stmt"/>
      </file>
      <file name="RegisterUserPage.tsx" path="/Users/felruizrojas/fel-school/pasteleria_mil_sabores/front-pasteleria/src/pages/auth/RegisterUserPage.tsx">
        <metrics statements="151" coveredstatements="115" conditionals="103" coveredconditionals="62" methods="27" coveredmethods="17"/>
        <line num="20" count="1" type="stmt"/>
        <line num="22" count="1" type="stmt"/>
        <line num="23" count="102" type="stmt"/>
        <line num="24" count="102" type="stmt"/>
        <line num="25" count="102" type="stmt"/>
        <line num="26" count="102" type="stmt"/>
        <line num="27" count="102" type="stmt"/>
        <line num="28" count="102" type="stmt"/>
        <line num="44" count="102" type="stmt"/>
        <line num="45" count="102" type="stmt"/>
        <line num="46" count="102" type="stmt"/>
        <line num="47" count="102" type="stmt"/>
        <line num="48" count="102" type="stmt"/>
        <line num="50" count="102" type="stmt"/>
        <line num="51" count="1" type="stmt"/>
        <line num="52" count="0" type="cond" truecount="0" falsecount="2"/>
        <line num="53" count="0" type="stmt"/>
        <line num="56" count="0" type="stmt"/>
        <line num="57" count="0" type="stmt"/>
        <line num="58" count="0" type="stmt"/>
        <line num="61" count="1" type="stmt"/>
        <line num="63" count="1" type="stmt"/>
        <line num="64" count="1" type="stmt"/>
        <line num="65" count="1" type="stmt"/>
        <line num="68" count="102" type="stmt"/>
        <line num="69" count="1" type="stmt"/>
        <line num="70" count="1" type="stmt"/>
        <line num="73" count="102" type="stmt"/>
        <line num="79" count="100" type="cond" truecount="2" falsecount="0"/>
        <line num="80" count="100" type="stmt"/>
        <line num="81" count="100" type="stmt"/>
        <line num="82" count="639" type="cond" truecount="1" falsecount="1"/>
        <line num="83" count="0" type="stmt"/>
        <line num="85" count="639" type="stmt"/>
        <line num="86" count="639" type="cond" truecount="1" falsecount="1"/>
        <line num="87" count="0" type="stmt"/>
        <line num="90" count="100" type="stmt"/>
        <line num="91" count="100" type="stmt"/>
        <line num="96" count="102" type="stmt"/>
        <line num="97" count="3" type="cond" truecount="2" falsecount="0"/>
        <line num="101" count="102" type="stmt"/>
        <line num="102" count="78" type="stmt"/>
        <line num="103" count="78" type="stmt"/>
        <line num="104" count="78" type="stmt"/>
        <line num="105" count="78" type="cond" truecount="4" falsecount="0"/>
        <line num="106" count="25" type="stmt"/>
        <line num="107" count="53" type="cond" truecount="2" falsecount="0"/>
        <line num="108" count="9" type="stmt"/>
        <line num="110" count="78" type="stmt"/>
        <line num="111" count="78" type="stmt"/>
        <line num="112" count="78" type="stmt"/>
        <line num="113" count="78" type="cond" truecount="3" falsecount="1"/>
        <line num="114" count="0" type="stmt"/>
        <line num="116" count="78" type="stmt"/>
        <line num="117" count="78" type="stmt"/>
        <line num="118" count="78" type="stmt"/>
        <line num="119" count="78" type="stmt"/>
        <line num="122" count="102" type="stmt"/>
        <line num="123" count="1" type="stmt"/>
        <line num="124" count="1" type="stmt"/>
        <line num="125" count="1" type="stmt"/>
        <line num="126" count="1" type="stmt"/>
        <line num="127" count="1" type="stmt"/>
        <line num="128" count="1" type="stmt"/>
        <line num="129" count="1" type="stmt"/>
        <line num="130" count="1" type="stmt"/>
        <line num="133" count="102" type="stmt"/>
        <line num="134" count="8" type="stmt"/>
        <line num="135" count="8" type="cond" truecount="1" falsecount="1"/>
        <line num="136" count="8" type="stmt"/>
        <line num="137" count="8" type="stmt"/>
        <line num="138" count="8" type="stmt"/>
        <line num="139" count="8" type="cond" truecount="3" falsecount="1"/>
        <line num="140" count="0" type="stmt"/>
        <line num="142" count="8" type="cond" truecount="3" falsecount="1"/>
        <line num="143" count="0" type="stmt"/>
        <line num="145" count="8" type="stmt"/>
        <line num="146" count="8" type="stmt"/>
        <line num="147" count="8" type="stmt"/>
        <line num="148" count="8" type="stmt"/>
        <line num="151" count="102" type="stmt"/>
        <line num="152" count="1" type="stmt"/>
        <line num="153" count="1" type="cond" truecount="1" falsecount="1"/>
        <line num="154" count="1" type="stmt"/>
        <line num="155" count="1" type="stmt"/>
        <line num="156" count="1" type="stmt"/>
        <line num="157" count="1" type="cond" truecount="3" falsecount="1"/>
        <line num="158" count="0" type="stmt"/>
        <line num="160" count="1" type="cond" truecount="1" falsecount="1"/>
        <line num="161" count="0" type="stmt"/>
        <line num="163" count="1" type="cond" truecount="2" falsecount="2"/>
        <line num="164" count="1" type="stmt"/>
        <line num="166" count="1" type="stmt"/>
        <line num="167" count="1" type="stmt"/>
        <line num="168" count="1" type="stmt"/>
        <line num="169" count="1" type="stmt"/>
        <line num="172" count="102" type="stmt"/>
        <line num="173" count="2" type="stmt"/>
        <line num="178" count="2" type="stmt"/>
        <line num="179" count="2" type="stmt"/>
        <line num="182" count="102" type="stmt"/>
        <line num="183" count="8" type="stmt"/>
        <line num="184" count="8" type="cond" truecount="1" falsecount="1"/>
        <line num="185" count="0" type="stmt"/>
        <line num="187" count="8" type="stmt"/>
        <line num="188" count="8" type="stmt"/>
        <line num="189" count="8" type="stmt"/>
        <line num="190" count="8" type="stmt"/>
        <line num="193" count="102" type="stmt"/>
        <line num="194" count="1" type="stmt"/>
        <line num="195" count="1" type="stmt"/>
        <line num="196" count="1" type="stmt"/>
        <line num="201" count="1" type="stmt"/>
        <line num="202" count="1" type="stmt"/>
        <line num="203" count="1" type="stmt"/>
        <line num="204" count="1" type="stmt"/>
        <line num="207" count="102" type="stmt"/>
        <line num="208" count="1" type="stmt"/>
        <line num="209" count="1" type="stmt"/>
        <line num="210" count="1" type="stmt"/>
        <line num="214" count="1" type="stmt"/>
        <line num="215" count="1" type="stmt"/>
        <line num="216" count="1" type="stmt"/>
        <line num="217" count="1" type="stmt"/>
        <line num="220" count="102" type="stmt"/>
        <line num="221" count="0" type="stmt"/>
        <line num="222" count="0" type="stmt"/>
        <line num="223" count="0" type="stmt"/>
        <line num="224" count="0" type="stmt"/>
        <line num="225" count="0" type="stmt"/>
        <line num="227" count="0" type="stmt"/>
        <line num="228" count="0" type="stmt"/>
        <line num="229" count="0" type="cond" truecount="0" falsecount="2"/>
        <line num="230" count="0" type="stmt"/>
        <line num="231" count="0" type="stmt"/>
        <line num="234" count="0" type="stmt"/>
        <line num="235" count="0" type="stmt"/>
        <line num="236" count="0" type="stmt"/>
        <line num="237" count="0" type="stmt"/>
        <line num="242" count="0" type="stmt"/>
        <line num="243" count="0" type="stmt"/>
        <line num="246" count="102" type="stmt"/>
        <line num="248" count="0" type="stmt"/>
        <line num="249" count="0" type="stmt"/>
        <line num="345" count="1" type="stmt"/>
        <line num="364" count="1" type="stmt"/>
        <line num="517" count="0" type="stmt"/>
        <line num="548" count="0" type="stmt"/>
        <line num="568" count="0" type="stmt"/>
        <line num="572" count="0" type="stmt"/>
        <line num="573" count="0" type="stmt"/>
      </file>
      <file name="ResetPasswordPage.tsx" path="/Users/felruizrojas/fel-school/pasteleria_mil_sabores/front-pasteleria/src/pages/auth/ResetPasswordPage.tsx">
        <metrics statements="72" coveredstatements="17" conditionals="36" coveredconditionals="12" methods="12" coveredmethods="2"/>
        <line num="19" count="1" type="stmt"/>
        <line num="25" count="1" type="stmt"/>
        <line num="26" count="1" type="stmt"/>
        <line num="27" count="1" type="stmt"/>
        <line num="28" count="1" type="stmt"/>
        <line num="29" count="1" type="stmt"/>
        <line num="30" count="1" type="stmt"/>
        <line num="31" count="1" type="stmt"/>
        <line num="32" count="1" type="stmt"/>
        <line num="33" count="1" type="stmt"/>
        <line num="34" count="1" type="stmt"/>
        <line num="35" count="1" type="stmt"/>
        <line num="37" count="1" type="stmt"/>
        <line num="39" count="0" type="stmt"/>
        <line num="40" count="0" type="stmt"/>
        <line num="48" count="1" type="stmt"/>
        <line num="50" count="0" type="stmt"/>
        <line num="51" count="0" type="stmt"/>
        <line num="52" count="0" type="stmt"/>
        <line num="53" count="0" type="cond" truecount="0" falsecount="2"/>
        <line num="54" count="0" type="stmt"/>
        <line num="56" count="0" type="stmt"/>
        <line num="57" count="0" type="cond" truecount="0" falsecount="2"/>
        <line num="58" count="0" type="stmt"/>
        <line num="61" count="0" type="stmt"/>
        <line num="62" count="0" type="stmt"/>
        <line num="67" count="1" type="stmt"/>
        <line num="68" count="0" type="stmt"/>
        <line num="69" count="0" type="stmt"/>
        <line num="70" count="0" type="stmt"/>
        <line num="71" count="0" type="stmt"/>
        <line num="75" count="0" type="stmt"/>
        <line num="76" count="0" type="stmt"/>
        <line num="77" count="0" type="stmt"/>
        <line num="78" count="0" type="stmt"/>
        <line num="81" count="1" type="stmt"/>
        <line num="82" count="0" type="stmt"/>
        <line num="83" count="0" type="cond" truecount="0" falsecount="2"/>
        <line num="84" count="0" type="stmt"/>
        <line num="86" count="0" type="stmt"/>
        <line num="87" count="0" type="stmt"/>
        <line num="88" count="0" type="stmt"/>
        <line num="89" count="0" type="stmt"/>
        <line num="92" count="1" type="stmt"/>
        <line num="93" count="0" type="stmt"/>
        <line num="94" count="0" type="stmt"/>
        <line num="99" count="0" type="stmt"/>
        <line num="100" count="0" type="stmt"/>
        <line num="101" count="0" type="cond" truecount="0" falsecount="2"/>
        <line num="102" count="0" type="stmt"/>
        <line num="103" count="0" type="stmt"/>
        <line num="106" count="0" type="stmt"/>
        <line num="107" count="0" type="stmt"/>
        <line num="108" count="0" type="cond" truecount="0" falsecount="2"/>
        <line num="109" count="0" type="stmt"/>
        <line num="110" count="0" type="stmt"/>
        <line num="113" count="0" type="stmt"/>
        <line num="114" count="0" type="stmt"/>
        <line num="115" count="0" type="stmt"/>
        <line num="120" count="0" type="stmt"/>
        <line num="122" count="0" type="stmt"/>
        <line num="123" count="0" type="cond" truecount="0" falsecount="2"/>
        <line num="124" count="0" type="stmt"/>
        <line num="127" count="0" type="stmt"/>
        <line num="128" count="0" type="stmt"/>
        <line num="129" count="0" type="stmt"/>
        <line num="130" count="0" type="stmt"/>
        <line num="131" count="0" type="stmt"/>
        <line num="132" count="0" type="stmt"/>
        <line num="137" count="0" type="stmt"/>
        <line num="187" count="0" type="stmt"/>
        <line num="218" count="0" type="stmt"/>
      </file>
    </package>
    <package name="pages.blog">
      <metrics statements="4" coveredstatements="4" conditionals="0" coveredconditionals="0" methods="2" coveredmethods="1"/>
      <file name="BlogPage.tsx" path="/Users/felruizrojas/fel-school/pasteleria_mil_sabores/front-pasteleria/src/pages/blog/BlogPage.tsx">
        <metrics statements="4" coveredstatements="4" conditionals="0" coveredconditionals="0" methods="2" coveredmethods="1"/>
        <line num="7" count="1" type="stmt"/>
        <line num="8" count="1" type="stmt"/>
        <line num="9" count="1" type="stmt"/>
        <line num="11" count="1" type="stmt"/>
      </file>
    </package>
    <package name="pages.cart">
      <metrics statements="6" coveredstatements="3" conditionals="8" coveredconditionals="1" methods="4" coveredmethods="1"/>
      <file name="CartPage.tsx" path="/Users/felruizrojas/fel-school/pasteleria_mil_sabores/front-pasteleria/src/pages/cart/CartPage.tsx">
        <metrics statements="6" coveredstatements="3" conditionals="8" coveredconditionals="1" methods="4" coveredmethods="1"/>
        <line num="5" count="1" type="stmt"/>
        <line num="6" count="2" type="stmt"/>
        <line num="8" count="2" type="cond" truecount="1" falsecount="1"/>
        <line num="34" count="0" type="stmt"/>
        <line num="81" count="0" type="stmt"/>
        <line num="93" count="0" type="cond" truecount="0" falsecount="2"/>
      </file>
    </package>
    <package name="pages.contact">
      <metrics statements="25" coveredstatements="21" conditionals="14" coveredconditionals="10" methods="6" coveredmethods="6"/>
      <file name="ContactPage.tsx" path="/Users/felruizrojas/fel-school/pasteleria_mil_sabores/front-pasteleria/src/pages/contact/ContactPage.tsx">
        <metrics statements="25" coveredstatements="21" conditionals="14" coveredconditionals="10" methods="6" coveredmethods="6"/>
        <line num="14" count="1" type="stmt"/>
        <line num="15" count="1" type="cond" truecount="3" falsecount="1"/>
        <line num="16" count="1" type="stmt"/>
        <line num="19" count="0" type="stmt"/>
        <line num="22" count="1" type="stmt"/>
        <line num="23" count="83" type="stmt"/>
        <line num="24" count="83" type="stmt"/>
        <line num="25" count="83" type="stmt"/>
        <line num="27" count="83" type="stmt"/>
        <line num="28" count="81" type="stmt"/>
        <line num="29" count="81" type="cond" truecount="2" falsecount="0"/>
        <line num="30" count="81" type="stmt"/>
        <line num="31" count="81" type="stmt"/>
        <line num="32" count="81" type="stmt"/>
        <line num="35" count="83" type="stmt"/>
        <line num="36" count="1" type="stmt"/>
        <line num="37" count="1" type="stmt"/>
        <line num="38" count="1" type="cond" truecount="1" falsecount="1"/>
        <line num="39" count="0" type="stmt"/>
        <line num="40" count="0" type="stmt"/>
        <line num="41" count="0" type="stmt"/>
        <line num="44" count="1" type="stmt"/>
        <line num="53" count="1" type="stmt"/>
        <line num="54" count="1" type="stmt"/>
        <line num="55" count="1" type="stmt"/>
      </file>
    </package>
    <package name="pages.home">
      <metrics statements="34" coveredstatements="34" conditionals="18" coveredconditionals="15" methods="9" coveredmethods="8"/>
      <file name="HomePage.tsx" path="/Users/felruizrojas/fel-school/pasteleria_mil_sabores/front-pasteleria/src/pages/home/HomePage.tsx">
        <metrics statements="2" coveredstatements="2" conditionals="8" coveredconditionals="7" methods="1" coveredmethods="1"/>
        <line num="5" count="1" type="stmt"/>
        <line num="6" count="2" type="stmt"/>
      </file>
      <file name="useHomePage.ts" path="/Users/felruizrojas/fel-school/pasteleria_mil_sabores/front-pasteleria/src/pages/home/useHomePage.ts">
        <metrics statements="32" coveredstatements="32" conditionals="10" coveredconditionals="8" methods="8" coveredmethods="7"/>
        <line num="21" count="1" type="stmt"/>
        <line num="23" count="1" type="stmt"/>
        <line num="32" count="1" type="stmt"/>
        <line num="73" count="1" type="stmt"/>
        <line num="76" count="2" type="stmt"/>
        <line num="81" count="2" type="stmt"/>
        <line num="82" count="1" type="stmt"/>
        <line num="83" count="1" type="stmt"/>
        <line num="86" count="2" type="stmt"/>
        <line num="87" count="1" type="stmt"/>
        <line num="89" count="1" type="cond" truecount="1" falsecount="1"/>
        <line num="91" count="1" type="stmt"/>
        <line num="92" count="1" type="stmt"/>
        <line num="94" count="1" type="stmt"/>
        <line num="95" count="1" type="stmt"/>
        <line num="101" count="2" type="stmt"/>
        <line num="103" count="1" type="stmt"/>
        <line num="104" count="1" type="cond" truecount="1" falsecount="1"/>
        <line num="108" count="1" type="cond" truecount="2" falsecount="0"/>
        <line num="115" count="1" type="stmt"/>
        <line num="117" count="1" type="stmt"/>
        <line num="118" count="1" type="stmt"/>
        <line num="125" count="2" type="stmt"/>
        <line num="126" count="2" type="cond" truecount="2" falsecount="0"/>
        <line num="131" count="1" type="stmt"/>
        <line num="133" count="1" type="stmt"/>
        <line num="134" count="16" type="stmt"/>
        <line num="136" count="16" type="cond" truecount="2" falsecount="0"/>
        <line num="137" count="8" type="stmt"/>
        <line num="144" count="8" type="stmt"/>
        <line num="148" count="1" type="stmt"/>
        <line num="151" count="2" type="stmt"/>
      </file>
    </package>
    <package name="pages.menu">
      <metrics statements="59" coveredstatements="40" conditionals="28" coveredconditionals="8" methods="27" coveredmethods="15"/>
      <file name="MenuPage.tsx" path="/Users/felruizrojas/fel-school/pasteleria_mil_sabores/front-pasteleria/src/pages/menu/MenuPage.tsx">
        <metrics statements="59" coveredstatements="40" conditionals="28" coveredconditionals="8" methods="27" coveredmethods="15"/>
        <line num="18" count="2" type="stmt"/>
        <line num="19" count="74" type="stmt"/>
        <line num="29" count="2" type="stmt"/>
        <line num="30" count="4" type="stmt"/>
        <line num="31" count="36" type="stmt"/>
        <line num="32" count="150" type="stmt"/>
        <line num="35" count="36" type="stmt"/>
        <line num="53" count="2" type="stmt"/>
        <line num="54" count="10" type="stmt"/>
        <line num="55" count="2" type="stmt"/>
        <line num="58" count="10" type="stmt"/>
        <line num="59" count="2" type="stmt"/>
        <line num="60" count="2" type="stmt"/>
        <line num="63" count="10" type="stmt"/>
        <line num="64" count="2" type="stmt"/>
        <line num="66" count="2" type="cond" truecount="1" falsecount="1"/>
        <line num="68" count="2" type="stmt"/>
        <line num="69" count="2" type="stmt"/>
        <line num="71" count="2" type="stmt"/>
        <line num="72" count="2" type="stmt"/>
        <line num="76" count="10" type="stmt"/>
        <line num="77" count="2" type="stmt"/>
        <line num="96" count="10" type="stmt"/>
        <line num="98" count="10" type="stmt"/>
        <line num="99" count="10" type="stmt"/>
        <line num="101" count="10" type="stmt"/>
        <line num="104" count="10" type="stmt"/>
        <line num="106" count="10" type="stmt"/>
        <line num="107" count="0" type="stmt"/>
        <line num="109" count="0" type="cond" truecount="0" falsecount="2"/>
        <line num="111" count="0" type="stmt"/>
        <line num="112" count="0" type="stmt"/>
        <line num="116" count="10" type="stmt"/>
        <line num="117" count="74" type="stmt"/>
        <line num="119" count="10" type="stmt"/>
        <line num="120" count="0" type="stmt"/>
        <line num="121" count="0" type="stmt"/>
        <line num="122" count="0" type="cond" truecount="0" falsecount="4"/>
        <line num="123" count="0" type="stmt"/>
        <line num="127" count="0" type="stmt"/>
        <line num="129" count="0" type="cond" truecount="0" falsecount="2"/>
        <line num="131" count="0" type="stmt"/>
        <line num="132" count="0" type="stmt"/>
        <line num="134" count="0" type="cond" truecount="0" falsecount="2"/>
        <line num="135" count="0" type="stmt"/>
        <line num="139" count="0" type="stmt"/>
        <line num="142" count="0" type="stmt"/>
        <line num="150" count="0" type="stmt"/>
        <line num="156" count="10" type="stmt"/>
        <line num="157" count="2" type="stmt"/>
        <line num="158" count="2" type="cond" truecount="0" falsecount="2"/>
        <line num="163" count="10" type="stmt"/>
        <line num="221" count="74" type="stmt"/>
        <line num="222" count="558" type="stmt"/>
        <line num="223" count="74" type="cond" truecount="2" falsecount="2"/>
        <line num="224" count="74" type="stmt"/>
        <line num="225" count="74" type="stmt"/>
        <line num="262" count="0" type="stmt"/>
        <line num="282" count="0" type="stmt"/>
      </file>
    </package>
    <package name="service">
      <metrics statements="186" coveredstatements="55" conditionals="98" coveredconditionals="11" methods="58" coveredmethods="10"/>
      <file name="menuService.ts" path="/Users/felruizrojas/fel-school/pasteleria_mil_sabores/front-pasteleria/src/service/menuService.ts">
        <metrics statements="91" coveredstatements="40" conditionals="51" coveredconditionals="11" methods="29" coveredmethods="10"/>
        <line num="49" count="5" type="stmt"/>
        <line num="56" count="5" type="stmt"/>
        <line num="58" count="5" type="stmt"/>
        <line num="59" count="3" type="cond" truecount="1" falsecount="1"/>
        <line num="60" count="3" type="stmt"/>
        <line num="64" count="5" type="stmt"/>
        <line num="67" count="0" type="stmt"/>
        <line num="69" count="0" type="stmt"/>
        <line num="70" count="0" type="stmt"/>
        <line num="71" count="0" type="cond" truecount="0" falsecount="2"/>
        <line num="73" count="0" type="cond" truecount="0" falsecount="2"/>
        <line num="74" count="0" type="cond" truecount="0" falsecount="2"/>
        <line num="76" count="0" type="cond" truecount="0" falsecount="2"/>
        <line num="77" count="0" type="stmt"/>
        <line num="80" count="0" type="stmt"/>
        <line num="82" count="5" type="stmt"/>
        <line num="86" count="48" type="cond" truecount="1" falsecount="1"/>
        <line num="87" count="48" type="cond" truecount="2" falsecount="0"/>
        <line num="89" count="48" type="stmt"/>
        <line num="90" count="48" type="stmt"/>
        <line num="92" count="48" type="stmt"/>
        <line num="98" count="5" type="stmt"/>
        <line num="99" count="3" type="stmt"/>
        <line num="101" count="3" type="stmt"/>
        <line num="102" count="24" type="stmt"/>
        <line num="103" count="48" type="stmt"/>
        <line num="104" count="48" type="stmt"/>
        <line num="105" count="48" type="stmt"/>
        <line num="107" count="48" type="stmt"/>
        <line num="122" count="3" type="stmt"/>
        <line num="128" count="5" type="stmt"/>
        <line num="130" count="5" type="stmt"/>
        <line num="131" count="1088" type="stmt"/>
        <line num="139" count="5" type="stmt"/>
        <line num="140" count="3" type="stmt"/>
        <line num="144" count="3" type="stmt"/>
        <line num="147" count="5" type="stmt"/>
        <line num="148" count="68" type="stmt"/>
        <line num="149" count="68" type="cond" truecount="2" falsecount="0"/>
        <line num="151" count="65" type="stmt"/>
        <line num="152" count="65" type="stmt"/>
        <line num="153" count="65" type="stmt"/>
        <line num="155" count="0" type="stmt"/>
        <line num="156" count="0" type="stmt"/>
        <line num="163" count="5" type="stmt"/>
        <line num="165" count="0" type="stmt"/>
        <line num="169" count="68" type="stmt"/>
        <line num="170" count="68" type="cond" truecount="2" falsecount="0"/>
        <line num="172" count="3" type="stmt"/>
        <line num="173" count="3" type="stmt"/>
        <line num="174" count="3" type="stmt"/>
        <line num="178" count="48" type="stmt"/>
        <line num="182" count="0" type="stmt"/>
        <line num="183" count="0" type="stmt"/>
        <line num="187" count="0" type="stmt"/>
        <line num="191" count="0" type="stmt"/>
        <line num="192" count="0" type="cond" truecount="0" falsecount="2"/>
        <line num="193" count="0" type="stmt"/>
        <line num="195" count="0" type="stmt"/>
        <line num="201" count="0" type="stmt"/>
        <line num="202" count="0" type="stmt"/>
        <line num="206" count="0" type="stmt"/>
        <line num="207" count="0" type="stmt"/>
        <line num="208" count="0" type="cond" truecount="0" falsecount="2"/>
        <line num="210" count="0" type="stmt"/>
        <line num="215" count="0" type="stmt"/>
        <line num="219" count="0" type="stmt"/>
        <line num="220" count="0" type="stmt"/>
        <line num="221" count="0" type="cond" truecount="0" falsecount="2"/>
        <line num="223" count="0" type="stmt"/>
        <line num="228" count="0" type="stmt"/>
        <line num="232" count="0" type="stmt"/>
        <line num="236" count="0" type="stmt"/>
        <line num="241" count="0" type="stmt"/>
        <line num="245" count="0" type="stmt"/>
        <line num="246" count="0" type="stmt"/>
        <line num="250" count="0" type="cond" truecount="0" falsecount="4"/>
        <line num="251" count="0" type="stmt"/>
        <line num="254" count="0" type="stmt"/>
        <line num="255" count="0" type="cond" truecount="0" falsecount="2"/>
        <line num="257" count="0" type="stmt"/>
        <line num="258" count="0" type="stmt"/>
        <line num="260" count="0" type="stmt"/>
        <line num="261" count="0" type="stmt"/>
        <line num="262" count="0" type="cond" truecount="0" falsecount="2"/>
        <line num="264" count="0" type="stmt"/>
        <line num="265" count="0" type="cond" truecount="0" falsecount="2"/>
        <line num="267" count="0" type="stmt"/>
        <line num="268" count="0" type="stmt"/>
        <line num="274" count="0" type="cond" truecount="0" falsecount="2"/>
        <line num="275" count="0" type="stmt"/>
      </file>
      <file name="userService.ts" path="/Users/felruizrojas/fel-school/pasteleria_mil_sabores/front-pasteleria/src/service/userService.ts">
        <metrics statements="95" coveredstatements="15" conditionals="47" coveredconditionals="0" methods="29" coveredmethods="0"/>
        <line num="32" count="8" type="stmt"/>
        <line num="33" count="8" type="stmt"/>
        <line num="34" count="8" type="stmt"/>
        <line num="36" count="8" type="stmt"/>
        <line num="38" count="8" type="stmt"/>
        <line num="40" count="8" type="stmt"/>
        <line num="41" count="0" type="cond" truecount="0" falsecount="2"/>
        <line num="42" count="0" type="stmt"/>
        <line num="45" count="8" type="stmt"/>
        <line num="46" count="0" type="cond" truecount="0" falsecount="2"/>
        <line num="47" count="0" type="stmt"/>
        <line num="50" count="0" type="stmt"/>
        <line num="52" count="8" type="stmt"/>
        <line num="57" count="8" type="stmt"/>
        <line num="58" count="0" type="cond" truecount="0" falsecount="2"/>
        <line num="59" count="0" type="stmt"/>
        <line num="62" count="0" type="stmt"/>
        <line num="68" count="8" type="stmt"/>
        <line num="69" count="0" type="stmt"/>
        <line num="70" count="0" type="cond" truecount="0" falsecount="2"/>
        <line num="71" count="0" type="stmt"/>
        <line num="74" count="8" type="stmt"/>
        <line num="75" count="0" type="cond" truecount="0" falsecount="2"/>
        <line num="76" count="0" type="stmt"/>
        <line num="79" count="0" type="stmt"/>
        <line num="82" count="8" type="stmt"/>
        <line num="83" count="0" type="cond" truecount="0" falsecount="2"/>
        <line num="85" count="0" type="stmt"/>
        <line num="86" count="0" type="stmt"/>
        <line num="87" count="0" type="stmt"/>
        <line num="89" count="0" type="stmt"/>
        <line num="90" count="0" type="stmt"/>
        <line num="91" count="0" type="stmt"/>
        <line num="113" count="0" type="cond" truecount="0" falsecount="2"/>
        <line num="114" count="0" type="stmt"/>
        <line num="116" count="0" type="stmt"/>
        <line num="119" count="0" type="stmt"/>
        <line num="121" count="0" type="stmt"/>
        <line num="122" count="0" type="cond" truecount="0" falsecount="2"/>
        <line num="123" count="0" type="cond" truecount="0" falsecount="2"/>
        <line num="124" count="0" type="stmt"/>
        <line num="126" count="0" type="cond" truecount="0" falsecount="2"/>
        <line num="127" count="0" type="stmt"/>
        <line num="132" count="8" type="stmt"/>
        <line num="133" count="0" type="stmt"/>
        <line num="134" count="0" type="stmt"/>
        <line num="135" count="0" type="stmt"/>
        <line num="138" count="8" type="stmt"/>
        <line num="139" count="0" type="cond" truecount="0" falsecount="2"/>
        <line num="140" count="0" type="stmt"/>
        <line num="142" count="0" type="cond" truecount="0" falsecount="2"/>
        <line num="143" count="0" type="stmt"/>
        <line num="145" count="0" type="stmt"/>
        <line num="146" count="0" type="stmt"/>
        <line num="153" count="0" type="stmt"/>
        <line num="154" count="0" type="stmt"/>
        <line num="158" count="0" type="stmt"/>
        <line num="161" count="8" type="stmt"/>
        <line num="163" count="0" type="stmt"/>
        <line num="167" count="0" type="stmt"/>
        <line num="171" count="0" type="stmt"/>
        <line num="175" count="0" type="stmt"/>
        <line num="176" count="0" type="stmt"/>
        <line num="177" count="0" type="cond" truecount="0" falsecount="2"/>
        <line num="181" count="0" type="stmt"/>
        <line num="182" count="0" type="cond" truecount="0" falsecount="2"/>
        <line num="183" count="0" type="stmt"/>
        <line num="186" count="0" type="stmt"/>
        <line num="187" count="0" type="stmt"/>
        <line num="188" count="0" type="stmt"/>
        <line num="189" count="0" type="stmt"/>
        <line num="190" count="0" type="stmt"/>
        <line num="194" count="0" type="stmt"/>
        <line num="195" count="0" type="stmt"/>
        <line num="196" count="0" type="cond" truecount="0" falsecount="2"/>
        <line num="197" count="0" type="stmt"/>
        <line num="200" count="0" type="stmt"/>
        <line num="207" count="0" type="stmt"/>
        <line num="208" count="0" type="stmt"/>
        <line num="209" count="0" type="stmt"/>
        <line num="210" count="0" type="stmt"/>
        <line num="214" count="0" type="stmt"/>
        <line num="215" count="0" type="stmt"/>
        <line num="216" count="0" type="cond" truecount="0" falsecount="2"/>
        <line num="217" count="0" type="stmt"/>
        <line num="220" count="0" type="cond" truecount="0" falsecount="4"/>
        <line num="221" count="0" type="stmt"/>
        <line num="224" count="0" type="stmt"/>
        <line num="229" count="0" type="stmt"/>
        <line num="230" count="0" type="stmt"/>
        <line num="231" count="0" type="stmt"/>
        <line num="232" count="0" type="stmt"/>
        <line num="236" count="0" type="stmt"/>
        <line num="240" count="0" type="stmt"/>
        <line num="245" count="0" type="stmt"/>
      </file>
    </package>
    <package name="utils">
      <metrics statements="63" coveredstatements="38" conditionals="45" coveredconditionals="16" methods="11" coveredmethods="6"/>
      <file name="cx.ts" path="/Users/felruizrojas/fel-school/pasteleria_mil_sabores/front-pasteleria/src/utils/cx.ts">
        <metrics statements="12" coveredstatements="9" conditionals="6" coveredconditionals="3" methods="3" coveredmethods="2"/>
        <line num="3" count="13" type="stmt"/>
        <line num="4" count="1814" type="stmt"/>
        <line num="6" count="1814" type="stmt"/>
        <line num="7" count="5617" type="cond" truecount="2" falsecount="0"/>
        <line num="8" count="2926" type="stmt"/>
        <line num="11" count="2691" type="cond" truecount="1" falsecount="1"/>
        <line num="12" count="2691" type="stmt"/>
        <line num="13" count="2691" type="stmt"/>
        <line num="16" count="0" type="stmt"/>
        <line num="17" count="0" type="cond" truecount="0" falsecount="2"/>
        <line num="18" count="0" type="stmt"/>
        <line num="23" count="1814" type="stmt"/>
      </file>
      <file name="offcanvas.ts" path="/Users/felruizrojas/fel-school/pasteleria_mil_sabores/front-pasteleria/src/utils/offcanvas.ts">
        <metrics statements="51" coveredstatements="29" conditionals="39" coveredconditionals="13" methods="8" coveredmethods="4"/>
        <line num="13" count="1" type="stmt"/>
        <line num="14" count="1" type="cond" truecount="1" falsecount="1"/>
        <line num="15" count="0" type="stmt"/>
        <line num="18" count="1" type="cond" truecount="2" falsecount="0"/>
        <line num="21" count="1" type="stmt"/>
        <line num="22" count="1" type="stmt"/>
        <line num="23" count="1" type="cond" truecount="3" falsecount="1"/>
        <line num="24" count="1" type="stmt"/>
        <line num="27" count="0" type="stmt"/>
        <line num="34" count="1" type="stmt"/>
        <line num="35" count="0" type="cond" truecount="0" falsecount="2"/>
        <line num="36" count="0" type="stmt"/>
        <line num="37" count="0" type="stmt"/>
        <line num="40" count="1" type="stmt"/>
        <line num="41" count="1" type="cond" truecount="1" falsecount="1"/>
        <line num="42" count="1" type="stmt"/>
        <line num="43" count="1" type="cond" truecount="1" falsecount="1"/>
        <line num="44" count="0" type="stmt"/>
        <line num="45" count="1" type="cond" truecount="1" falsecount="1"/>
        <line num="46" count="1" type="stmt"/>
        <line num="47" count="1" type="stmt"/>
        <line num="48" count="1" type="cond" truecount="1" falsecount="1"/>
        <line num="49" count="1" type="stmt"/>
        <line num="53" count="1" type="cond" truecount="1" falsecount="1"/>
        <line num="54" count="1" type="stmt"/>
        <line num="55" count="1" type="cond" truecount="1" falsecount="1"/>
        <line num="56" count="1" type="stmt"/>
        <line num="57" count="1" type="stmt"/>
        <line num="62" count="1" type="cond" truecount="1" falsecount="1"/>
        <line num="63" count="1" type="stmt"/>
        <line num="64" count="1" type="stmt"/>
        <line num="65" count="1" type="stmt"/>
        <line num="66" count="1" type="stmt"/>
        <line num="70" count="1" type="stmt"/>
        <line num="72" count="0" type="cond" truecount="0" falsecount="2"/>
        <line num="73" count="0" type="stmt"/>
        <line num="74" count="0" type="cond" truecount="0" falsecount="4"/>
        <line num="76" count="0" type="stmt"/>
        <line num="77" count="0" type="stmt"/>
        <line num="81" count="0" type="cond" truecount="0" falsecount="2"/>
        <line num="82" count="0" type="stmt"/>
        <line num="83" count="0" type="cond" truecount="0" falsecount="2"/>
        <line num="84" count="0" type="stmt"/>
        <line num="85" count="0" type="stmt"/>
        <line num="90" count="0" type="stmt"/>
        <line num="91" count="0" type="stmt"/>
        <line num="92" count="0" type="stmt"/>
        <line num="93" count="0" type="stmt"/>
        <line num="97" count="1" type="stmt"/>
        <line num="98" count="0" type="cond" truecount="0" falsecount="2"/>
        <line num="99" count="0" type="stmt"/>
      </file>
    </package>
    <package name="utils.blog">
      <metrics statements="17" coveredstatements="3" conditionals="18" coveredconditionals="0" methods="1" coveredmethods="0"/>
      <file name="constants.ts" path="/Users/felruizrojas/fel-school/pasteleria_mil_sabores/front-pasteleria/src/utils/blog/constants.ts">
        <metrics statements="17" coveredstatements="3" conditionals="18" coveredconditionals="0" methods="1" coveredmethods="0"/>
        <line num="1" count="14" type="stmt"/>
        <line num="3" count="14" type="stmt"/>
        <line num="11" count="14" type="stmt"/>
        <line num="12" count="0" type="cond" truecount="0" falsecount="2"/>
        <line num="13" count="0" type="cond" truecount="0" falsecount="2"/>
        <line num="14" count="0" type="stmt"/>
        <line num="17" count="0" type="cond" truecount="0" falsecount="2"/>
        <line num="18" count="0" type="stmt"/>
        <line num="21" count="0" type="cond" truecount="0" falsecount="2"/>
        <line num="22" count="0" type="stmt"/>
        <line num="25" count="0" type="cond" truecount="0" falsecount="4"/>
        <line num="26" count="0" type="stmt"/>
        <line num="29" count="0" type="cond" truecount="0" falsecount="2"/>
        <line num="30" count="0" type="stmt"/>
        <line num="33" count="0" type="cond" truecount="0" falsecount="4"/>
        <line num="34" count="0" type="stmt"/>
        <line num="37" count="0" type="stmt"/>
      </file>
    </package>
    <package name="utils.discounts">
      <metrics statements="42" coveredstatements="7" conditionals="28" coveredconditionals="1" methods="7" coveredmethods="1"/>
      <file name="userDiscounts.ts" path="/Users/felruizrojas/fel-school/pasteleria_mil_sabores/front-pasteleria/src/utils/discounts/userDiscounts.ts">
        <metrics statements="42" coveredstatements="7" conditionals="28" coveredconditionals="1" methods="7" coveredmethods="1"/>
        <line num="5" count="8" type="stmt"/>
        <line num="6" count="0" type="cond" truecount="0" falsecount="2"/>
        <line num="8" count="0" type="stmt"/>
        <line num="9" count="0" type="stmt"/>
        <line num="11" count="0" type="stmt"/>
        <line num="18" count="8" type="stmt"/>
        <line num="19" count="0" type="cond" truecount="0" falsecount="2"/>
        <line num="21" count="0" type="stmt"/>
        <line num="22" count="0" type="stmt"/>
        <line num="24" count="0" type="stmt"/>
        <line num="25" count="0" type="stmt"/>
        <line num="27" count="0" type="cond" truecount="0" falsecount="5"/>
        <line num="28" count="0" type="stmt"/>
        <line num="31" count="0" type="stmt"/>
        <line num="35" count="8" type="stmt"/>
        <line num="36" count="0" type="stmt"/>
        <line num="43" count="8" type="stmt"/>
        <line num="44" count="0" type="cond" truecount="0" falsecount="3"/>
        <line num="48" count="8" type="stmt"/>
        <line num="53" count="21" type="cond" truecount="1" falsecount="1"/>
        <line num="54" count="21" type="stmt"/>
        <line num="61" count="0" type="stmt"/>
        <line num="62" count="0" type="stmt"/>
        <line num="64" count="0" type="stmt"/>
        <line num="65" count="0" type="stmt"/>
        <line num="66" count="0" type="stmt"/>
        <line num="71" count="0" type="cond" truecount="0" falsecount="2"/>
        <line num="72" count="0" type="stmt"/>
        <line num="73" count="0" type="stmt"/>
        <line num="74" count="0" type="stmt"/>
        <line num="80" count="0" type="cond" truecount="0" falsecount="2"/>
        <line num="81" count="0" type="stmt"/>
        <line num="82" count="0" type="stmt"/>
        <line num="83" count="0" type="stmt"/>
        <line num="89" count="0" type="cond" truecount="0" falsecount="4"/>
        <line num="90" count="0" type="stmt"/>
        <line num="92" count="0" type="cond" truecount="0" falsecount="2"/>
        <line num="93" count="0" type="stmt"/>
        <line num="94" count="0" type="stmt"/>
        <line num="95" count="0" type="stmt"/>
        <line num="102" count="0" type="stmt"/>
        <line num="104" count="0" type="stmt"/>
      </file>
    </package>
    <package name="utils.format">
      <metrics statements="4" coveredstatements="1" conditionals="2" coveredconditionals="0" methods="1" coveredmethods="0"/>
      <file name="priceFormatter.ts" path="/Users/felruizrojas/fel-school/pasteleria_mil_sabores/front-pasteleria/src/utils/format/priceFormatter.ts">
        <metrics statements="4" coveredstatements="1" conditionals="2" coveredconditionals="0" methods="1" coveredmethods="0"/>
        <line num="6" count="1" type="stmt"/>
        <line num="7" count="0" type="stmt"/>
        <line num="8" count="0" type="cond" truecount="0" falsecount="2"/>
        <line num="10" count="0" type="stmt"/>
      </file>
    </package>
    <package name="utils.security">
      <metrics statements="15" coveredstatements="10" conditionals="8" coveredconditionals="4" methods="3" coveredmethods="2"/>
      <file name="password.ts" path="/Users/felruizrojas/fel-school/pasteleria_mil_sabores/front-pasteleria/src/utils/security/password.ts">
        <metrics statements="15" coveredstatements="10" conditionals="8" coveredconditionals="4" methods="3" coveredmethods="2"/>
        <line num="4" count="15" type="stmt"/>
        <line num="6" count="15" type="stmt"/>
        <line num="7" count="2" type="stmt"/>
        <line num="8" count="2" type="cond" truecount="1" falsecount="1"/>
        <line num="9" count="0" type="stmt"/>
        <line num="11" count="2" type="stmt"/>
        <line num="14" count="15" type="stmt"/>
        <line num="15" count="3" type="stmt"/>
        <line num="16" count="3" type="cond" truecount="1" falsecount="1"/>
        <line num="17" count="0" type="stmt"/>
        <line num="19" count="3" type="cond" truecount="2" falsecount="0"/>
        <line num="22" count="15" type="stmt"/>
        <line num="23" count="0" type="cond" truecount="0" falsecount="2"/>
        <line num="24" count="0" type="stmt"/>
        <line num="26" count="0" type="stmt"/>
      </file>
    </package>
    <package name="utils.storage">
      <metrics statements="152" coveredstatements="65" conditionals="90" coveredconditionals="10" methods="40" coveredmethods="15"/>
      <file name="avatarUrl.ts" path="/Users/felruizrojas/fel-school/pasteleria_mil_sabores/front-pasteleria/src/utils/storage/avatarUrl.ts">
        <metrics statements="9" coveredstatements="1" conditionals="7" coveredconditionals="0" methods="1" coveredmethods="0"/>
        <line num="3" count="2" type="cond" truecount="0" falsecount="1"/>
        <line num="4" count="0" type="cond" truecount="0" falsecount="2"/>
        <line num="5" count="0" type="stmt"/>
        <line num="8" count="0" type="stmt"/>
        <line num="9" count="0" type="cond" truecount="0" falsecount="2"/>
        <line num="10" count="0" type="stmt"/>
        <line num="13" count="0" type="cond" truecount="0" falsecount="2"/>
        <line num="14" count="0" type="stmt"/>
        <line num="17" count="0" type="stmt"/>
      </file>
      <file name="blogStorage.ts" path="/Users/felruizrojas/fel-school/pasteleria_mil_sabores/front-pasteleria/src/utils/storage/blogStorage.ts">
        <metrics statements="10" coveredstatements="5" conditionals="10" coveredconditionals="1" methods="4" coveredmethods="1"/>
        <line num="5" count="1" type="stmt"/>
        <line num="6" count="1" type="stmt"/>
        <line num="7" count="1" type="stmt"/>
        <line num="8" count="1" type="cond" truecount="1" falsecount="1"/>
        <line num="10" count="0" type="stmt"/>
        <line num="12" count="0" type="stmt"/>
        <line num="23" count="0" type="stmt"/>
        <line num="27" count="1" type="stmt"/>
        <line num="28" count="0" type="stmt"/>
        <line num="33" count="0" type="stmt"/>
      </file>
      <file name="cartStorage.ts" path="/Users/felruizrojas/fel-school/pasteleria_mil_sabores/front-pasteleria/src/utils/storage/cartStorage.ts">
        <metrics statements="15" coveredstatements="12" conditionals="4" coveredconditionals="3" methods="4" coveredmethods="3"/>
        <line num="3" count="8" type="stmt"/>
        <line num="6" count="8" type="stmt"/>
        <line num="7" count="21" type="cond" truecount="2" falsecount="0"/>
        <line num="12" count="8" type="stmt"/>
        <line num="13" count="16" type="stmt"/>
        <line num="14" count="16" type="stmt"/>
        <line num="15" count="16" type="stmt"/>
        <line num="16" count="16" type="cond" truecount="1" falsecount="1"/>
        <line num="18" count="0" type="stmt"/>
        <line num="25" count="8" type="stmt"/>
        <line num="26" count="5" type="stmt"/>
        <line num="27" count="5" type="stmt"/>
        <line num="33" count="8" type="stmt"/>
        <line num="34" count="0" type="stmt"/>
        <line num="35" count="0" type="stmt"/>
      </file>
      <file name="imageHelpers.ts" path="/Users/felruizrojas/fel-school/pasteleria_mil_sabores/front-pasteleria/src/utils/storage/imageHelpers.ts">
        <metrics statements="39" coveredstatements="16" conditionals="18" coveredconditionals="3" methods="6" coveredmethods="2"/>
        <line num="12" count="6" type="stmt"/>
        <line num="13" count="6" type="stmt"/>
        <line num="18" count="6" type="stmt"/>
        <line num="19" count="48" type="stmt"/>
        <line num="29" count="6" type="stmt"/>
        <line num="38" count="6" type="stmt"/>
        <line num="41" count="0" type="stmt"/>
        <line num="42" count="0" type="cond" truecount="0" falsecount="2"/>
        <line num="43" count="0" type="stmt"/>
        <line num="49" count="6" type="stmt"/>
        <line num="58" count="6" type="stmt"/>
        <line num="61" count="0" type="stmt"/>
        <line num="62" count="0" type="cond" truecount="0" falsecount="2"/>
        <line num="64" count="0" type="stmt"/>
        <line num="65" count="0" type="stmt"/>
        <line num="67" count="0" type="cond" truecount="0" falsecount="2"/>
        <line num="68" count="0" type="stmt"/>
        <line num="70" count="0" type="stmt"/>
        <line num="73" count="6" type="stmt"/>
        <line num="74" count="0" type="cond" truecount="0" falsecount="2"/>
        <line num="75" count="0" type="cond" truecount="0" falsecount="2"/>
        <line num="78" count="6" type="stmt"/>
        <line num="79" count="0" type="stmt"/>
        <line num="90" count="6" type="stmt"/>
        <line num="91" count="266" type="cond" truecount="2" falsecount="0"/>
        <line num="93" count="256" type="stmt"/>
        <line num="95" count="256" type="cond" truecount="1" falsecount="1"/>
        <line num="96" count="256" type="stmt"/>
        <line num="99" count="0" type="stmt"/>
        <line num="100" count="0" type="stmt"/>
        <line num="101" count="0" type="cond" truecount="0" falsecount="2"/>
        <line num="102" count="0" type="stmt"/>
        <line num="105" count="0" type="stmt"/>
        <line num="106" count="0" type="stmt"/>
        <line num="107" count="0" type="stmt"/>
        <line num="108" count="0" type="cond" truecount="0" falsecount="2"/>
        <line num="109" count="0" type="stmt"/>
        <line num="112" count="0" type="stmt"/>
        <line num="115" count="6" type="stmt"/>
      </file>
      <file name="initLocalData.ts" path="/Users/felruizrojas/fel-school/pasteleria_mil_sabores/front-pasteleria/src/utils/storage/initLocalData.ts">
        <metrics statements="42" coveredstatements="10" conditionals="43" coveredconditionals="0" methods="13" coveredmethods="4"/>
        <line num="12" count="14" type="stmt"/>
        <line num="14" count="14" type="stmt"/>
        <line num="56" count="14" type="stmt"/>
        <line num="58" count="14" type="stmt"/>
        <line num="59" count="0" type="stmt"/>
        <line num="60" count="0" type="stmt"/>
        <line num="68" count="14" type="stmt"/>
        <line num="69" count="196" type="stmt"/>
        <line num="73" count="3752" type="stmt"/>
        <line num="74" count="3752" type="stmt"/>
        <line num="76" count="196" type="stmt"/>
        <line num="78" count="14" type="cond" truecount="0" falsecount="1"/>
        <line num="79" count="0" type="cond" truecount="0" falsecount="5"/>
        <line num="81" count="0" type="stmt"/>
        <line num="83" count="0" type="stmt"/>
        <line num="87" count="0" type="stmt"/>
        <line num="89" count="0" type="cond" truecount="0" falsecount="2"/>
        <line num="90" count="0" type="stmt"/>
        <line num="92" count="0" type="stmt"/>
        <line num="93" count="0" type="stmt"/>
        <line num="104" count="0" type="stmt"/>
        <line num="106" count="0" type="stmt"/>
        <line num="112" count="0" type="stmt"/>
        <line num="113" count="0" type="stmt"/>
        <line num="114" count="0" type="stmt"/>
        <line num="120" count="0" type="cond" truecount="0" falsecount="2"/>
        <line num="121" count="0" type="stmt"/>
        <line num="128" count="0" type="stmt"/>
        <line num="131" count="0" type="cond" truecount="0" falsecount="3"/>
        <line num="134" count="0" type="stmt"/>
        <line num="135" count="0" type="stmt"/>
        <line num="142" count="0" type="cond" truecount="0" falsecount="2"/>
        <line num="146" count="0" type="cond" truecount="0" falsecount="2"/>
        <line num="147" count="0" type="stmt"/>
        <line num="153" count="0" type="stmt"/>
[...]
        <metrics statements="37" coveredstatements="21" conditionals="8" coveredconditionals="3" methods="12" coveredmethods="5"/>
        <line num="1" count="10" type="stmt"/>
        <line num="4" count="10" type="stmt"/>
        <line num="5" count="14" type="cond" truecount="1" falsecount="1"/>
        <line num="7" count="0" type="stmt"/>
        <line num="8" count="0" type="stmt"/>
        <line num="10" count="0" type="stmt"/>
        <line num="11" count="0" type="stmt"/>
        <line num="16" count="10" type="stmt"/>
        <line num="17" count="14" type="cond" truecount="1" falsecount="1"/>
        <line num="19" count="14" type="stmt"/>
        <line num="20" count="14" type="stmt"/>
        <line num="24" count="10" type="stmt"/>
        <line num="25" count="0" type="cond" truecount="0" falsecount="2"/>
        <line num="27" count="0" type="stmt"/>
        <line num="28" count="0" type="stmt"/>
        <line num="30" count="0" type="stmt"/>
        <line num="35" count="10" type="stmt"/>
        <line num="36" count="8" type="cond" truecount="1" falsecount="1"/>
        <line num="37" count="8" type="stmt"/>
        <line num="41" count="10" type="stmt"/>
        <line num="42" count="0" type="stmt"/>
        <line num="46" count="10" type="stmt"/>
        <line num="47" count="0" type="stmt"/>
        <line num="48" count="0" type="stmt"/>
        <line num="49" count="0" type="stmt"/>
        <line num="57" count="10" type="stmt"/>
        <line num="58" count="0" type="stmt"/>
        <line num="62" count="10" type="stmt"/>
        <line num="63" count="0" type="stmt"/>
        <line num="67" count="10" type="stmt"/>
        <line num="68" count="14" type="stmt"/>
        <line num="72" count="10" type="stmt"/>
        <line num="73" count="0" type="stmt"/>
        <line num="77" count="10" type="stmt"/>
        <line num="78" count="8" type="stmt"/>
        <line num="81" count="10" type="stmt"/>
        <line num="82" count="0" type="stmt"/>
      </file>
    </package>
    <package name="utils.validations">
      <metrics statements="279" coveredstatements="66" conditionals="264" coveredconditionals="28" methods="41" coveredmethods="11"/>
      <file name="authValidations.ts" path="/Users/felruizrojas/fel-school/pasteleria_mil_sabores/front-pasteleria/src/utils/validations/authValidations.ts">
        <metrics statements="46" coveredstatements="28" conditionals="33" coveredconditionals="17" methods="9" coveredmethods="7"/>
        <line num="9" count="13" type="stmt"/>
        <line num="26" count="13" type="stmt"/>
        <line num="28" count="14" type="stmt"/>
        <line num="30" count="13" type="stmt"/>
        <line num="31" count="5" type="stmt"/>
        <line num="32" count="5" type="cond" truecount="1" falsecount="1"/>
        <line num="35" count="13" type="stmt"/>
        <line num="36" count="5" type="stmt"/>
        <line num="37" count="5" type="stmt"/>
        <line num="40" count="13" type="stmt"/>
        <line num="41" count="5" type="stmt"/>
        <line num="42" count="5" type="stmt"/>
        <line num="43" count="5" type="stmt"/>
        <line num="46" count="13" type="stmt"/>
        <line num="50" count="5" type="stmt"/>
        <line num="52" count="5" type="cond" truecount="1" falsecount="1"/>
        <line num="53" count="5" type="cond" truecount="1" falsecount="1"/>
        <line num="55" count="5" type="cond" truecount="1" falsecount="1"/>
        <line num="56" count="0" type="stmt"/>
        <line num="57" count="5" type="cond" truecount="1" falsecount="1"/>
        <line num="58" count="0" type="stmt"/>
        <line num="59" count="5" type="cond" truecount="1" falsecount="1"/>
        <line num="60" count="0" type="stmt"/>
        <line num="61" count="5" type="cond" truecount="1" falsecount="1"/>
        <line num="62" count="0" type="stmt"/>
        <line num="63" count="5" type="cond" truecount="4" falsecount="0"/>
        <line num="64" count="1" type="stmt"/>
        <line num="67" count="5" type="cond" truecount="2" falsecount="0"/>
        <line num="68" count="1" type="stmt"/>
        <line num="69" count="4" type="cond" truecount="3" falsecount="1"/>
        <line num="70" count="0" type="stmt"/>
        <line num="73" count="5" type="stmt"/>
        <line num="79" count="13" type="stmt"/>
        <line num="80" count="0" type="stmt"/>
        <line num="81" count="0" type="cond" truecount="0" falsecount="2"/>
        <line num="82" count="0" type="stmt"/>
        <line num="85" count="0" type="stmt"/>
        <line num="86" count="0" type="stmt"/>
        <line num="87" count="0" type="cond" truecount="0" falsecount="2"/>
        <line num="88" count="0" type="stmt"/>
        <line num="90" count="0" type="stmt"/>
        <line num="93" count="0" type="cond" truecount="0" falsecount="2"/>
        <line num="94" count="0" type="stmt"/>
        <line num="97" count="0" type="cond" truecount="0" falsecount="2"/>
        <line num="98" count="0" type="stmt"/>
        <line num="101" count="0" type="stmt"/>
      </file>
      <file name="contactValidations.ts" path="/Users/felruizrojas/fel-school/pasteleria_mil_sabores/front-pasteleria/src/utils/validations/contactValidations.ts">
        <metrics statements="23" coveredstatements="15" conditionals="22" coveredconditionals="11" methods="2" coveredmethods="2"/>
        <line num="11" count="1" type="stmt"/>
        <line num="13" count="1" type="stmt"/>
        <line num="14" count="1" type="stmt"/>
        <line num="16" count="1" type="cond" truecount="1" falsecount="1"/>
        <line num="17" count="1" type="cond" truecount="1" falsecount="1"/>
        <line num="18" count="1" type="cond" truecount="1" falsecount="1"/>
        <line num="20" count="1" type="cond" truecount="1" falsecount="1"/>
        <line num="21" count="0" type="stmt"/>
        <line num="22" count="1" type="cond" truecount="1" falsecount="1"/>
        <line num="23" count="0" type="stmt"/>
        <line num="26" count="1" type="cond" truecount="1" falsecount="1"/>
        <line num="27" count="0" type="stmt"/>
        <line num="28" count="1" type="cond" truecount="1" falsecount="1"/>
        <line num="29" count="0" type="stmt"/>
        <line num="30" count="1" type="cond" truecount="1" falsecount="1"/>
        <line num="31" count="0" type="stmt"/>
        <line num="32" count="1" type="cond" truecount="1" falsecount="1"/>
        <line num="33" count="0" type="stmt"/>
        <line num="36" count="1" type="cond" truecount="1" falsecount="1"/>
        <line num="37" count="0" type="stmt"/>
        <line num="38" count="1" type="cond" truecount="1" falsecount="1"/>
        <line num="39" count="0" type="stmt"/>
        <line num="42" count="1" type="stmt"/>
      </file>
      <file name="errorMessages.ts" path="/Users/felruizrojas/fel-school/pasteleria_mil_sabores/front-pasteleria/src/utils/validations/errorMessages.ts">
        <metrics statements="8" coveredstatements="2" conditionals="0" coveredconditionals="0" methods="7" coveredmethods="1"/>
        <line num="1" count="13" type="stmt"/>
        <line num="2" count="1" type="stmt"/>
        <line num="3" count="0" type="stmt"/>
        <line num="4" count="0" type="stmt"/>
        <line num="6" count="0" type="stmt"/>
        <line num="10" count="0" type="stmt"/>
        <line num="11" count="0" type="stmt"/>
        <line num="19" count="0" type="stmt"/>
      </file>
      <file name="userValidations.ts" path="/Users/felruizrojas/fel-school/pasteleria_mil_sabores/front-pasteleria/src/utils/validations/userValidations.ts">
        <metrics statements="202" coveredstatements="21" conditionals="209" coveredconditionals="0" methods="23" coveredmethods="1"/>
        <line num="12" count="2" type="stmt"/>
        <line num="45" count="2" type="stmt"/>
        <line num="46" count="2" type="stmt"/>
        <line num="47" count="2" type="stmt"/>
        <line num="48" count="11" type="stmt"/>
        <line num="50" count="2" type="stmt"/>
        <line num="51" count="2" type="stmt"/>
        <line num="53" count="2" type="stmt"/>
        <line num="55" count="2" type="stmt"/>
        <line num="56" count="0" type="stmt"/>
        <line num="57" count="0" type="stmt"/>
        <line num="59" count="0" type="stmt"/>
        <line num="60" count="0" type="stmt"/>
        <line num="61" count="0" type="cond" truecount="0" falsecount="2"/>
        <line num="64" count="0" type="stmt"/>
        <line num="65" count="0" type="cond" truecount="0" falsecount="2"/>
        <line num="66" count="0" type="stmt"/>
        <line num="68" count="0" type="cond" truecount="0" falsecount="2"/>
        <line num="69" count="0" type="stmt"/>
        <line num="71" count="0" type="stmt"/>
        <line num="74" count="2" type="stmt"/>
        <line num="75" count="0" type="stmt"/>
        <line num="76" count="0" type="cond" truecount="0" falsecount="2"/>
        <line num="77" count="0" type="stmt"/>
        <line num="80" count="0" type="stmt"/>
        <line num="81" count="0" type="stmt"/>
        <line num="82" count="0" type="stmt"/>
        <line num="85" count="2" type="cond" truecount="0" falsecount="1"/>
        <line num="86" count="0" type="cond" truecount="0" falsecount="2"/>
        <line num="87" count="0" type="stmt"/>
        <line num="90" count="0" type="stmt"/>
        <line num="91" count="0" type="cond" truecount="0" falsecount="2"/>
        <line num="92" count="0" type="stmt"/>
        <line num="95" count="0" type="stmt"/>
        <line num="96" count="0" type="stmt"/>
        <line num="97" count="0" type="stmt"/>
        <line num="98" count="0" type="cond" truecount="0" falsecount="5"/>
        <line num="99" count="0" type="stmt"/>
        <line num="102" count="0" type="stmt"/>
        <line num="105" count="2" type="stmt"/>
        <line num="106" count="0" type="stmt"/>
        <line num="107" count="0" type="stmt"/>
        <line num="110" count="2" type="stmt"/>
        <line num="111" count="0" type="stmt"/>
        <line num="112" count="0" type="stmt"/>
        <line num="113" count="0" type="cond" truecount="0" falsecount="2"/>
        <line num="116" count="2" type="stmt"/>
        <line num="117" count="0" type="stmt"/>
        <line num="118" count="0" type="stmt"/>
        <line num="119" count="0" type="cond" truecount="0" falsecount="2"/>
        <line num="122" count="2" type="stmt"/>
        <line num="126" count="0" type="stmt"/>
        <line num="128" count="0" type="cond" truecount="0" falsecount="2"/>
        <line num="129" count="0" type="cond" truecount="0" falsecount="2"/>
        <line num="130" count="0" type="cond" truecount="0" falsecount="4"/>
        <line num="131" count="0" type="cond" truecount="0" falsecount="2"/>
        <line num="132" count="0" type="cond" truecount="0" falsecount="2"/>
        <line num="133" count="0" type="cond" truecount="0" falsecount="2"/>
        <line num="134" count="0" type="cond" truecount="0" falsecount="2"/>
        <line num="135" count="0" type="cond" truecount="0" falsecount="2"/>
        <line num="136" count="0" type="cond" truecount="0" falsecount="2"/>
        <line num="137" count="0" type="cond" truecount="0" falsecount="2"/>
        <line num="138" count="0" type="cond" truecount="0" falsecount="2"/>
        <line num="139" count="0" type="stmt"/>
        <line num="141" count="0" type="cond" truecount="0" falsecount="2"/>
        <line num="142" count="0" type="stmt"/>
        <line num="143" count="0" type="cond" truecount="0" falsecount="2"/>
        <line num="144" count="0" type="stmt"/>
        <line num="145" count="0" type="cond" truecount="0" falsecount="2"/>
        <line num="146" count="0" type="stmt"/>
        <line num="149" count="0" type="cond" truecount="0" falsecount="2"/>
        <line num="150" count="0" type="stmt"/>
        <line num="151" count="0" type="cond" truecount="0" falsecount="2"/>
        <line num="152" count="0" type="stmt"/>
        <line num="155" count="0" type="cond" truecount="0" falsecount="4"/>
        <line num="156" count="0" type="cond" truecount="0" falsecount="2"/>
        <line num="157" count="0" type="stmt"/>
        <line num="158" count="0" type="cond" truecount="0" falsecount="2"/>
        <line num="159" count="0" type="stmt"/>
        <line num="160" count="0" type="cond" truecount="0" falsecount="2"/>
        <line num="161" count="0" type="stmt"/>
        <line num="165" count="0" type="cond" truecount="0" falsecount="2"/>
        <line num="166" count="0" type="stmt"/>
        <line num="167" count="0" type="cond" truecount="0" falsecount="2"/>
        <line num="168" count="0" type="stmt"/>
        <line num="169" count="0" type="cond" truecount="0" falsecount="2"/>
        <line num="170" count="0" type="stmt"/>
        <line num="173" count="0" type="cond" truecount="0" falsecount="2"/>
        <line num="174" count="0" type="stmt"/>
        <line num="175" count="0" type="cond" truecount="0" falsecount="2"/>
        <line num="176" count="0" type="stmt"/>
        <line num="177" count="0" type="cond" truecount="0" falsecount="2"/>
        <line num="178" count="0" type="stmt"/>
        <line num="181" count="0" type="cond" truecount="0" falsecount="2"/>
        <line num="182" count="0" type="stmt"/>
        <line num="183" count="0" type="cond" truecount="0" falsecount="2"/>
        <line num="184" count="0" type="stmt"/>
        <line num="185" count="0" type="cond" truecount="0" falsecount="2"/>
        <line num="186" count="0" type="stmt"/>
        <line num="188" count="0" type="cond" truecount="0" falsecount="2"/>
        <line num="189" count="0" type="stmt"/>
        <line num="190" count="0" type="cond" truecount="0" falsecount="2"/>
        <line num="191" count="0" type="stmt"/>
        <line num="192" count="0" type="cond" truecount="0" falsecount="2"/>
        <line num="193" count="0" type="stmt"/>
        <line num="197" count="0" type="cond" truecount="0" falsecount="2"/>
        <line num="198" count="0" type="cond" truecount="0" falsecount="2"/>
        <line num="199" count="0" type="stmt"/>
        <line num="203" count="0" type="cond" truecount="0" falsecount="2"/>
        <line num="204" count="0" type="stmt"/>
        <line num="205" count="0" type="cond" truecount="0" falsecount="2"/>
        <line num="206" count="0" type="stmt"/>
        <line num="209" count="0" type="cond" truecount="0" falsecount="2"/>
        <line num="210" count="0" type="stmt"/>
        <line num="213" count="0" type="cond" truecount="0" falsecount="2"/>
        <line num="214" count="0" type="stmt"/>
        <line num="215" count="0" type="cond" truecount="0" falsecount="2"/>
        <line num="216" count="0" type="stmt"/>
        <line num="219" count="0" type="cond" truecount="0" falsecount="2"/>
        <line num="220" count="0" type="cond" truecount="0" falsecount="2"/>
        <line num="221" count="0" type="stmt"/>
        <line num="222" count="0" type="cond" truecount="0" falsecount="4"/>
        <line num="223" count="0" type="stmt"/>
        <line num="226" count="0" type="cond" truecount="0" falsecount="2"/>
        <line num="227" count="0" type="stmt"/>
        <line num="228" count="0" type="cond" truecount="0" falsecount="4"/>
        <line num="229" count="0" type="stmt"/>
        <line num="232" count="0" type="cond" truecount="0" falsecount="2"/>
        <line num="233" count="0" type="stmt"/>
        <line num="236" count="0" type="cond" truecount="0" falsecount="2"/>
        <line num="237" count="0" type="cond" truecount="0" falsecount="4"/>
        <line num="238" count="0" type="stmt"/>
        <line num="240" count="0" type="cond" truecount="0" falsecount="4"/>
        <line num="241" count="0" type="stmt"/>
        <line num="246" count="0" type="stmt"/>
        <line num="252" count="2" type="stmt"/>
        <line num="255" count="0" type="stmt"/>
        <line num="257" count="0" type="cond" truecount="0" falsecount="2"/>
        <line num="258" count="0" type="cond" truecount="0" falsecount="2"/>
        <line num="259" count="0" type="cond" truecount="0" falsecount="2"/>
        <line num="261" count="0" type="cond" truecount="0" falsecount="2"/>
        <line num="262" count="0" type="stmt"/>
        <line num="263" count="0" type="cond" truecount="0" falsecount="2"/>
        <line num="264" count="0" type="stmt"/>
        <line num="265" count="0" type="cond" truecount="0" falsecount="2"/>
        <line num="266" count="0" type="stmt"/>
        <line num="268" count="0" type="cond" truecount="0" falsecount="2"/>
        <line num="269" count="0" type="stmt"/>
        <line num="270" count="0" type="cond" truecount="0" falsecount="2"/>
        <line num="271" count="0" type="stmt"/>
        <line num="272" count="0" type="cond" truecount="0" falsecount="2"/>
        <line num="273" count="0" type="stmt"/>
        <line num="277" count="0" type="cond" truecount="0" falsecount="2"/>
        <line num="278" count="0" type="stmt"/>
        <line num="279" count="0" type="cond" truecount="0" falsecount="4"/>
        <line num="280" count="0" type="stmt"/>
        <line num="283" count="0" type="cond" truecount="0" falsecount="2"/>
        <line num="284" count="0" type="stmt"/>
        <line num="285" count="0" type="cond" truecount="0" falsecount="4"/>
        <line num="286" count="0" type="stmt"/>
        <line num="289" count="0" type="stmt"/>
        <line num="295" count="2" type="stmt"/>
        <line num="296" count="0" type="cond" truecount="0" falsecount="4"/>
        <line num="297" count="0" type="stmt"/>
        <line num="299" count="0" type="stmt"/>
        <line num="302" count="2" type="stmt"/>
        <line num="303" count="0" type="stmt"/>
        <line num="304" count="0" type="stmt"/>
        <line num="305" count="0" type="cond" truecount="0" falsecount="2"/>
        <line num="306" count="0" type="cond" truecount="0" falsecount="2"/>
        <line num="307" count="0" type="cond" truecount="0" falsecount="2"/>
        <line num="310" count="0" type="cond" truecount="0" falsecount="3"/>
        <line num="311" count="0" type="cond" truecount="0" falsecount="2"/>
        <line num="312" count="0" type="cond" truecount="0" falsecount="3"/>
        <line num="314" count="0" type="cond" truecount="0" falsecount="2"/>
        <line num="315" count="0" type="cond" truecount="0" falsecount="2"/>
        <line num="316" count="0" type="cond" truecount="0" falsecount="2"/>
        <line num="318" count="0" type="stmt"/>
        <line num="320" count="0" type="cond" truecount="0" falsecount="2"/>
        <line num="321" count="0" type="stmt"/>
        <line num="323" count="0" type="cond" truecount="0" falsecount="2"/>
        <line num="324" count="0" type="cond" truecount="0" falsecount="3"/>
        <line num="326" count="0" type="stmt"/>
        <line num="347" count="2" type="stmt"/>
        <line num="348" count="0" type="stmt"/>
        <line num="349" count="0" type="stmt"/>
        <line num="351" count="0" type="cond" truecount="0" falsecount="2"/>
        <line num="352" count="0" type="stmt"/>
        <line num="353" count="0" type="stmt"/>
        <line num="354" count="0" type="stmt"/>
        <line num="357" count="0" type="stmt"/>
        <line num="360" count="0" type="cond" truecount="0" falsecount="2"/>
        <line num="364" count="0" type="stmt"/>
        <line num="372" count="0" type="stmt"/>
        <line num="373" count="0" type="stmt"/>
        <line num="376" count="2" type="stmt"/>
        <line num="377" count="0" type="stmt"/>
        <line num="378" count="0" type="stmt"/>
        <line num="381" count="2" type="stmt"/>
        <line num="382" count="0" type="stmt"/>
        <line num="383" count="0" type="stmt"/>
        <line num="384" count="0" type="stmt"/>
      </file>
    </package>
  </project>
</coverage>
