{"/Users/felruizrojas/fel-school/pasteleria_mil_sabores/front-pasteleria/src/assets/index.ts": {"path":"/Users/felruizrojas/fel-school/pasteleria_mil_sabores/front-pasteleria/src/assets/index.ts","statementMap":{"0":{"start":{"line":1,"column":25},"end":{"line":1,"column":null}},"1":{"start":{"line":2,"column":35},"end":{"line":2,"column":null}},"2":{"start":{"line":3,"column":35},"end":{"line":3,"column":null}}},"fnMap":{},"branchMap":{},"s":{"0":14,"1":14,"2":14},"f":{},"b":{},"meta":{"lastBranch":0,"lastFunction":0,"lastStatement":3,"seen":{"s:1:25:1:Infinity":0,"s:2:35:2:Infinity":1,"s:3:35:3:Infinity":2}}}
,"/Users/felruizrojas/fel-school/pasteleria_mil_sabores/front-pasteleria/src/components/ScrollToTop.tsx": {"path":"/Users/felruizrojas/fel-school/pasteleria_mil_sabores/front-pasteleria/src/components/ScrollToTop.tsx","statementMap":{"0":{"start":{"line":4,"column":20},"end":{"line":16,"column":null}},"1":{"start":{"line":5,"column":27},"end":{"line":5,"column":null}},"2":{"start":{"line":7,"column":1},"end":{"line":13,"column":null}},"3":{"start":{"line":8,"column":2},"end":{"line":10,"column":null}},"4":{"start":{"line":9,"column":3},"end":{"line":9,"column":null}},"5":{"start":{"line":12,"column":2},"end":{"line":12,"column":null}},"6":{"start":{"line":15,"column":1},"end":{"line":15,"column":null}}},"fnMap":{"0":{"name":"(anonymous_0)","decl":{"start":{"line":4,"column":20},"end":{"line":4,"column":null}},"loc":{"start":{"line":4,"column":20},"end":{"line":16,"column":null}},"line":4},"1":{"name":"(anonymous_1)","decl":{"start":{"line":7,"column":11},"end":{"line":7,"column":null}},"loc":{"start":{"line":7,"column":11},"end":{"line":13,"column":4}},"line":7}},"branchMap":{"0":{"loc":{"start":{"line":8,"column":2},"end":{"line":10,"column":null}},"type":"if","locations":[{"start":{"line":8,"column":2},"end":{"line":10,"column":null}},{"start":{},"end":{}}],"line":8}},"s":{"0":1,"1":2,"2":2,"3":2,"4":0,"5":2,"6":2},"f":{"0":2,"1":2},"b":{"0":[0,2]},"meta":{"lastBranch":1,"lastFunction":2,"lastStatement":7,"seen":{"s:4:20:16:Infinity":0,"f:4:20:4:Infinity":0,"s:5:27:5:Infinity":1,"s:7:1:13:Infinity":2,"f:7:11:7:Infinity":1,"b:8:2:10:Infinity:undefined:undefined:undefined:undefined":0,"s:8:2:10:Infinity":3,"s:9:3:9:Infinity":4,"s:12:2:12:Infinity":5,"s:15:1:15:Infinity":6}}}
,"/Users/felruizrojas/fel-school/pasteleria_mil_sabores/front-pasteleria/src/components/common/Alert.tsx": {"path":"/Users/felruizrojas/fel-school/pasteleria_mil_sabores/front-pasteleria/src/components/common/Alert.tsx","statementMap":{},"fnMap":{},"branchMap":{"0":{"loc":{"start":{"line":22,"column":27},"end":{"line":22,"column":46}},"type":"default-arg","locations":[{"start":{"line":22,"column":37},"end":{"line":22,"column":46}}],"line":22},"1":{"loc":{"start":{"line":24,"column":3},"end":{"line":24,"column":null}},"type":"cond-expr","locations":[{"start":{"line":24,"column":3},"end":{"line":24,"column":null}},{"start":{"line":24,"column":61},"end":{"line":24,"column":null}}],"line":24}},"s":{},"f":{},"b":{"0":[0],"1":[0,0]},"meta":{"lastBranch":2,"lastFunction":0,"lastStatement":0,"seen":{"b:22:37:22:46":0,"b:24:3:24:Infinity:24:61:24:Infinity":1}}}
,"/Users/felruizrojas/fel-school/pasteleria_mil_sabores/front-pasteleria/src/components/common/Breadcrumbs.tsx": {"path":"/Users/felruizrojas/fel-school/pasteleria_mil_sabores/front-pasteleria/src/components/common/Breadcrumbs.tsx","statementMap":{"0":{"start":{"line":13,"column":20},"end":{"line":40,"column":null}},"1":{"start":{"line":14,"column":19},"end":{"line":14,"column":null}},"2":{"start":{"line":20,"column":20},"end":{"line":20,"column":null}},"3":{"start":{"line":22,"column":5},"end":{"line":28,"column":null}}},"fnMap":{"0":{"name":"(anonymous_0)","decl":{"start":{"line":13,"column":20},"end":{"line":13,"column":21}},"loc":{"start":{"line":13,"column":59},"end":{"line":40,"column":null}},"line":13},"1":{"name":"(anonymous_1)","decl":{"start":{"line":19,"column":15},"end":{"line":19,"column":16}},"loc":{"start":{"line":19,"column":22},"end":{"line":36,"column":null}},"line":19}},"branchMap":{"0":{"loc":{"start":{"line":22,"column":5},"end":{"line":28,"column":null}},"type":"if","locations":[{"start":{"line":22,"column":5},"end":{"line":28,"column":null}},{"start":{},"end":{}}],"line":22},"1":{"loc":{"start":{"line":22,"column":9},"end":{"line":22,"column":27}},"type":"binary-expr","locations":[{"start":{"line":22,"column":9},"end":{"line":22,"column":19}},{"start":{"line":22,"column":19},"end":{"line":22,"column":27}}],"line":22}},"s":{"0":11,"1":0,"2":0,"3":0},"f":{"0":0,"1":0},"b":{"0":[0,0],"1":[0,0]},"meta":{"lastBranch":2,"lastFunction":2,"lastStatement":4,"seen":{"s:13:20:40:Infinity":0,"f:13:20:13:21":0,"s:14:19:14:Infinity":1,"f:19:15:19:16":1,"s:20:20:20:Infinity":2,"b:22:5:28:Infinity:undefined:undefined:undefined:undefined":0,"s:22:5:28:Infinity":3,"b:22:9:22:19:22:19:22:27":1}}}
,"/Users/felruizrojas/fel-school/pasteleria_mil_sabores/front-pasteleria/src/components/common/Button.tsx": {"path":"/Users/felruizrojas/fel-school/pasteleria_mil_sabores/front-pasteleria/src/components/common/Button.tsx","statementMap":{"0":{"start":{"line":45,"column":6},"end":{"line":104,"column":null}},"1":{"start":{"line":49,"column":58},"end":{"line":53,"column":null}},"2":{"start":{"line":55,"column":10},"end":{"line":60,"column":null}},"3":{"start":{"line":64,"column":4},"end":{"line":76,"column":null}},"4":{"start":{"line":65,"column":38},"end":{"line":65,"column":null}},"5":{"start":{"line":79,"column":4},"end":{"line":91,"column":null}},"6":{"start":{"line":80,"column":34},"end":{"line":80,"column":null}},"7":{"start":{"line":94,"column":24},"end":{"line":94,"column":null}},"8":{"start":{"line":107,"column":0},"end":{"line":107,"column":null}}},"fnMap":{"0":{"name":"(anonymous_0)","decl":{"start":{"line":46,"column":2},"end":{"line":46,"column":3}},"loc":{"start":{"line":46,"column":89},"end":{"line":104,"column":null}},"line":46}},"branchMap":{"0":{"loc":{"start":{"line":46,"column":39},"end":{"line":46,"column":61}},"type":"default-arg","locations":[{"start":{"line":46,"column":49},"end":{"line":46,"column":61}}],"line":46},"1":{"loc":{"start":{"line":46,"column":63},"end":{"line":46,"column":76}},"type":"default-arg","locations":[{"start":{"line":46,"column":68},"end":{"line":46,"column":76}}],"line":46},"2":{"loc":{"start":{"line":58,"column":6},"end":{"line":58,"column":null}},"type":"cond-expr","locations":[{"start":{"line":58,"column":13},"end":{"line":58,"column":26}},{"start":{"line":58,"column":29},"end":{"line":58,"column":null}}],"line":58},"3":{"loc":{"start":{"line":59,"column":6},"end":{"line":59,"column":null}},"type":"cond-expr","locations":[{"start":{"line":59,"column":14},"end":{"line":59,"column":24}},{"start":{"line":59,"column":24},"end":{"line":59,"column":null}}],"line":59},"4":{"loc":{"start":{"line":64,"column":4},"end":{"line":76,"column":null}},"type":"if","locations":[{"start":{"line":64,"column":4},"end":{"line":76,"column":null}},{"start":{},"end":{}}],"line":64},"5":{"loc":{"start":{"line":79,"column":4},"end":{"line":91,"column":null}},"type":"if","locations":[{"start":{"line":79,"column":4},"end":{"line":91,"column":null}},{"start":{},"end":{}}],"line":79}},"s":{"0":13,"1":433,"2":433,"3":433,"4":2,"5":431,"6":163,"7":268,"8":13},"f":{"0":433},"b":{"0":[433],"1":[433],"2":[228,205],"3":[202,231],"4":[2,431],"5":[163,268]},"meta":{"lastBranch":6,"lastFunction":1,"lastStatement":9,"seen":{"s:45:6:104:Infinity":0,"f:46:2:46:3":0,"b:46:49:46:61":0,"b:46:68:46:76":1,"s:49:58:53:Infinity":1,"s:55:10:60:Infinity":2,"b:58:13:58:26:58:29:58:Infinity":2,"b:59:14:59:24:59:24:59:Infinity":3,"b:64:4:76:Infinity:undefined:undefined:undefined:undefined":4,"s:64:4:76:Infinity":3,"s:65:38:65:Infinity":4,"b:79:4:91:Infinity:undefined:undefined:undefined:undefined":5,"s:79:4:91:Infinity":5,"s:80:34:80:Infinity":6,"s:94:24:94:Infinity":7,"s:107:0:107:Infinity":8}}}
,"/Users/felruizrojas/fel-school/pasteleria_mil_sabores/front-pasteleria/src/components/common/Input.tsx": {"path":"/Users/felruizrojas/fel-school/pasteleria_mil_sabores/front-pasteleria/src/components/common/Input.tsx","statementMap":{"0":{"start":{"line":13,"column":6},"end":{"line":51,"column":null}},"1":{"start":{"line":15,"column":8},"end":{"line":15,"column":null}},"2":{"start":{"line":16,"column":18},"end":{"line":16,"column":null}},"3":{"start":{"line":17,"column":19},"end":{"line":17,"column":null}},"4":{"start":{"line":18,"column":18},"end":{"line":18,"column":null}},"5":{"start":{"line":19,"column":22},"end":{"line":19,"column":null}},"6":{"start":{"line":20,"column":19},"end":{"line":20,"column":null}},"7":{"start":{"line":21,"column":8},"end":{"line":21,"column":null}},"8":{"start":{"line":54,"column":0},"end":{"line":54,"column":null}}},"fnMap":{"0":{"name":"(anonymous_0)","decl":{"start":{"line":14,"column":1},"end":{"line":14,"column":2}},"loc":{"start":{"line":14,"column":86},"end":{"line":51,"column":null}},"line":14}},"branchMap":{"0":{"loc":{"start":{"line":16,"column":18},"end":{"line":16,"column":null}},"type":"binary-expr","locations":[{"start":{"line":16,"column":18},"end":{"line":16,"column":24}},{"start":{"line":16,"column":24},"end":{"line":16,"column":32}},{"start":{"line":16,"column":32},"end":{"line":16,"column":null}}],"line":16},"1":{"loc":{"start":{"line":17,"column":19},"end":{"line":17,"column":null}},"type":"cond-expr","locations":[{"start":{"line":17,"column":32},"end":{"line":17,"column":49}},{"start":{"line":17,"column":52},"end":{"line":17,"column":null}}],"line":17},"2":{"loc":{"start":{"line":18,"column":18},"end":{"line":18,"column":null}},"type":"cond-expr","locations":[{"start":{"line":18,"column":30},"end":{"line":18,"column":48}},{"start":{"line":18,"column":51},"end":{"line":18,"column":null}}],"line":18},"3":{"loc":{"start":{"line":19,"column":22},"end":{"line":19,"column":null}},"type":"binary-expr","locations":[{"start":{"line":19,"column":22},"end":{"line":19,"column":71}},{"start":{"line":19,"column":71},"end":{"line":19,"column":null}}],"line":19},"4":{"loc":{"start":{"line":21,"column":40},"end":{"line":21,"column":72}},"type":"cond-expr","locations":[{"start":{"line":21,"column":51},"end":{"line":21,"column":66}},{"start":{"line":21,"column":66},"end":{"line":21,"column":72}}],"line":21},"5":{"loc":{"start":{"line":25,"column":5},"end":{"line":29,"column":null}},"type":"cond-expr","locations":[{"start":{"line":25,"column":5},"end":{"line":29,"column":null}},{"start":{"line":29,"column":8},"end":{"line":29,"column":null}}],"line":25},"6":{"loc":{"start":{"line":34,"column":19},"end":{"line":34,"column":null}},"type":"binary-expr","locations":[{"start":{"line":34,"column":19},"end":{"line":34,"column":31}},{"start":{"line":34,"column":31},"end":{"line":34,"column":null}}],"line":34},"7":{"loc":{"start":{"line":39,"column":5},"end":{"line":43,"column":null}},"type":"cond-expr","locations":[{"start":{"line":39,"column":5},"end":{"line":43,"column":null}},{"start":{"line":43,"column":8},"end":{"line":43,"column":null}}],"line":39},"8":{"loc":{"start":{"line":44,"column":5},"end":{"line":48,"column":null}},"type":"cond-expr","locations":[{"start":{"line":44,"column":5},"end":{"line":48,"column":null}},{"start":{"line":48,"column":8},"end":{"line":48,"column":null}}],"line":44}},"s":{"0":11,"1":690,"2":690,"3":690,"4":690,"5":690,"6":690,"7":690,"8":11},"f":{"0":690},"b":{"0":[690,677,1],"1":[287,403],"2":[0,690],"3":[690,403],"4":[0,690],"5":[689,1],"6":[690,690],"7":[287,403],"8":[0,690]},"meta":{"lastBranch":9,"lastFunction":1,"lastStatement":9,"seen":{"s:13:6:51:Infinity":0,"f:14:1:14:2":0,"s:15:8:15:Infinity":1,"s:16:18:16:Infinity":2,"b:16:18:16:24:16:24:16:32:16:32:16:Infinity":0,"s:17:19:17:Infinity":3,"b:17:32:17:49:17:52:17:Infinity":1,"s:18:18:18:Infinity":4,"b:18:30:18:48:18:51:18:Infinity":2,"s:19:22:19:Infinity":5,"b:19:22:19:71:19:71:19:Infinity":3,"s:20:19:20:Infinity":6,"s:21:8:21:Infinity":7,"b:21:51:21:66:21:66:21:72":4,"b:25:5:29:Infinity:29:8:29:Infinity":5,"b:34:19:34:31:34:31:34:Infinity":6,"b:39:5:43:Infinity:43:8:43:Infinity":7,"b:44:5:48:Infinity:48:8:48:Infinity":8,"s:54:0:54:Infinity":8}}}
,"/Users/felruizrojas/fel-school/pasteleria_mil_sabores/front-pasteleria/src/components/common/Modal.tsx": {"path":"/Users/felruizrojas/fel-school/pasteleria_mil_sabores/front-pasteleria/src/components/common/Modal.tsx","statementMap":{"0":{"start":{"line":16,"column":14},"end":{"line":71,"column":null}},"1":{"start":{"line":27,"column":2},"end":{"line":44,"column":null}},"2":{"start":{"line":28,"column":20},"end":{"line":30,"column":null}},"3":{"start":{"line":29,"column":6},"end":{"line":29,"column":null}},"4":{"start":{"line":29,"column":30},"end":{"line":29,"column":null}},"5":{"start":{"line":32,"column":4},"end":{"line":38,"column":null}},"6":{"start":{"line":33,"column":6},"end":{"line":33,"column":null}},"7":{"start":{"line":34,"column":6},"end":{"line":34,"column":null}},"8":{"start":{"line":36,"column":6},"end":{"line":36,"column":null}},"9":{"start":{"line":37,"column":6},"end":{"line":37,"column":null}},"10":{"start":{"line":40,"column":4},"end":{"line":43,"column":null}},"11":{"start":{"line":41,"column":6},"end":{"line":41,"column":null}},"12":{"start":{"line":42,"column":6},"end":{"line":42,"column":null}},"13":{"start":{"line":46,"column":2},"end":{"line":46,"column":null}},"14":{"start":{"line":46,"column":13},"end":{"line":46,"column":null}},"15":{"start":{"line":52,"column":24},"end":{"line":52,"column":null}}},"fnMap":{"0":{"name":"(anonymous_0)","decl":{"start":{"line":16,"column":14},"end":{"line":16,"column":15}},"loc":{"start":{"line":24,"column":13},"end":{"line":71,"column":null}},"line":24},"1":{"name":"(anonymous_1)","decl":{"start":{"line":27,"column":12},"end":{"line":27,"column":null}},"loc":{"start":{"line":27,"column":12},"end":{"line":44,"column":5}},"line":27},"2":{"name":"(anonymous_2)","decl":{"start":{"line":28,"column":20},"end":{"line":28,"column":21}},"loc":{"start":{"line":28,"column":21},"end":{"line":30,"column":null}},"line":28},"3":{"name":"(anonymous_3)","decl":{"start":{"line":40,"column":11},"end":{"line":40,"column":null}},"loc":{"start":{"line":40,"column":11},"end":{"line":43,"column":null}},"line":40},"4":{"name":"(anonymous_4)","decl":{"start":{"line":52,"column":17},"end":{"line":52,"column":18}},"loc":{"start":{"line":52,"column":24},"end":{"line":52,"column":null}},"line":52}},"branchMap":{"0":{"loc":{"start":{"line":23,"column":2},"end":{"line":23,"column":24}},"type":"default-arg","locations":[{"start":{"line":23,"column":20},"end":{"line":23,"column":24}}],"line":23},"1":{"loc":{"start":{"line":29,"column":6},"end":{"line":29,"column":null}},"type":"if","locations":[{"start":{"line":29,"column":6},"end":{"line":29,"column":null}},{"start":{},"end":{}}],"line":29},"2":{"loc":{"start":{"line":32,"column":4},"end":{"line":38,"column":null}},"type":"if","locations":[{"start":{"line":32,"column":4},"end":{"line":38,"column":null}},{"start":{"line":35,"column":11},"end":{"line":38,"column":null}}],"line":32},"3":{"loc":{"start":{"line":46,"column":2},"end":{"line":46,"column":null}},"type":"if","locations":[{"start":{"line":46,"column":2},"end":{"line":46,"column":null}},{"start":{},"end":{}}],"line":46}},"s":{"0":11,"1":1,"2":1,"3":0,"4":0,"5":1,"6":1,"7":1,"8":0,"9":0,"10":1,"11":1,"12":1,"13":1,"14":0,"15":0},"f":{"0":1,"1":1,"2":0,"3":1,"4":0},"b":{"0":[1],"1":[0,0],"2":[1,0],"3":[0,1]},"meta":{"lastBranch":4,"lastFunction":5,"lastStatement":16,"seen":{"s:16:14:71:Infinity":0,"f:16:14:16:15":0,"b:23:20:23:24":0,"s:27:2:44:Infinity":1,"f:27:12:27:Infinity":1,"s:28:20:30:Infinity":2,"f:28:20:28:21":2,"b:29:6:29:Infinity:undefined:undefined:undefined:undefined":1,"s:29:6:29:Infinity":3,"s:29:30:29:Infinity":4,"b:32:4:38:Infinity:35:11:38:Infinity":2,"s:32:4:38:Infinity":5,"s:33:6:33:Infinity":6,"s:34:6:34:Infinity":7,"s:36:6:36:Infinity":8,"s:37:6:37:Infinity":9,"s:40:4:43:Infinity":10,"f:40:11:40:Infinity":3,"s:41:6:41:Infinity":11,"s:42:6:42:Infinity":12,"b:46:2:46:Infinity:undefined:undefined:undefined:undefined":3,"s:46:2:46:Infinity":13,"s:46:13:46:Infinity":14,"f:52:17:52:18":4,"s:52:24:52:Infinity":15}}}
,"/Users/felruizrojas/fel-school/pasteleria_mil_sabores/front-pasteleria/src/components/common/index.ts": {"path":"/Users/felruizrojas/fel-school/pasteleria_mil_sabores/front-pasteleria/src/components/common/index.ts","statementMap":{},"fnMap":{},"branchMap":{},"s":{},"f":{},"b":{},"meta":{"lastBranch":0,"lastFunction":0,"lastStatement":0,"seen":{}}}
,"/Users/felruizrojas/fel-school/pasteleria_mil_sabores/front-pasteleria/src/components/common/modal.css": {"path":"/Users/felruizrojas/fel-school/pasteleria_mil_sabores/front-pasteleria/src/components/common/modal.css","statementMap":{},"fnMap":{},"branchMap":{},"s":{},"f":{},"b":{},"meta":{"lastBranch":0,"lastFunction":0,"lastStatement":0,"seen":{}}}
,"/Users/felruizrojas/fel-school/pasteleria_mil_sabores/front-pasteleria/src/components/menu/MenuFilters.tsx": {"path":"/Users/felruizrojas/fel-school/pasteleria_mil_sabores/front-pasteleria/src/components/menu/MenuFilters.tsx","statementMap":{"0":{"start":{"line":30,"column":20},"end":{"line":151,"column":null}},"1":{"start":{"line":59,"column":14},"end":{"line":59,"column":null}},"2":{"start":{"line":78,"column":14},"end":{"line":78,"column":null}},"3":{"start":{"line":99,"column":24},"end":{"line":99,"column":38}},"4":{"start":{"line":100,"column":14},"end":{"line":100,"column":null}},"5":{"start":{"line":117,"column":24},"end":{"line":117,"column":38}},"6":{"start":{"line":118,"column":14},"end":{"line":118,"column":null}},"7":{"start":{"line":132,"column":29},"end":{"line":132,"column":null}}},"fnMap":{"0":{"name":"(anonymous_0)","decl":{"start":{"line":30,"column":20},"end":{"line":30,"column":21}},"loc":{"start":{"line":48,"column":19},"end":{"line":151,"column":null}},"line":48},"1":{"name":"(anonymous_1)","decl":{"start":{"line":58,"column":22},"end":{"line":58,"column":23}},"loc":{"start":{"line":59,"column":14},"end":{"line":59,"column":null}},"line":59},"2":{"name":"(anonymous_2)","decl":{"start":{"line":77,"column":22},"end":{"line":77,"column":23}},"loc":{"start":{"line":78,"column":14},"end":{"line":78,"column":null}},"line":78},"3":{"name":"(anonymous_3)","decl":{"start":{"line":98,"column":22},"end":{"line":98,"column":23}},"loc":{"start":{"line":98,"column":23},"end":{"line":101,"column":null}},"line":98},"4":{"name":"(anonymous_4)","decl":{"start":{"line":116,"column":22},"end":{"line":116,"column":23}},"loc":{"start":{"line":116,"column":23},"end":{"line":119,"column":null}},"line":116},"5":{"name":"(anonymous_5)","decl":{"start":{"line":132,"column":22},"end":{"line":132,"column":23}},"loc":{"start":{"line":132,"column":29},"end":{"line":132,"column":null}},"line":132}},"branchMap":{"0":{"loc":{"start":{"line":57,"column":19},"end":{"line":57,"column":null}},"type":"binary-expr","locations":[{"start":{"line":57,"column":19},"end":{"line":57,"column":39}},{"start":{"line":57,"column":39},"end":{"line":57,"column":null}}],"line":57},"1":{"loc":{"start":{"line":59,"column":31},"end":{"line":59,"column":null}},"type":"cond-expr","locations":[{"start":{"line":59,"column":48},"end":{"line":59,"column":73}},{"start":{"line":59,"column":73},"end":{"line":59,"column":null}}],"line":59},"2":{"loc":{"start":{"line":76,"column":19},"end":{"line":76,"column":null}},"type":"binary-expr","locations":[{"start":{"line":76,"column":19},"end":{"line":76,"column":42}},{"start":{"line":76,"column":42},"end":{"line":76,"column":null}}],"line":76},"3":{"loc":{"start":{"line":78,"column":30},"end":{"line":78,"column":null}},"type":"binary-expr","locations":[{"start":{"line":78,"column":30},"end":{"line":78,"column":44}},{"start":{"line":78,"column":48},"end":{"line":78,"column":null}}],"line":78},"4":{"loc":{"start":{"line":96,"column":39},"end":{"line":96,"column":76}},"type":"cond-expr","locations":[{"start":{"line":96,"column":57},"end":{"line":96,"column":72}},{"start":{"line":96,"column":72},"end":{"line":96,"column":76}}],"line":96},"5":{"loc":{"start":{"line":100,"column":31},"end":{"line":100,"column":null}},"type":"cond-expr","locations":[{"start":{"line":100,"column":42},"end":{"line":100,"column":47}},{"start":{"line":100,"column":47},"end":{"line":100,"column":null}}],"line":100},"6":{"loc":{"start":{"line":114,"column":39},"end":{"line":114,"column":76}},"type":"cond-expr","locations":[{"start":{"line":114,"column":57},"end":{"line":114,"column":72}},{"start":{"line":114,"column":72},"end":{"line":114,"column":76}}],"line":114},"7":{"loc":{"start":{"line":118,"column":31},"end":{"line":118,"column":null}},"type":"cond-expr","locations":[{"start":{"line":118,"column":42},"end":{"line":118,"column":47}},{"start":{"line":118,"column":47},"end":{"line":118,"column":null}}],"line":118}},"s":{"0":2,"1":1,"2":0,"3":0,"4":0,"5":0,"6":0,"7":0},"f":{"0":5,"1":1,"2":0,"3":0,"4":0,"5":0},"b":{"0":[5,4],"1":[1,0],"2":[5,5],"3":[0,0],"4":[0,5],"5":[0,0],"6":[0,5],"7":[0,0]},"meta":{"lastBranch":8,"lastFunction":6,"lastStatement":8,"seen":{"s:30:20:151:Infinity":0,"f:30:20:30:21":0,"b:57:19:57:39:57:39:57:Infinity":0,"f:58:22:58:23":1,"s:59:14:59:Infinity":1,"b:59:48:59:73:59:73:59:Infinity":1,"b:76:19:76:42:76:42:76:Infinity":2,"f:77:22:77:23":2,"s:78:14:78:Infinity":2,"b:78:30:78:44:78:48:78:Infinity":3,"b:96:57:96:72:96:72:96:76":4,"f:98:22:98:23":3,"s:99:24:99:38":3,"s:100:14:100:Infinity":4,"b:100:42:100:47:100:47:100:Infinity":5,"b:114:57:114:72:114:72:114:76":6,"f:116:22:116:23":4,"s:117:24:117:38":5,"s:118:14:118:Infinity":6,"b:118:42:118:47:118:47:118:Infinity":7,"f:132:22:132:23":5,"s:132:29:132:Infinity":7}}}
,"/Users/felruizrojas/fel-school/pasteleria_mil_sabores/front-pasteleria/src/context/auth/AuthContext.ts": {"path":"/Users/felruizrojas/fel-school/pasteleria_mil_sabores/front-pasteleria/src/context/auth/AuthContext.ts","statementMap":{"0":{"start":{"line":5,"column":6},"end":{"line":5,"column":null}}},"fnMap":{},"branchMap":{},"s":{"0":8},"f":{},"b":{},"meta":{"lastBranch":0,"lastFunction":0,"lastStatement":1,"seen":{"s:5:6:5:Infinity":0}}}
,"/Users/felruizrojas/fel-school/pasteleria_mil_sabores/front-pasteleria/src/context/auth/AuthProvider.tsx": {"path":"/Users/felruizrojas/fel-school/pasteleria_mil_sabores/front-pasteleria/src/context/auth/AuthProvider.tsx","statementMap":{"0":{"start":{"line":14,"column":24},"end":{"line":14,"column":53}},"1":{"start":{"line":16,"column":22},"end":{"line":27,"column":null}},"2":{"start":{"line":17,"column":1},"end":{"line":26,"column":null}},"3":{"start":{"line":19,"column":3},"end":{"line":19,"column":null}},"4":{"start":{"line":21,"column":3},"end":{"line":21,"column":null}},"5":{"start":{"line":23,"column":3},"end":{"line":23,"column":null}},"6":{"start":{"line":25,"column":3},"end":{"line":25,"column":null}},"7":{"start":{"line":29,"column":28},"end":{"line":36,"column":null}},"8":{"start":{"line":30,"column":1},"end":{"line":32,"column":null}},"9":{"start":{"line":31,"column":2},"end":{"line":31,"column":null}},"10":{"start":{"line":34,"column":22},"end":{"line":34,"column":null}},"11":{"start":{"line":35,"column":1},"end":{"line":35,"column":null}},"12":{"start":{"line":38,"column":22},"end":{"line":50,"column":null}},"13":{"start":{"line":39,"column":19},"end":{"line":39,"column":null}},"14":{"start":{"line":40,"column":18},"end":{"line":40,"column":null}},"15":{"start":{"line":42,"column":1},"end":{"line":49,"column":null}},"16":{"start":{"line":52,"column":26},"end":{"line":67,"column":null}},"17":{"start":{"line":53,"column":7},"end":{"line":53,"column":null}},"18":{"start":{"line":54,"column":1},"end":{"line":56,"column":null}},"19":{"start":{"line":55,"column":2},"end":{"line":55,"column":null}},"20":{"start":{"line":58,"column":1},"end":{"line":66,"column":null}},"21":{"start":{"line":59,"column":2},"end":{"line":62,"column":null}},"22":{"start":{"line":60,"column":3},"end":{"line":60,"column":null}},"23":{"start":{"line":61,"column":3},"end":{"line":61,"column":null}},"24":{"start":{"line":63,"column":2},"end":{"line":63,"column":null}},"25":{"start":{"line":65,"column":2},"end":{"line":65,"column":null}},"26":{"start":{"line":73,"column":28},"end":{"line":152,"column":null}},"27":{"start":{"line":74,"column":22},"end":{"line":74,"column":null}},"28":{"start":{"line":74,"column":57},"end":{"line":74,"column":null}},"29":{"start":{"line":75,"column":28},"end":{"line":75,"column":null}},"30":{"start":{"line":77,"column":1},"end":{"line":81,"column":null}},"31":{"start":{"line":78,"column":2},"end":{"line":80,"column":null}},"32":{"start":{"line":79,"column":3},"end":{"line":79,"column":null}},"33":{"start":{"line":83,"column":7},"end":{"line":99,"column":null}},"34":{"start":{"line":84,"column":2},"end":{"line":84,"column":null}},"35":{"start":{"line":86,"column":2},"end":{"line":98,"column":null}},"36":{"start":{"line":87,"column":3},"end":{"line":87,"column":null}},"37":{"start":{"line":87,"column":34},"end":{"line":87,"column":null}},"38":{"start":{"line":89,"column":9},"end":{"line":89,"column":null}},"39":{"start":{"line":90,"column":3},"end":{"line":92,"column":null}},"40":{"start":{"line":91,"column":4},"end":{"line":91,"column":null}},"41":{"start":{"line":94,"column":3},"end":{"line":94,"column":null}},"42":{"start":{"line":95,"column":3},"end":{"line":95,"column":null}},"43":{"start":{"line":97,"column":3},"end":{"line":97,"column":null}},"44":{"start":{"line":101,"column":7},"end":{"line":104,"column":null}},"45":{"start":{"line":102,"column":2},"end":{"line":102,"column":null}},"46":{"start":{"line":103,"column":2},"end":{"line":103,"column":null}},"47":{"start":{"line":106,"column":7},"end":{"line":113,"column":null}},"48":{"start":{"line":107,"column":2},"end":{"line":110,"column":null}},"49":{"start":{"line":108,"column":3},"end":{"line":108,"column":null}},"50":{"start":{"line":109,"column":3},"end":{"line":109,"column":null}},"51":{"start":{"line":111,"column":2},"end":{"line":111,"column":null}},"52":{"start":{"line":112,"column":2},"end":{"line":112,"column":null}},"53":{"start":{"line":115,"column":1},"end":{"line":137,"column":null}},"54":{"start":{"line":116,"column":2},"end":{"line":118,"column":null}},"55":{"start":{"line":117,"column":3},"end":{"line":117,"column":null}},"56":{"start":{"line":120,"column":26},"end":{"line":122,"column":null}},"57":{"start":{"line":121,"column":3},"end":{"line":121,"column":null}},"58":{"start":{"line":121,"column":17},"end":{"line":121,"column":null}},"59":{"start":{"line":124,"column":24},"end":{"line":128,"column":null}},"60":{"start":{"line":125,"column":3},"end":{"line":127,"column":null}},"61":{"start":{"line":126,"column":4},"end":{"line":126,"column":null}},"62":{"start":{"line":130,"column":2},"end":{"line":130,"column":null}},"63":{"start":{"line":131,"column":2},"end":{"line":131,"column":null}},"64":{"start":{"line":133,"column":2},"end":{"line":136,"column":null}},"65":{"start":{"line":134,"column":3},"end":{"line":134,"column":null}},"66":{"start":{"line":135,"column":3},"end":{"line":135,"column":null}},"67":{"start":{"line":139,"column":7},"end":{"line":148,"column":null}},"68":{"start":{"line":140,"column":9},"end":{"line":147,"column":null}}},"fnMap":{"0":{"name":"(anonymous_0)","decl":{"start":{"line":16,"column":22},"end":{"line":16,"column":23}},"loc":{"start":{"line":16,"column":23},"end":{"line":27,"column":null}},"line":16},"1":{"name":"(anonymous_1)","decl":{"start":{"line":29,"column":28},"end":{"line":29,"column":29}},"loc":{"start":{"line":29,"column":29},"end":{"line":36,"column":null}},"line":29},"2":{"name":"(anonymous_2)","decl":{"start":{"line":38,"column":22},"end":{"line":38,"column":23}},"loc":{"start":{"line":38,"column":23},"end":{"line":50,"column":null}},"line":38},"3":{"name":"(anonymous_3)","decl":{"start":{"line":52,"column":26},"end":{"line":52,"column":null}},"loc":{"start":{"line":52,"column":26},"end":{"line":67,"column":null}},"line":52},"4":{"name":"(anonymous_4)","decl":{"start":{"line":73,"column":28},"end":{"line":73,"column":29}},"loc":{"start":{"line":73,"column":60},"end":{"line":152,"column":null}},"line":73},"5":{"name":"(anonymous_5)","decl":{"start":{"line":74,"column":51},"end":{"line":74,"column":57}},"loc":{"start":{"line":74,"column":57},"end":{"line":74,"column":null}},"line":74},"6":{"name":"(anonymous_6)","decl":{"start":{"line":77,"column":11},"end":{"line":77,"column":null}},"loc":{"start":{"line":77,"column":11},"end":{"line":81,"column":4}},"line":77},"7":{"name":"(anonymous_7)","decl":{"start":{"line":83,"column":27},"end":{"line":83,"column":34}},"loc":{"start":{"line":83,"column":70},"end":{"line":99,"column":4}},"line":83},"8":{"name":"(anonymous_8)","decl":{"start":{"line":87,"column":21},"end":{"line":87,"column":22}},"loc":{"start":{"line":87,"column":34},"end":{"line":87,"column":null}},"line":87},"9":{"name":"(anonymous_9)","decl":{"start":{"line":101,"column":28},"end":{"line":101,"column":null}},"loc":{"start":{"line":101,"column":28},"end":{"line":104,"column":4}},"line":101},"10":{"name":"(anonymous_10)","decl":{"start":{"line":106,"column":33},"end":{"line":106,"column":34}},"loc":{"start":{"line":106,"column":34},"end":{"line":113,"column":4}},"line":106},"11":{"name":"(anonymous_11)","decl":{"start":{"line":115,"column":11},"end":{"line":115,"column":null}},"loc":{"start":{"line":115,"column":11},"end":{"line":137,"column":4}},"line":115},"12":{"name":"(anonymous_12)","decl":{"start":{"line":120,"column":26},"end":{"line":120,"column":null}},"loc":{"start":{"line":120,"column":26},"end":{"line":122,"column":null}},"line":120},"13":{"name":"(anonymous_13)","decl":{"start":{"line":121,"column":11},"end":{"line":121,"column":17}},"loc":{"start":{"line":121,"column":17},"end":{"line":121,"column":null}},"line":121},"14":{"name":"(anonymous_14)","decl":{"start":{"line":124,"column":24},"end":{"line":124,"column":25}},"loc":{"start":{"line":124,"column":25},"end":{"line":128,"column":null}},"line":124},"15":{"name":"(anonymous_15)","decl":{"start":{"line":133,"column":9},"end":{"line":133,"column":null}},"loc":{"start":{"line":133,"column":9},"end":{"line":136,"column":null}},"line":133},"16":{"name":"(anonymous_16)","decl":{"start":{"line":140,"column":2},"end":{"line":140,"column":9}},"loc":{"start":{"line":140,"column":9},"end":{"line":147,"column":null}},"line":140}},"branchMap":{"0":{"loc":{"start":{"line":17,"column":1},"end":{"line":26,"column":null}},"type":"switch","locations":[{"start":{"line":18,"column":2},"end":{"line":19,"column":null}},{"start":{"line":20,"column":2},"end":{"line":21,"column":null}},{"start":{"line":22,"column":2},"end":{"line":23,"column":null}},{"start":{"line":24,"column":2},"end":{"line":25,"column":null}}],"line":17},"1":{"loc":{"start":{"line":30,"column":1},"end":{"line":32,"column":null}},"type":"if","locations":[{"start":{"line":30,"column":1},"end":{"line":32,"column":null}},{"start":{},"end":{}}],"line":30},"2":{"loc":{"start":{"line":34,"column":8},"end":{"line":34,"column":18}},"type":"default-arg","locations":[{"start":{"line":34,"column":16},"end":{"line":34,"column":18}}],"line":34},"3":{"loc":{"start":{"line":54,"column":1},"end":{"line":56,"column":null}},"type":"if","locations":[{"start":{"line":54,"column":1},"end":{"line":56,"column":null}},{"start":{},"end":{}}],"line":54},"4":{"loc":{"start":{"line":59,"column":2},"end":{"line":62,"column":null}},"type":"if","locations":[{"start":{"line":59,"column":2},"end":{"line":62,"column":null}},{"start":{},"end":{}}],"line":59},"5":{"loc":{"start":{"line":78,"column":2},"end":{"line":80,"column":null}},"type":"if","locations":[{"start":{"line":78,"column":2},"end":{"line":80,"column":null}},{"start":{},"end":{}}],"line":78},"6":{"loc":{"start":{"line":90,"column":3},"end":{"line":92,"column":null}},"type":"if","locations":[{"start":{"line":90,"column":3},"end":{"line":92,"column":null}},{"start":{},"end":{}}],"line":90},"7":{"loc":{"start":{"line":90,"column":7},"end":{"line":90,"column":38}},"type":"binary-expr","locations":[{"start":{"line":90,"column":7},"end":{"line":90,"column":22}},{"start":{"line":90,"column":26},"end":{"line":90,"column":38}}],"line":90},"8":{"loc":{"start":{"line":91,"column":20},"end":{"line":91,"column":null}},"type":"binary-expr","locations":[{"start":{"line":91,"column":20},"end":{"line":91,"column":32}},{"start":{"line":91,"column":36},"end":{"line":91,"column":null}}],"line":91},"9":{"loc":{"start":{"line":107,"column":2},"end":{"line":110,"column":null}},"type":"if","locations":[{"start":{"line":107,"column":2},"end":{"line":110,"column":null}},{"start":{},"end":{}}],"line":107},"10":{"loc":{"start":{"line":116,"column":2},"end":{"line":118,"column":null}},"type":"if","locations":[{"start":{"line":116,"column":2},"end":{"line":118,"column":null}},{"start":{},"end":{}}],"line":116},"11":{"loc":{"start":{"line":125,"column":3},"end":{"line":127,"column":null}},"type":"if","locations":[{"start":{"line":125,"column":3},"end":{"line":127,"column":null}},{"start":{},"end":{}}],"line":125},"12":{"loc":{"start":{"line":125,"column":7},"end":{"line":125,"column":95}},"type":"binary-expr","locations":[{"start":{"line":125,"column":7},"end":{"line":125,"column":17}},{"start":{"line":125,"column":21},"end":{"line":125,"column":54}},{"start":{"line":125,"column":54},"end":{"line":125,"column":95}}],"line":125}},"s":{"0":8,"1":8,"2":0,"3":0,"4":0,"5":0,"6":0,"7":8,"8":0,"9":0,"10":0,"11":0,"12":8,"13":0,"14":0,"15":0,"16":8,"17":8,"18":8,"19":8,"20":0,"21":0,"22":0,"23":0,"24":0,"25":0,"26":8,"27":8,"28":8,"29":8,"30":8,"31":8,"32":8,"33":8,"34":0,"35":0,"36":0,"37":0,"38":0,"39":0,"40":0,"41":0,"42":0,"43":0,"44":8,"45":0,"46":0,"47":8,"48":0,"49":0,"50":0,"51":0,"52":0,"53":8,"54":8,"55":0,"56":8,"57":0,"58":0,"59":8,"60":0,"61":0,"62":8,"63":8,"64":8,"65":8,"66":8,"67":8,"68":8},"f":{"0":0,"1":0,"2":0,"3":8,"4":8,"5":8,"6":8,"7":0,"8":0,"9":0,"10":0,"11":8,"12":0,"13":0,"14":0,"15":8,"16":8},"b":{"0":[0,0,0,0],"1":[0,0],"2":[0],"3":[8,0],"4":[0,0],"5":[8,0],"6":[0,0],"7":[0,0],"8":[0,0],"9":[0,0],"10":[0,8],"11":[0,0],"12":[0,0,0]},"meta":{"lastBranch":13,"lastFunction":17,"lastStatement":69,"seen":{"s:14:24:14:53":0,"s:16:22:27:Infinity":1,"f:16:22:16:23":0,"b:18:2:19:Infinity:20:2:21:Infinity:22:2:23:Infinity:24:2:25:Infinity":0,"s:17:1:26:Infinity":2,"s:19:3:19:Infinity":3,"s:21:3:21:Infinity":4,"s:23:3:23:Infinity":5,"s:25:3:25:Infinity":6,"s:29:28:36:Infinity":7,"f:29:28:29:29":1,"b:30:1:32:Infinity:undefined:undefined:undefined:undefined":1,"s:30:1:32:Infinity":8,"s:31:2:31:Infinity":9,"s:34:22:34:Infinity":10,"b:34:16:34:18":2,"s:35:1:35:Infinity":11,"s:38:22:50:Infinity":12,"f:38:22:38:23":2,"s:39:19:39:Infinity":13,"s:40:18:40:Infinity":14,"s:42:1:49:Infinity":15,"s:52:26:67:Infinity":16,"f:52:26:52:Infinity":3,"s:53:7:53:Infinity":17,"b:54:1:56:Infinity:undefined:undefined:undefined:undefined":3,"s:54:1:56:Infinity":18,"s:55:2:55:Infinity":19,"s:58:1:66:Infinity":20,"b:59:2:62:Infinity:undefined:undefined:undefined:undefined":4,"s:59:2:62:Infinity":21,"s:60:3:60:Infinity":22,"s:61:3:61:Infinity":23,"s:63:2:63:Infinity":24,"s:65:2:65:Infinity":25,"s:73:28:152:Infinity":26,"f:73:28:73:29":4,"s:74:22:74:Infinity":27,"f:74:51:74:57":5,"s:74:57:74:Infinity":28,"s:75:28:75:Infinity":29,"s:77:1:81:Infinity":30,"f:77:11:77:Infinity":6,"b:78:2:80:Infinity:undefined:undefined:undefined:undefined":5,"s:78:2:80:Infinity":31,"s:79:3:79:Infinity":32,"s:83:7:99:Infinity":33,"f:83:27:83:34":7,"s:84:2:84:Infinity":34,"s:86:2:98:Infinity":35,"s:87:3:87:Infinity":36,"f:87:21:87:22":8,"s:87:34:87:Infinity":37,"s:89:9:89:Infinity":38,"b:90:3:92:Infinity:undefined:undefined:undefined:undefined":6,"s:90:3:92:Infinity":39,"b:90:7:90:22:90:26:90:38":7,"s:91:4:91:Infinity":40,"b:91:20:91:32:91:36:91:Infinity":8,"s:94:3:94:Infinity":41,"s:95:3:95:Infinity":42,"s:97:3:97:Infinity":43,"s:101:7:104:Infinity":44,"f:101:28:101:Infinity":9,"s:102:2:102:Infinity":45,"s:103:2:103:Infinity":46,"s:106:7:113:Infinity":47,"f:106:33:106:34":10,"b:107:2:110:Infinity:undefined:undefined:undefined:undefined":9,"s:107:2:110:Infinity":48,"s:108:3:108:Infinity":49,"s:109:3:109:Infinity":50,"s:111:2:111:Infinity":51,"s:112:2:112:Infinity":52,"s:115:1:137:Infinity":53,"f:115:11:115:Infinity":11,"b:116:2:118:Infinity:undefined:undefined:undefined:undefined":10,"s:116:2:118:Infinity":54,"s:117:3:117:Infinity":55,"s:120:26:122:Infinity":56,"f:120:26:120:Infinity":12,"s:121:3:121:Infinity":57,"f:121:11:121:17":13,"s:121:17:121:Infinity":58,"s:124:24:128:Infinity":59,"f:124:24:124:25":14,"b:125:3:127:Infinity:undefined:undefined:undefined:undefined":11,"s:125:3:127:Infinity":60,"b:125:7:125:17:125:21:125:54:125:54:125:95":12,"s:126:4:126:Infinity":61,"s:130:2:130:Infinity":62,"s:131:2:131:Infinity":63,"s:133:2:136:Infinity":64,"f:133:9:133:Infinity":15,"s:134:3:134:Infinity":65,"s:135:3:135:Infinity":66,"s:139:7:148:Infinity":67,"f:140:2:140:9":16,"s:140:9:147:Infinity":68}}}
,"/Users/felruizrojas/fel-school/pasteleria_mil_sabores/front-pasteleria/src/context/auth/index.ts": {"path":"/Users/felruizrojas/fel-school/pasteleria_mil_sabores/front-pasteleria/src/context/auth/index.ts","statementMap":{},"fnMap":{},"branchMap":{},"s":{},"f":{},"b":{},"meta":{"lastBranch":0,"lastFunction":0,"lastStatement":0,"seen":{}}}
,"/Users/felruizrojas/fel-school/pasteleria_mil_sabores/front-pasteleria/src/context/blog/BlogContext.ts": {"path":"/Users/felruizrojas/fel-school/pasteleria_mil_sabores/front-pasteleria/src/context/blog/BlogContext.ts","statementMap":{"0":{"start":{"line":10,"column":13},"end":{"line":10,"column":null}}},"fnMap":{},"branchMap":{},"s":{"0":1},"f":{},"b":{},"meta":{"lastBranch":0,"lastFunction":0,"lastStatement":1,"seen":{"s:10:13:10:Infinity":0}}}
,"/Users/felruizrojas/fel-school/pasteleria_mil_sabores/front-pasteleria/src/context/blog/BlogProvider.tsx": {"path":"/Users/felruizrojas/fel-school/pasteleria_mil_sabores/front-pasteleria/src/context/blog/BlogProvider.tsx","statementMap":{"0":{"start":{"line":6,"column":28},"end":{"line":34,"column":null}},"1":{"start":{"line":7,"column":25},"end":{"line":7,"column":null}},"2":{"start":{"line":7,"column":49},"end":{"line":7,"column":null}},"3":{"start":{"line":9,"column":8},"end":{"line":15,"column":null}},"4":{"start":{"line":11,"column":22},"end":{"line":11,"column":null}},"5":{"start":{"line":12,"column":6},"end":{"line":12,"column":null}},"6":{"start":{"line":13,"column":6},"end":{"line":13,"column":null}},"7":{"start":{"line":18,"column":8},"end":{"line":26,"column":null}},"8":{"start":{"line":20,"column":22},"end":{"line":21,"column":null}},"9":{"start":{"line":21,"column":8},"end":{"line":21,"column":null}},"10":{"start":{"line":23,"column":6},"end":{"line":23,"column":null}},"11":{"start":{"line":24,"column":6},"end":{"line":24,"column":null}}},"fnMap":{"0":{"name":"(anonymous_0)","decl":{"start":{"line":6,"column":28},"end":{"line":6,"column":29}},"loc":{"start":{"line":6,"column":72},"end":{"line":34,"column":null}},"line":6},"1":{"name":"(anonymous_1)","decl":{"start":{"line":7,"column":49},"end":{"line":7,"column":55}},"loc":{"start":{"line":7,"column":49},"end":{"line":7,"column":null}},"line":7},"2":{"name":"(anonymous_2)","decl":{"start":{"line":10,"column":4},"end":{"line":10,"column":5}},"loc":{"start":{"line":10,"column":5},"end":{"line":14,"column":null}},"line":10},"3":{"name":"(anonymous_3)","decl":{"start":{"line":19,"column":4},"end":{"line":19,"column":5}},"loc":{"start":{"line":19,"column":17},"end":{"line":25,"column":null}},"line":19},"4":{"name":"(anonymous_4)","decl":{"start":{"line":20,"column":32},"end":{"line":20,"column":33}},"loc":{"start":{"line":21,"column":8},"end":{"line":21,"column":null}},"line":21}},"branchMap":{"0":{"loc":{"start":{"line":21,"column":8},"end":{"line":21,"column":null}},"type":"cond-expr","locations":[{"start":{"line":21,"column":22},"end":{"line":21,"column":41}},{"start":{"line":21,"column":41},"end":{"line":21,"column":null}}],"line":21}},"s":{"0":1,"1":1,"2":1,"3":1,"4":0,"5":0,"6":0,"7":1,"8":0,"9":0,"10":0,"11":0},"f":{"0":1,"1":1,"2":0,"3":0,"4":0},"b":{"0":[0,0]},"meta":{"lastBranch":1,"lastFunction":5,"lastStatement":12,"seen":{"s:6:28:34:Infinity":0,"f:6:28:6:29":0,"s:7:25:7:Infinity":1,"f:7:49:7:55":1,"s:7:49:7:Infinity":2,"s:9:8:15:Infinity":3,"f:10:4:10:5":2,"s:11:22:11:Infinity":4,"s:12:6:12:Infinity":5,"s:13:6:13:Infinity":6,"s:18:8:26:Infinity":7,"f:19:4:19:5":3,"s:20:22:21:Infinity":8,"f:20:32:20:33":4,"s:21:8:21:Infinity":9,"b:21:22:21:41:21:41:21:Infinity":0,"s:23:6:23:Infinity":10,"s:24:6:24:Infinity":11}}}
,"/Users/felruizrojas/fel-school/pasteleria_mil_sabores/front-pasteleria/src/context/blog/useBlogs.ts": {"path":"/Users/felruizrojas/fel-school/pasteleria_mil_sabores/front-pasteleria/src/context/blog/useBlogs.ts","statementMap":{"0":{"start":{"line":4,"column":24},"end":{"line":10,"column":null}},"1":{"start":{"line":5,"column":8},"end":{"line":5,"column":null}},"2":{"start":{"line":6,"column":2},"end":{"line":8,"column":null}},"3":{"start":{"line":7,"column":4},"end":{"line":7,"column":null}},"4":{"start":{"line":9,"column":2},"end":{"line":9,"column":null}}},"fnMap":{"0":{"name":"(anonymous_0)","decl":{"start":{"line":4,"column":24},"end":{"line":4,"column":null}},"loc":{"start":{"line":4,"column":24},"end":{"line":10,"column":null}},"line":4}},"branchMap":{"0":{"loc":{"start":{"line":6,"column":2},"end":{"line":8,"column":null}},"type":"if","locations":[{"start":{"line":6,"column":2},"end":{"line":8,"column":null}},{"start":{},"end":{}}],"line":6}},"s":{"0":1,"1":1,"2":1,"3":0,"4":1},"f":{"0":1},"b":{"0":[0,1]},"meta":{"lastBranch":1,"lastFunction":1,"lastStatement":5,"seen":{"s:4:24:10:Infinity":0,"f:4:24:4:Infinity":0,"s:5:8:5:Infinity":1,"b:6:2:8:Infinity:undefined:undefined:undefined:undefined":0,"s:6:2:8:Infinity":2,"s:7:4:7:Infinity":3,"s:9:2:9:Infinity":4}}}
,"/Users/felruizrojas/fel-school/pasteleria_mil_sabores/front-pasteleria/src/context/cart/CartContext.ts": {"path":"/Users/felruizrojas/fel-school/pasteleria_mil_sabores/front-pasteleria/src/context/cart/CartContext.ts","statementMap":{"0":{"start":{"line":31,"column":13},"end":{"line":31,"column":null}}},"fnMap":{},"branchMap":{},"s":{"0":8},"f":{},"b":{},"meta":{"lastBranch":0,"lastFunction":0,"lastStatement":1,"seen":{"s:31:13:31:Infinity":0}}}
,"/Users/felruizrojas/fel-school/pasteleria_mil_sabores/front-pasteleria/src/context/cart/CartProvider.tsx": {"path":"/Users/felruizrojas/fel-school/pasteleria_mil_sabores/front-pasteleria/src/context/cart/CartProvider.tsx","statementMap":{"0":{"start":{"line":21,"column":28},"end":{"line":211,"column":null}},"1":{"start":{"line":22,"column":26},"end":{"line":22,"column":null}},"2":{"start":{"line":23,"column":17},"end":{"line":23,"column":null}},"3":{"start":{"line":26,"column":40},"end":{"line":28,"column":null}},"4":{"start":{"line":33,"column":25},"end":{"line":33,"column":null}},"5":{"start":{"line":33,"column":49},"end":{"line":33,"column":null}},"6":{"start":{"line":37,"column":43},"end":{"line":40,"column":null}},"7":{"start":{"line":39,"column":4},"end":{"line":39,"column":null}},"8":{"start":{"line":45,"column":8},"end":{"line":50,"column":null}},"9":{"start":{"line":47,"column":6},"end":{"line":47,"column":null}},"10":{"start":{"line":48,"column":6},"end":{"line":48,"column":33}},"11":{"start":{"line":56,"column":8},"end":{"line":61,"column":null}},"12":{"start":{"line":57,"column":22},"end":{"line":57,"column":null}},"13":{"start":{"line":58,"column":14},"end":{"line":58,"column":null}},"14":{"start":{"line":58,"column":39},"end":{"line":58,"column":null}},"15":{"start":{"line":59,"column":4},"end":{"line":59,"column":null}},"16":{"start":{"line":59,"column":34},"end":{"line":59,"column":null}},"17":{"start":{"line":60,"column":4},"end":{"line":60,"column":null}},"18":{"start":{"line":66,"column":8},"end":{"line":71,"column":null}},"19":{"start":{"line":68,"column":6},"end":{"line":70,"column":null}},"20":{"start":{"line":69,"column":23},"end":{"line":69,"column":null}},"21":{"start":{"line":70,"column":28},"end":{"line":70,"column":44}},"22":{"start":{"line":77,"column":8},"end":{"line":111,"column":null}},"23":{"start":{"line":79,"column":24},"end":{"line":79,"column":null}},"24":{"start":{"line":80,"column":6},"end":{"line":80,"column":null}},"25":{"start":{"line":80,"column":26},"end":{"line":80,"column":null}},"26":{"start":{"line":82,"column":22},"end":{"line":82,"column":null}},"27":{"start":{"line":83,"column":22},"end":{"line":83,"column":null}},"28":{"start":{"line":85,"column":26},"end":{"line":85,"column":null}},"29":{"start":{"line":86,"column":25},"end":{"line":86,"column":52}},"30":{"start":{"line":88,"column":6},"end":{"line":92,"column":null}},"31":{"start":{"line":89,"column":27},"end":{"line":89,"column":null}},"32":{"start":{"line":90,"column":8},"end":{"line":90,"column":null}},"33":{"start":{"line":90,"column":29},"end":{"line":90,"column":null}},"34":{"start":{"line":91,"column":8},"end":{"line":91,"column":null}},"35":{"start":{"line":94,"column":18},"end":{"line":97,"column":null}},"36":{"start":{"line":96,"column":10},"end":{"line":97,"column":null}},"37":{"start":{"line":100,"column":6},"end":{"line":107,"column":null}},"38":{"start":{"line":101,"column":8},"end":{"line":104,"column":null}},"39":{"start":{"line":106,"column":8},"end":{"line":106,"column":null}},"40":{"start":{"line":109,"column":6},"end":{"line":109,"column":null}},"41":{"start":{"line":117,"column":8},"end":{"line":148,"column":null}},"42":{"start":{"line":119,"column":24},"end":{"line":119,"column":null}},"43":{"start":{"line":120,"column":6},"end":{"line":120,"column":null}},"44":{"start":{"line":120,"column":26},"end":{"line":120,"column":null}},"45":{"start":{"line":122,"column":22},"end":{"line":122,"column":null}},"46":{"start":{"line":123,"column":22},"end":{"line":123,"column":null}},"47":{"start":{"line":125,"column":25},"end":{"line":130,"column":null}},"48":{"start":{"line":127,"column":20},"end":{"line":127,"column":null}},"49":{"start":{"line":128,"column":10},"end":{"line":128,"column":null}},"50":{"start":{"line":130,"column":28},"end":{"line":130,"column":44}},"51":{"start":{"line":132,"column":18},"end":{"line":132,"column":null}},"52":{"start":{"line":134,"column":26},"end":{"line":134,"column":null}},"53":{"start":{"line":135,"column":6},"end":{"line":135,"column":null}},"54":{"start":{"line":135,"column":29},"end":{"line":135,"column":null}},"55":{"start":{"line":136,"column":6},"end":{"line":136,"column":null}},"56":{"start":{"line":136,"column":31},"end":{"line":136,"column":null}},"57":{"start":{"line":138,"column":21},"end":{"line":144,"column":null}},"58":{"start":{"line":139,"column":18},"end":{"line":139,"column":null}},"59":{"start":{"line":140,"column":8},"end":{"line":142,"column":null}},"60":{"start":{"line":141,"column":10},"end":{"line":141,"column":null}},"61":{"start":{"line":143,"column":8},"end":{"line":143,"column":null}},"62":{"start":{"line":146,"column":6},"end":{"line":146,"column":null}},"63":{"start":{"line":154,"column":8},"end":{"line":165,"column":null}},"64":{"start":{"line":156,"column":22},"end":{"line":156,"column":null}},"65":{"start":{"line":158,"column":22},"end":{"line":161,"column":null}},"66":{"start":{"line":159,"column":18},"end":{"line":159,"column":null}},"67":{"start":{"line":160,"column":8},"end":{"line":160,"column":null}},"68":{"start":{"line":163,"column":6},"end":{"line":163,"column":null}},"69":{"start":{"line":171,"column":8},"end":{"line":174,"column":null}},"70":{"start":{"line":172,"column":4},"end":{"line":172,"column":null}},"71":{"start":{"line":173,"column":4},"end":{"line":173,"column":26}},"72":{"start":{"line":179,"column":8},"end":{"line":195,"column":null}},"73":{"start":{"line":180,"column":21},"end":{"line":182,"column":null}},"74":{"start":{"line":181,"column":18},"end":{"line":181,"column":45}},"75":{"start":{"line":185,"column":10},"end":{"line":185,"column":null}},"76":{"start":{"line":187,"column":4},"end":{"line":194,"column":null}},"77":{"start":{"line":189,"column":44},"end":{"line":189,"column":58}}},"fnMap":{"0":{"name":"(anonymous_0)","decl":{"start":{"line":21,"column":28},"end":{"line":21,"column":29}},"loc":{"start":{"line":21,"column":48},"end":{"line":211,"column":null}},"line":21},"1":{"name":"(anonymous_1)","decl":{"start":{"line":33,"column":49},"end":{"line":33,"column":55}},"loc":{"start":{"line":33,"column":49},"end":{"line":33,"column":null}},"line":33},"2":{"name":"(anonymous_2)","decl":{"start":{"line":38,"column":12},"end":{"line":38,"column":null}},"loc":{"start":{"line":38,"column":12},"end":{"line":40,"column":5}},"line":38},"3":{"name":"(anonymous_3)","decl":{"start":{"line":46,"column":4},"end":{"line":46,"column":5}},"loc":{"start":{"line":46,"column":5},"end":{"line":49,"column":null}},"line":46},"4":{"name":"(anonymous_4)","decl":{"start":{"line":56,"column":34},"end":{"line":56,"column":35}},"loc":{"start":{"line":56,"column":35},"end":{"line":61,"column":5}},"line":56},"5":{"name":"(anonymous_5)","decl":{"start":{"line":58,"column":29},"end":{"line":58,"column":30}},"loc":{"start":{"line":58,"column":39},"end":{"line":58,"column":null}},"line":58},"6":{"name":"(anonymous_6)","decl":{"start":{"line":67,"column":4},"end":{"line":67,"column":5}},"loc":{"start":{"line":68,"column":6},"end":{"line":70,"column":null}},"line":68},"7":{"name":"(anonymous_7)","decl":{"start":{"line":69,"column":16},"end":{"line":69,"column":17}},"loc":{"start":{"line":69,"column":23},"end":{"line":69,"column":null}},"line":69},"8":{"name":"(anonymous_8)","decl":{"start":{"line":70,"column":16},"end":{"line":70,"column":17}},"loc":{"start":{"line":70,"column":28},"end":{"line":70,"column":44}},"line":70},"9":{"name":"(anonymous_9)","decl":{"start":{"line":78,"column":4},"end":{"line":78,"column":5}},"loc":{"start":{"line":78,"column":5},"end":{"line":110,"column":null}},"line":78},"10":{"name":"(anonymous_10)","decl":{"start":{"line":95,"column":8},"end":{"line":95,"column":9}},"loc":{"start":{"line":96,"column":10},"end":{"line":97,"column":null}},"line":96},"11":{"name":"(anonymous_11)","decl":{"start":{"line":118,"column":4},"end":{"line":118,"column":5}},"loc":{"start":{"line":118,"column":45},"end":{"line":147,"column":null}},"line":118},"12":{"name":"(anonymous_12)","decl":{"start":{"line":126,"column":16},"end":{"line":126,"column":17}},"loc":{"start":{"line":126,"column":17},"end":{"line":129,"column":null}},"line":126},"13":{"name":"(anonymous_13)","decl":{"start":{"line":130,"column":16},"end":{"line":130,"column":17}},"loc":{"start":{"line":130,"column":28},"end":{"line":130,"column":44}},"line":130},"14":{"name":"(anonymous_14)","decl":{"start":{"line":138,"column":33},"end":{"line":138,"column":34}},"loc":{"start":{"line":138,"column":34},"end":{"line":144,"column":null}},"line":138},"15":{"name":"(anonymous_15)","decl":{"start":{"line":155,"column":4},"end":{"line":155,"column":5}},"loc":{"start":{"line":155,"column":21},"end":{"line":164,"column":null}},"line":155},"16":{"name":"(anonymous_16)","decl":{"start":{"line":158,"column":35},"end":{"line":158,"column":36}},"loc":{"start":{"line":158,"column":36},"end":{"line":161,"column":null}},"line":158},"17":{"name":"(anonymous_17)","decl":{"start":{"line":171,"column":28},"end":{"line":171,"column":null}},"loc":{"start":{"line":171,"column":28},"end":{"line":174,"column":5}},"line":171},"18":{"name":"(anonymous_18)","decl":{"start":{"line":179,"column":25},"end":{"line":179,"column":null}},"loc":{"start":{"line":179,"column":25},"end":{"line":195,"column":5}},"line":179},"19":{"name":"(anonymous_19)","decl":{"start":{"line":181,"column":6},"end":{"line":181,"column":7}},"loc":{"start":{"line":181,"column":18},"end":{"line":181,"column":45}},"line":181},"20":{"name":"(anonymous_20)","decl":{"start":{"line":189,"column":34},"end":{"line":189,"column":35}},"loc":{"start":{"line":189,"column":44},"end":{"line":189,"column":58}},"line":189}},"branchMap":{"0":{"loc":{"start":{"line":23,"column":17},"end":{"line":23,"column":null}},"type":"binary-expr","locations":[{"start":{"line":23,"column":17},"end":{"line":23,"column":33}},{"start":{"line":23,"column":33},"end":{"line":23,"column":null}}],"line":23},"1":{"loc":{"start":{"line":26,"column":40},"end":{"line":28,"column":null}},"type":"cond-expr","locations":[{"start":{"line":26,"column":40},"end":{"line":27,"column":null}},{"start":{"line":28,"column":6},"end":{"line":28,"column":null}}],"line":26},"2":{"loc":{"start":{"line":59,"column":4},"end":{"line":59,"column":null}},"type":"if","locations":[{"start":{"line":59,"column":4},"end":{"line":59,"column":null}},{"start":{},"end":{}}],"line":59},"3":{"loc":{"start":{"line":59,"column":8},"end":{"line":59,"column":34}},"type":"binary-expr","locations":[{"start":{"line":59,"column":8},"end":{"line":59,"column":14}},{"start":{"line":59,"column":14},"end":{"line":59,"column":34}}],"line":59},"4":{"loc":{"start":{"line":80,"column":6},"end":{"line":80,"column":null}},"type":"if","locations":[{"start":{"line":80,"column":6},"end":{"line":80,"column":null}},{"start":{},"end":{}}],"line":80},"5":{"loc":{"start":{"line":82,"column":23},"end":{"line":82,"column":40}},"type":"binary-expr","locations":[{"start":{"line":82,"column":23},"end":{"line":82,"column":35}},{"start":{"line":82,"column":39},"end":{"line":82,"column":40}}],"line":82},"6":{"loc":{"start":{"line":88,"column":6},"end":{"line":92,"column":null}},"type":"if","locations":[{"start":{"line":88,"column":6},"end":{"line":92,"column":null}},{"start":{},"end":{}}],"line":88},"7":{"loc":{"start":{"line":90,"column":8},"end":{"line":90,"column":null}},"type":"if","locations":[{"start":{"line":90,"column":8},"end":{"line":90,"column":null}},{"start":{},"end":{}}],"line":90},"8":{"loc":{"start":{"line":96,"column":10},"end":{"line":97,"column":null}},"type":"binary-expr","locations":[{"start":{"line":96,"column":10},"end":{"line":96,"column":34}},{"start":{"line":97,"column":10},"end":{"line":97,"column":null}}],"line":96},"9":{"loc":{"start":{"line":97,"column":11},"end":{"line":97,"column":25}},"type":"binary-expr","locations":[{"start":{"line":97,"column":11},"end":{"line":97,"column":20}},{"start":{"line":97,"column":24},"end":{"line":97,"column":25}}],"line":97},"10":{"loc":{"start":{"line":100,"column":6},"end":{"line":107,"column":null}},"type":"if","locations":[{"start":{"line":100,"column":6},"end":{"line":107,"column":null}},{"start":{"line":105,"column":13},"end":{"line":107,"column":null}}],"line":100},"11":{"loc":{"start":{"line":120,"column":6},"end":{"line":120,"column":null}},"type":"if","locations":[{"start":{"line":120,"column":6},"end":{"line":120,"column":null}},{"start":{},"end":{}}],"line":120},"12":{"loc":{"start":{"line":122,"column":23},"end":{"line":122,"column":35}},"type":"binary-expr","locations":[{"start":{"line":122,"column":23},"end":{"line":122,"column":34}},{"start":{"line":122,"column":34},"end":{"line":122,"column":35}}],"line":122},"13":{"loc":{"start":{"line":127,"column":21},"end":{"line":127,"column":35}},"type":"binary-expr","locations":[{"start":{"line":127,"column":21},"end":{"line":127,"column":30}},{"start":{"line":127,"column":34},"end":{"line":127,"column":35}}],"line":127},"14":{"loc":{"start":{"line":128,"column":17},"end":{"line":128,"column":null}},"type":"binary-expr","locations":[{"start":{"line":128,"column":17},"end":{"line":128,"column":40}},{"start":{"line":128,"column":40},"end":{"line":128,"column":null}}],"line":128},"15":{"loc":{"start":{"line":135,"column":6},"end":{"line":135,"column":null}},"type":"if","locations":[{"start":{"line":135,"column":6},"end":{"line":135,"column":null}},{"start":{},"end":{}}],"line":135},"16":{"loc":{"start":{"line":136,"column":6},"end":{"line":136,"column":null}},"type":"if","locations":[{"start":{"line":136,"column":6},"end":{"line":136,"column":null}},{"start":{},"end":{}}],"line":136},"17":{"loc":{"start":{"line":139,"column":19},"end":{"line":139,"column":33}},"type":"binary-expr","locations":[{"start":{"line":139,"column":19},"end":{"line":139,"column":28}},{"start":{"line":139,"column":32},"end":{"line":139,"column":33}}],"line":139},"18":{"loc":{"start":{"line":140,"column":8},"end":{"line":142,"column":null}},"type":"if","locations":[{"start":{"line":140,"column":8},"end":{"line":142,"column":null}},{"start":{},"end":{}}],"line":140},"19":{"loc":{"start":{"line":140,"column":12},"end":{"line":140,"column":50}},"type":"binary-expr","locations":[{"start":{"line":140,"column":12},"end":{"line":140,"column":35}},{"start":{"line":140,"column":35},"end":{"line":140,"column":50}}],"line":140},"20":{"loc":{"start":{"line":156,"column":23},"end":{"line":156,"column":35}},"type":"binary-expr","locations":[{"start":{"line":156,"column":23},"end":{"line":156,"column":34}},{"start":{"line":156,"column":34},"end":{"line":156,"column":35}}],"line":156},"21":{"loc":{"start":{"line":159,"column":19},"end":{"line":159,"column":33}},"type":"binary-expr","locations":[{"start":{"line":159,"column":19},"end":{"line":159,"column":28}},{"start":{"line":159,"column":32},"end":{"line":159,"column":33}}],"line":159},"22":{"loc":{"start":{"line":160,"column":17},"end":{"line":160,"column":52}},"type":"binary-expr","locations":[{"start":{"line":160,"column":17},"end":{"line":160,"column":40}},{"start":{"line":160,"column":40},"end":{"line":160,"column":52}}],"line":160}},"s":{"0":8,"1":21,"2":21,"3":21,"4":21,"5":8,"6":21,"7":8,"8":21,"9":5,"10":5,"11":21,"12":4,"13":4,"14":4,"15":4,"16":0,"17":4,"18":21,"19":3,"20":0,"21":0,"22":21,"23":3,"24":3,"25":0,"26":3,"27":3,"28":3,"29":3,"30":3,"31":0,"32":0,"33":0,"34":0,"35":3,"36":0,"37":3,"38":0,"39":3,"40":3,"41":21,"42":1,"43":1,"44":0,"45":1,"46":1,"47":1,"48":1,"49":1,"50":0,"51":1,"52":1,"53":1,"54":0,"55":1,"56":0,"57":1,"58":1,"59":1,"60":1,"61":0,"62":1,"63":21,"64":1,"65":1,"66":1,"67":1,"68":1,"69":21,"70":0,"71":0,"72":21,"73":21,"74":4,"75":21,"76":21,"77":4},"f":{"0":21,"1":8,"2":8,"3":5,"4":4,"5":4,"6":3,"7":0,"8":0,"9":3,"10":0,"11":1,"12":1,"13":0,"14":1,"15":1,"16":1,"17":0,"18":21,"19":4,"20":4},"b":{"0":[21,15],"1":[6,15],"2":[0,4],"3":[4,4],"4":[0,3],"5":[3,3],"6":[0,3],"7":[0,0],"8":[0,0],"9":[0,0],"10":[0,3],"11":[0,1],"12":[1,1],"13":[1,1],"14":[1,1],"15":[0,1],"16":[0,1],"17":[1,1],"18":[1,0],"19":[1,1],"20":[1,1],"21":[1,1],"22":[1,1]},"meta":{"lastBranch":23,"lastFunction":21,"lastStatement":78,"seen":{"s:21:28:211:Infinity":0,"f:21:28:21:29":0,"s:22:26:22:Infinity":1,"s:23:17:23:Infinity":2,"b:23:17:23:33:23:33:23:Infinity":0,"s:26:40:28:Infinity":3,"b:26:40:27:Infinity:28:6:28:Infinity":1,"s:33:25:33:Infinity":4,"f:33:49:33:55":1,"s:33:49:33:Infinity":5,"s:37:43:40:Infinity":6,"f:38:12:38:Infinity":2,"s:39:4:39:Infinity":7,"s:45:8:50:Infinity":8,"f:46:4:46:5":3,"s:47:6:47:Infinity":9,"s:48:6:48:33":10,"s:56:8:61:Infinity":11,"f:56:34:56:35":4,"s:57:22:57:Infinity":12,"s:58:14:58:Infinity":13,"f:58:29:58:30":5,"s:58:39:58:Infinity":14,"b:59:4:59:Infinity:undefined:undefined:undefined:undefined":2,"s:59:4:59:Infinity":15,"b:59:8:59:14:59:14:59:34":3,"s:59:34:59:Infinity":16,"s:60:4:60:Infinity":17,"s:66:8:71:Infinity":18,"f:67:4:67:5":6,"s:68:6:70:Infinity":19,"f:69:16:69:17":7,"s:69:23:69:Infinity":20,"f:70:16:70:17":8,"s:70:28:70:44":21,"s:77:8:111:Infinity":22,"f:78:4:78:5":9,"s:79:24:79:Infinity":23,"b:80:6:80:Infinity:undefined:undefined:undefined:undefined":4,"s:80:6:80:Infinity":24,"s:80:26:80:Infinity":25,"s:82:22:82:Infinity":26,"b:82:23:82:35:82:39:82:40":5,"s:83:22:83:Infinity":27,"s:85:26:85:Infinity":28,"s:86:25:86:52":29,"b:88:6:92:Infinity:undefined:undefined:undefined:undefined":6,"s:88:6:92:Infinity":30,"s:89:27:89:Infinity":31,"b:90:8:90:Infinity:undefined:undefined:undefined:undefined":7,"s:90:8:90:Infinity":32,"s:90:29:90:Infinity":33,"s:91:8:91:Infinity":34,"s:94:18:97:Infinity":35,"f:95:8:95:9":10,"s:96:10:97:Infinity":36,"b:96:10:96:34:97:10:97:Infinity":8,"b:97:11:97:20:97:24:97:25":9,"b:100:6:107:Infinity:105:13:107:Infinity":10,"s:100:6:107:Infinity":37,"s:101:8:104:Infinity":38,"s:106:8:106:Infinity":39,"s:109:6:109:Infinity":40,"s:117:8:148:Infinity":41,"f:118:4:118:5":11,"s:119:24:119:Infinity":42,"b:120:6:120:Infinity:undefined:undefined:undefined:undefined":11,"s:120:6:120:Infinity":43,"s:120:26:120:Infinity":44,"s:122:22:122:Infinity":45,"b:122:23:122:34:122:34:122:35":12,"s:123:22:123:Infinity":46,"s:125:25:130:Infinity":47,"f:126:16:126:17":12,"s:127:20:127:Infinity":48,"b:127:21:127:30:127:34:127:35":13,"s:128:10:128:Infinity":49,"b:128:17:128:40:128:40:128:Infinity":14,"f:130:16:130:17":13,"s:130:28:130:44":50,"s:132:18:132:Infinity":51,"s:134:26:134:Infinity":52,"b:135:6:135:Infinity:undefined:undefined:undefined:undefined":15,"s:135:6:135:Infinity":53,"s:135:29:135:Infinity":54,"b:136:6:136:Infinity:undefined:undefined:undefined:undefined":16,"s:136:6:136:Infinity":55,"s:136:31:136:Infinity":56,"s:138:21:144:Infinity":57,"f:138:33:138:34":14,"s:139:18:139:Infinity":58,"b:139:19:139:28:139:32:139:33":17,"b:140:8:142:Infinity:undefined:undefined:undefined:undefined":18,"s:140:8:142:Infinity":59,"b:140:12:140:35:140:35:140:50":19,"s:141:10:141:Infinity":60,"s:143:8:143:Infinity":61,"s:146:6:146:Infinity":62,"s:154:8:165:Infinity":63,"f:155:4:155:5":15,"s:156:22:156:Infinity":64,"b:156:23:156:34:156:34:156:35":20,"s:158:22:161:Infinity":65,"f:158:35:158:36":16,"s:159:18:159:Infinity":66,"b:159:19:159:28:159:32:159:33":21,"s:160:8:160:Infinity":67,"b:160:17:160:40:160:40:160:52":22,"s:163:6:163:Infinity":68,"s:171:8:174:Infinity":69,"f:171:28:171:Infinity":17,"s:172:4:172:Infinity":70,"s:173:4:173:26":71,"s:179:8:195:Infinity":72,"f:179:25:179:Infinity":18,"s:180:21:182:Infinity":73,"f:181:6:181:7":19,"s:181:18:181:45":74,"s:185:10:185:Infinity":75,"s:187:4:194:Infinity":76,"f:189:34:189:35":20,"s:189:44:189:58":77}}}
,"/Users/felruizrojas/fel-school/pasteleria_mil_sabores/front-pasteleria/src/context/cart/index.ts": {"path":"/Users/felruizrojas/fel-school/pasteleria_mil_sabores/front-pasteleria/src/context/cart/index.ts","statementMap":{},"fnMap":{},"branchMap":{},"s":{},"f":{},"b":{},"meta":{"lastBranch":0,"lastFunction":0,"lastStatement":0,"seen":{}}}
,"/Users/felruizrojas/fel-school/pasteleria_mil_sabores/front-pasteleria/src/context/theme/ThemeContext.ts": {"path":"/Users/felruizrojas/fel-school/pasteleria_mil_sabores/front-pasteleria/src/context/theme/ThemeContext.ts","statementMap":{"0":{"start":{"line":5,"column":6},"end":{"line":5,"column":null}}},"fnMap":{},"branchMap":{},"s":{"0":8},"f":{},"b":{},"meta":{"lastBranch":0,"lastFunction":0,"lastStatement":1,"seen":{"s:5:6:5:Infinity":0}}}
,"/Users/felruizrojas/fel-school/pasteleria_mil_sabores/front-pasteleria/src/context/theme/ThemeProvider.tsx": {"path":"/Users/felruizrojas/fel-school/pasteleria_mil_sabores/front-pasteleria/src/context/theme/ThemeProvider.tsx","statementMap":{"0":{"start":{"line":9,"column":26},"end":{"line":9,"column":null}},"1":{"start":{"line":11,"column":25},"end":{"line":23,"column":null}},"2":{"start":{"line":12,"column":1},"end":{"line":14,"column":null}},"3":{"start":{"line":13,"column":2},"end":{"line":13,"column":null}},"4":{"start":{"line":16,"column":19},"end":{"line":16,"column":null}},"5":{"start":{"line":17,"column":1},"end":{"line":19,"column":null}},"6":{"start":{"line":18,"column":2},"end":{"line":18,"column":null}},"7":{"start":{"line":21,"column":27},"end":{"line":21,"column":null}},"8":{"start":{"line":22,"column":1},"end":{"line":22,"column":null}},"9":{"start":{"line":29,"column":29},"end":{"line":65,"column":null}},"10":{"start":{"line":30,"column":29},"end":{"line":30,"column":null}},"11":{"start":{"line":30,"column":61},"end":{"line":30,"column":null}},"12":{"start":{"line":32,"column":1},"end":{"line":45,"column":null}},"13":{"start":{"line":33,"column":2},"end":{"line":35,"column":null}},"14":{"start":{"line":34,"column":3},"end":{"line":34,"column":null}},"15":{"start":{"line":37,"column":15},"end":{"line":37,"column":39}},"16":{"start":{"line":38,"column":2},"end":{"line":38,"column":null}},"17":{"start":{"line":39,"column":2},"end":{"line":39,"column":null}},"18":{"start":{"line":40,"column":2},"end":{"line":40,"column":null}},"19":{"start":{"line":42,"column":2},"end":{"line":44,"column":null}},"20":{"start":{"line":43,"column":3},"end":{"line":43,"column":null}},"21":{"start":{"line":47,"column":7},"end":{"line":49,"column":null}},"22":{"start":{"line":48,"column":2},"end":{"line":48,"column":null}},"23":{"start":{"line":51,"column":7},"end":{"line":53,"column":null}},"24":{"start":{"line":52,"column":2},"end":{"line":52,"column":null}},"25":{"start":{"line":52,"column":30},"end":{"line":52,"column":null}},"26":{"start":{"line":55,"column":7},"end":{"line":61,"column":null}},"27":{"start":{"line":56,"column":9},"end":{"line":60,"column":null}}},"fnMap":{"0":{"name":"(anonymous_0)","decl":{"start":{"line":11,"column":25},"end":{"line":11,"column":null}},"loc":{"start":{"line":11,"column":25},"end":{"line":23,"column":null}},"line":11},"1":{"name":"(anonymous_1)","decl":{"start":{"line":29,"column":29},"end":{"line":29,"column":30}},"loc":{"start":{"line":29,"column":62},"end":{"line":65,"column":null}},"line":29},"2":{"name":"(anonymous_2)","decl":{"start":{"line":30,"column":55},"end":{"line":30,"column":61}},"loc":{"start":{"line":30,"column":61},"end":{"line":30,"column":null}},"line":30},"3":{"name":"(anonymous_3)","decl":{"start":{"line":32,"column":11},"end":{"line":32,"column":null}},"loc":{"start":{"line":32,"column":11},"end":{"line":45,"column":4}},"line":32},"4":{"name":"(anonymous_4)","decl":{"start":{"line":47,"column":30},"end":{"line":47,"column":31}},"loc":{"start":{"line":47,"column":31},"end":{"line":49,"column":4}},"line":47},"5":{"name":"(anonymous_5)","decl":{"start":{"line":51,"column":33},"end":{"line":51,"column":null}},"loc":{"start":{"line":51,"column":33},"end":{"line":53,"column":4}},"line":51},"6":{"name":"(anonymous_6)","decl":{"start":{"line":52,"column":16},"end":{"line":52,"column":17}},"loc":{"start":{"line":52,"column":30},"end":{"line":52,"column":null}},"line":52},"7":{"name":"(anonymous_7)","decl":{"start":{"line":56,"column":2},"end":{"line":56,"column":9}},"loc":{"start":{"line":56,"column":9},"end":{"line":60,"column":null}},"line":56}},"branchMap":{"0":{"loc":{"start":{"line":12,"column":1},"end":{"line":14,"column":null}},"type":"if","locations":[{"start":{"line":12,"column":1},"end":{"line":14,"column":null}},{"start":{},"end":{}}],"line":12},"1":{"loc":{"start":{"line":17,"column":1},"end":{"line":19,"column":null}},"type":"if","locations":[{"start":{"line":17,"column":1},"end":{"line":19,"column":null}},{"start":{},"end":{}}],"line":17},"2":{"loc":{"start":{"line":17,"column":5},"end":{"line":17,"column":52}},"type":"binary-expr","locations":[{"start":{"line":17,"column":5},"end":{"line":17,"column":29}},{"start":{"line":17,"column":29},"end":{"line":17,"column":52}}],"line":17},"3":{"loc":{"start":{"line":22,"column":8},"end":{"line":22,"column":null}},"type":"cond-expr","locations":[{"start":{"line":22,"column":28},"end":{"line":22,"column":37}},{"start":{"line":22,"column":37},"end":{"line":22,"column":null}}],"line":22},"4":{"loc":{"start":{"line":33,"column":2},"end":{"line":35,"column":null}},"type":"if","locations":[{"start":{"line":33,"column":2},"end":{"line":35,"column":null}},{"start":{},"end":{}}],"line":33},"5":{"loc":{"start":{"line":39,"column":24},"end":{"line":39,"column":null}},"type":"cond-expr","locations":[{"start":{"line":39,"column":43},"end":{"line":39,"column":53}},{"start":{"line":39,"column":53},"end":{"line":39,"column":null}}],"line":39},"6":{"loc":{"start":{"line":42,"column":2},"end":{"line":44,"column":null}},"type":"if","locations":[{"start":{"line":42,"column":2},"end":{"line":44,"column":null}},{"start":{},"end":{}}],"line":42},"7":{"loc":{"start":{"line":52,"column":30},"end":{"line":52,"column":null}},"type":"cond-expr","locations":[{"start":{"line":52,"column":51},"end":{"line":52,"column":61}},{"start":{"line":52,"column":61},"end":{"line":52,"column":null}}],"line":52}},"s":{"0":8,"1":8,"2":8,"3":0,"4":8,"5":8,"6":0,"7":8,"8":8,"9":8,"10":8,"11":8,"12":8,"13":8,"14":0,"15":8,"16":8,"17":8,"18":8,"19":8,"20":8,"21":8,"22":0,"23":8,"24":0,"25":0,"26":8,"27":8},"f":{"0":8,"1":8,"2":8,"3":8,"4":0,"5":0,"6":0,"7":8},"b":{"0":[0,8],"1":[0,8],"2":[8,8],"3":[0,8],"4":[0,8],"5":[0,8],"6":[8,0],"7":[0,0]},"meta":{"lastBranch":8,"lastFunction":8,"lastStatement":28,"seen":{"s:9:26:9:Infinity":0,"s:11:25:23:Infinity":1,"f:11:25:11:Infinity":0,"b:12:1:14:Infinity:undefined:undefined:undefined:undefined":0,"s:12:1:14:Infinity":2,"s:13:2:13:Infinity":3,"s:16:19:16:Infinity":4,"b:17:1:19:Infinity:undefined:undefined:undefined:undefined":1,"s:17:1:19:Infinity":5,"b:17:5:17:29:17:29:17:52":2,"s:18:2:18:Infinity":6,"s:21:27:21:Infinity":7,"s:22:1:22:Infinity":8,"b:22:28:22:37:22:37:22:Infinity":3,"s:29:29:65:Infinity":9,"f:29:29:29:30":1,"s:30:29:30:Infinity":10,"f:30:55:30:61":2,"s:30:61:30:Infinity":11,"s:32:1:45:Infinity":12,"f:32:11:32:Infinity":3,"b:33:2:35:Infinity:undefined:undefined:undefined:undefined":4,"s:33:2:35:Infinity":13,"s:34:3:34:Infinity":14,"s:37:15:37:39":15,"s:38:2:38:Infinity":16,"s:39:2:39:Infinity":17,"b:39:43:39:53:39:53:39:Infinity":5,"s:40:2:40:Infinity":18,"b:42:2:44:Infinity:undefined:undefined:undefined:undefined":6,"s:42:2:44:Infinity":19,"s:43:3:43:Infinity":20,"s:47:7:49:Infinity":21,"f:47:30:47:31":4,"s:48:2:48:Infinity":22,"s:51:7:53:Infinity":23,"f:51:33:51:Infinity":5,"s:52:2:52:Infinity":24,"f:52:16:52:17":6,"s:52:30:52:Infinity":25,"b:52:51:52:61:52:61:52:Infinity":7,"s:55:7:61:Infinity":26,"f:56:2:56:9":7,"s:56:9:60:Infinity":27}}}
,"/Users/felruizrojas/fel-school/pasteleria_mil_sabores/front-pasteleria/src/context/theme/index.ts": {"path":"/Users/felruizrojas/fel-school/pasteleria_mil_sabores/front-pasteleria/src/context/theme/index.ts","statementMap":{},"fnMap":{},"branchMap":{},"s":{},"f":{},"b":{},"meta":{"lastBranch":0,"lastFunction":0,"lastStatement":0,"seen":{}}}
,"/Users/felruizrojas/fel-school/pasteleria_mil_sabores/front-pasteleria/src/data/menu_datos.json": {"path":"/Users/felruizrojas/fel-school/pasteleria_mil_sabores/front-pasteleria/src/data/menu_datos.json","statementMap":{},"fnMap":{},"branchMap":{},"s":{},"f":{},"b":{},"meta":{"lastBranch":0,"lastFunction":0,"lastStatement":0,"seen":{}}}
,"/Users/felruizrojas/fel-school/pasteleria_mil_sabores/front-pasteleria/src/data/region_comuna.json": {"path":"/Users/felruizrojas/fel-school/pasteleria_mil_sabores/front-pasteleria/src/data/region_comuna.json","statementMap":{},"fnMap":{},"branchMap":{},"s":{},"f":{},"b":{},"meta":{"lastBranch":0,"lastFunction":0,"lastStatement":0,"seen":{}}}
,"/Users/felruizrojas/fel-school/pasteleria_mil_sabores/front-pasteleria/src/data/usuarios.json": {"path":"/Users/felruizrojas/fel-school/pasteleria_mil_sabores/front-pasteleria/src/data/usuarios.json","statementMap":{},"fnMap":{},"branchMap":{},"s":{},"f":{},"b":{},"meta":{"lastBranch":0,"lastFunction":0,"lastStatement":0,"seen":{}}}
,"/Users/felruizrojas/fel-school/pasteleria_mil_sabores/front-pasteleria/src/hooks/useAuth.ts": {"path":"/Users/felruizrojas/fel-school/pasteleria_mil_sabores/front-pasteleria/src/hooks/useAuth.ts","statementMap":{"0":{"start":{"line":5,"column":16},"end":{"line":13,"column":null}},"1":{"start":{"line":6,"column":7},"end":{"line":6,"column":null}},"2":{"start":{"line":8,"column":1},"end":{"line":10,"column":null}},"3":{"start":{"line":9,"column":2},"end":{"line":9,"column":null}},"4":{"start":{"line":12,"column":1},"end":{"line":12,"column":null}}},"fnMap":{"0":{"name":"(anonymous_0)","decl":{"start":{"line":5,"column":16},"end":{"line":5,"column":null}},"loc":{"start":{"line":5,"column":16},"end":{"line":13,"column":null}},"line":5}},"branchMap":{"0":{"loc":{"start":{"line":8,"column":1},"end":{"line":10,"column":null}},"type":"if","locations":[{"start":{"line":8,"column":1},"end":{"line":10,"column":null}},{"start":{},"end":{}}],"line":8}},"s":{"0":6,"1":16,"2":16,"3":0,"4":16},"f":{"0":16},"b":{"0":[0,16]},"meta":{"lastBranch":1,"lastFunction":1,"lastStatement":5,"seen":{"s:5:16:13:Infinity":0,"f:5:16:5:Infinity":0,"s:6:7:6:Infinity":1,"b:8:1:10:Infinity:undefined:undefined:undefined:undefined":0,"s:8:1:10:Infinity":2,"s:9:2:9:Infinity":3,"s:12:1:12:Infinity":4}}}
,"/Users/felruizrojas/fel-school/pasteleria_mil_sabores/front-pasteleria/src/hooks/useCart.ts": {"path":"/Users/felruizrojas/fel-school/pasteleria_mil_sabores/front-pasteleria/src/hooks/useCart.ts","statementMap":{"0":{"start":{"line":4,"column":23},"end":{"line":12,"column":null}},"1":{"start":{"line":5,"column":8},"end":{"line":5,"column":null}},"2":{"start":{"line":7,"column":2},"end":{"line":9,"column":null}},"3":{"start":{"line":8,"column":4},"end":{"line":8,"column":null}},"4":{"start":{"line":11,"column":2},"end":{"line":11,"column":null}}},"fnMap":{"0":{"name":"(anonymous_0)","decl":{"start":{"line":4,"column":23},"end":{"line":4,"column":null}},"loc":{"start":{"line":4,"column":23},"end":{"line":12,"column":null}},"line":4}},"branchMap":{"0":{"loc":{"start":{"line":7,"column":2},"end":{"line":9,"column":null}},"type":"if","locations":[{"start":{"line":7,"column":2},"end":{"line":9,"column":null}},{"start":{},"end":{}}],"line":7}},"s":{"0":6,"1":23,"2":23,"3":0,"4":23},"f":{"0":23},"b":{"0":[0,23]},"meta":{"lastBranch":1,"lastFunction":1,"lastStatement":5,"seen":{"s:4:23:12:Infinity":0,"f:4:23:4:Infinity":0,"s:5:8:5:Infinity":1,"b:7:2:9:Infinity:undefined:undefined:undefined:undefined":0,"s:7:2:9:Infinity":2,"s:8:4:8:Infinity":3,"s:11:2:11:Infinity":4}}}
,"/Users/felruizrojas/fel-school/pasteleria_mil_sabores/front-pasteleria/src/hooks/menu/useMenuFilters.ts": {"path":"/Users/felruizrojas/fel-school/pasteleria_mil_sabores/front-pasteleria/src/hooks/menu/useMenuFilters.ts","statementMap":{"0":{"start":{"line":37,"column":47},"end":{"line":37,"column":null}},"1":{"start":{"line":38,"column":53},"end":{"line":40,"column":null}},"2":{"start":{"line":41,"column":31},"end":{"line":41,"column":null}},"3":{"start":{"line":42,"column":31},"end":{"line":42,"column":null}},"4":{"start":{"line":43,"column":33},"end":{"line":43,"column":null}},"5":{"start":{"line":46,"column":27},"end":{"line":46,"column":null}},"6":{"start":{"line":49,"column":8},"end":{"line":54,"column":null}},"7":{"start":{"line":50,"column":4},"end":{"line":53,"column":null}},"8":{"start":{"line":50,"column":27},"end":{"line":53,"column":null}},"9":{"start":{"line":57,"column":8},"end":{"line":120,"column":null}},"10":{"start":{"line":58,"column":43},"end":{"line":58,"column":null}},"11":{"start":{"line":61,"column":4},"end":{"line":64,"column":null}},"12":{"start":{"line":62,"column":6},"end":{"line":62,"column":null}},"13":{"start":{"line":63,"column":6},"end":{"line":63,"column":null}},"14":{"start":{"line":66,"column":4},"end":{"line":66,"column":null}},"15":{"start":{"line":68,"column":17},"end":{"line":68,"column":null}},"16":{"start":{"line":71,"column":4},"end":{"line":73,"column":null}},"17":{"start":{"line":72,"column":6},"end":{"line":72,"column":null}},"18":{"start":{"line":72,"column":36},"end":{"line":72,"column":null}},"19":{"start":{"line":76,"column":4},"end":{"line":81,"column":null}},"20":{"start":{"line":77,"column":19},"end":{"line":77,"column":null}},"21":{"start":{"line":78,"column":6},"end":{"line":79,"column":null}},"22":{"start":{"line":79,"column":8},"end":{"line":79,"column":null}},"23":{"start":{"line":84,"column":4},"end":{"line":86,"column":null}},"24":{"start":{"line":85,"column":6},"end":{"line":85,"column":null}},"25":{"start":{"line":85,"column":36},"end":{"line":85,"column":null}},"26":{"start":{"line":89,"column":4},"end":{"line":91,"column":null}},"27":{"start":{"line":90,"column":6},"end":{"line":90,"column":null}},"28":{"start":{"line":90,"column":36},"end":{"line":90,"column":null}},"29":{"start":{"line":94,"column":4},"end":{"line":109,"column":null}},"30":{"start":{"line":95,"column":6},"end":{"line":108,"column":null}},"31":{"start":{"line":97,"column":10},"end":{"line":97,"column":null}},"32":{"start":{"line":99,"column":10},"end":{"line":99,"column":null}},"33":{"start":{"line":102,"column":10},"end":{"line":102,"column":null}},"34":{"start":{"line":104,"column":10},"end":{"line":104,"column":null}},"35":{"start":{"line":107,"column":10},"end":{"line":107,"column":null}},"36":{"start":{"line":111,"column":4},"end":{"line":111,"column":null}},"37":{"start":{"line":123,"column":23},"end":{"line":130,"column":null}},"38":{"start":{"line":124,"column":4},"end":{"line":124,"column":null}},"39":{"start":{"line":125,"column":4},"end":{"line":125,"column":null}},"40":{"start":{"line":126,"column":4},"end":{"line":126,"column":null}},"41":{"start":{"line":127,"column":4},"end":{"line":127,"column":null}},"42":{"start":{"line":128,"column":4},"end":{"line":128,"column":null}},"43":{"start":{"line":129,"column":4},"end":{"line":129,"column":null}},"44":{"start":{"line":132,"column":2},"end":{"line":156,"column":null}}},"fnMap":{"0":{"name":"useMenuFilters","decl":{"start":{"line":32,"column":16},"end":{"line":32,"column":null}},"loc":{"start":{"line":34,"column":25},"end":{"line":157,"column":null}},"line":34},"1":{"name":"(anonymous_1)","decl":{"start":{"line":49,"column":33},"end":{"line":49,"column":null}},"loc":{"start":{"line":49,"column":33},"end":{"line":54,"column":5}},"line":49},"2":{"name":"(anonymous_2)","decl":{"start":{"line":50,"column":19},"end":{"line":50,"column":20}},"loc":{"start":{"line":50,"column":27},"end":{"line":53,"column":null}},"line":50},"3":{"name":"(anonymous_3)","decl":{"start":{"line":57,"column":35},"end":{"line":57,"column":null}},"loc":{"start":{"line":57,"column":35},"end":{"line":112,"column":5}},"line":57},"4":{"name":"(anonymous_4)","decl":{"start":{"line":72,"column":29},"end":{"line":72,"column":30}},"loc":{"start":{"line":72,"column":36},"end":{"line":72,"column":null}},"line":72},"5":{"name":"(anonymous_5)","decl":{"start":{"line":78,"column":29},"end":{"line":78,"column":30}},"loc":{"start":{"line":79,"column":8},"end":{"line":79,"column":null}},"line":79},"6":{"name":"(anonymous_6)","decl":{"start":{"line":85,"column":29},"end":{"line":85,"column":30}},"loc":{"start":{"line":85,"column":36},"end":{"line":85,"column":null}},"line":85},"7":{"name":"(anonymous_7)","decl":{"start":{"line":90,"column":29},"end":{"line":90,"column":30}},"loc":{"start":{"line":90,"column":36},"end":{"line":90,"column":null}},"line":90},"8":{"name":"(anonymous_8)","decl":{"start":{"line":94,"column":16},"end":{"line":94,"column":17}},"loc":{"start":{"line":94,"column":20},"end":{"line":109,"column":null}},"line":94},"9":{"name":"(anonymous_9)","decl":{"start":{"line":123,"column":23},"end":{"line":123,"column":null}},"loc":{"start":{"line":123,"column":23},"end":{"line":130,"column":null}},"line":123}},"branchMap":{"0":{"loc":{"start":{"line":61,"column":4},"end":{"line":64,"column":null}},"type":"if","locations":[{"start":{"line":61,"column":4},"end":{"line":64,"column":null}},{"start":{},"end":{}}],"line":61},"1":{"loc":{"start":{"line":61,"column":8},"end":{"line":61,"column":67}},"type":"binary-expr","locations":[{"start":{"line":61,"column":8},"end":{"line":61,"column":27}},{"start":{"line":61,"column":27},"end":{"line":61,"column":46}},{"start":{"line":61,"column":46},"end":{"line":61,"column":67}}],"line":61},"2":{"loc":{"start":{"line":71,"column":4},"end":{"line":73,"column":null}},"type":"if","locations":[{"start":{"line":71,"column":4},"end":{"line":73,"column":null}},{"start":{},"end":{}}],"line":71},"3":{"loc":{"start":{"line":76,"column":4},"end":{"line":81,"column":null}},"type":"if","locations":[{"start":{"line":76,"column":4},"end":{"line":81,"co
[...]
2},"end":{"line":285,"column":24}},{"start":{"line":285,"column":24},"end":{"line":285,"column":54}}],"line":285},"80":{"loc":{"start":{"line":296,"column":1},"end":{"line":298,"column":null}},"type":"if","locations":[{"start":{"line":296,"column":1},"end":{"line":298,"column":null}},{"start":{},"end":{}}],"line":296},"81":{"loc":{"start":{"line":296,"column":5},"end":{"line":296,"column":79}},"type":"binary-expr","locations":[{"start":{"line":296,"column":5},"end":{"line":296,"column":38}},{"start":{"line":296,"column":38},"end":{"line":296,"column":79}}],"line":296},"82":{"loc":{"start":{"line":305,"column":21},"end":{"line":305,"column":null}},"type":"binary-expr","locations":[{"start":{"line":305,"column":21},"end":{"line":305,"column":48}},{"start":{"line":305,"column":48},"end":{"line":305,"column":null}}],"line":305},"83":{"loc":{"start":{"line":306,"column":26},"end":{"line":306,"column":null}},"type":"binary-expr","locations":[{"start":{"line":306,"column":26},"end":{"line":306,"column":47}},{"start":{"line":306,"column":47},"end":{"line":306,"column":null}}],"line":306},"84":{"loc":{"start":{"line":307,"column":26},"end":{"line":309,"column":null}},"type":"cond-expr","locations":[{"start":{"line":307,"column":26},"end":{"line":308,"column":null}},{"start":{"line":308,"column":25},"end":{"line":309,"column":null}}],"line":307},"85":{"loc":{"start":{"line":310,"column":20},"end":{"line":310,"column":null}},"type":"binary-expr","locations":[{"start":{"line":310,"column":20},"end":{"line":310,"column":29}},{"start":{"line":310,"column":33},"end":{"line":310,"column":48}},{"start":{"line":310,"column":48},"end":{"line":310,"column":null}}],"line":310},"86":{"loc":{"start":{"line":311,"column":35},"end":{"line":311,"column":75}},"type":"binary-expr","locations":[{"start":{"line":311,"column":35},"end":{"line":311,"column":51}},{"start":{"line":311,"column":55},"end":{"line":311,"column":75}}],"line":311},"87":{"loc":{"start":{"line":312,"column":26},"end":{"line":312,"column":null}},"type":"binary-expr","locations":[{"start":{"line":312,"column":26},"end":{"line":312,"column":50}},{"start":{"line":312,"column":50},"end":{"line":312,"column":68}},{"start":{"line":312,"column":72},"end":{"line":312,"column":null}}],"line":312},"88":{"loc":{"start":{"line":314,"column":1},"end":{"line":322,"column":null}},"type":"if","locations":[{"start":{"line":314,"column":1},"end":{"line":322,"column":null}},{"start":{"line":320,"column":8},"end":{"line":322,"column":null}}],"line":314},"89":{"loc":{"start":{"line":315,"column":2},"end":{"line":319,"column":null}},"type":"if","locations":[{"start":{"line":315,"column":2},"end":{"line":319,"column":null}},{"start":{"line":317,"column":9},"end":{"line":319,"column":null}}],"line":315},"90":{"loc":{"start":{"line":316,"column":10},"end":{"line":316,"column":51}},"type":"binary-expr","locations":[{"start":{"line":316,"column":10},"end":{"line":316,"column":28}},{"start":{"line":316,"column":32},"end":{"line":316,"column":51}}],"line":316},"91":{"loc":{"start":{"line":320,"column":8},"end":{"line":322,"column":null}},"type":"if","locations":[{"start":{"line":320,"column":8},"end":{"line":322,"column":null}},{"start":{},"end":{}}],"line":320},"92":{"loc":{"start":{"line":323,"column":22},"end":{"line":323,"column":null}},"type":"binary-expr","locations":[{"start":{"line":323,"column":22},"end":{"line":323,"column":70}},{"start":{"line":323,"column":70},"end":{"line":323,"column":null}}],"line":323},"93":{"loc":{"start":{"line":324,"column":18},"end":{"line":324,"column":null}},"type":"binary-expr","locations":[{"start":{"line":324,"column":18},"end":{"line":324,"column":31}},{"start":{"line":324,"column":35},"end":{"line":324,"column":54}},{"start":{"line":324,"column":54},"end":{"line":324,"column":null}}],"line":324},"94":{"loc":{"start":{"line":332,"column":19},"end":{"line":332,"column":null}},"type":"binary-expr","locations":[{"start":{"line":332,"column":19},"end":{"line":332,"column":41}},{"start":{"line":332,"column":45},"end":{"line":332,"column":73}},{"start":{"line":332,"column":73},"end":{"line":332,"column":null}}],"line":332},"95":{"loc":{"start":{"line":335,"column":16},"end":{"line":335,"column":49}},"type":"binary-expr","locations":[{"start":{"line":335,"column":16},"end":{"line":335,"column":34}},{"start":{"line":335,"column":34},"end":{"line":335,"column":49}}],"line":335},"96":{"loc":{"start":{"line":341,"column":13},"end":{"line":341,"column":null}},"type":"binary-expr","locations":[{"start":{"line":341,"column":13},"end":{"line":341,"column":35}},{"start":{"line":341,"column":35},"end":{"line":341,"column":null}}],"line":341},"97":{"loc":{"start":{"line":351,"column":1},"end":{"line":355,"column":null}},"type":"if","locations":[{"start":{"line":351,"column":1},"end":{"line":355,"column":null}},{"start":{},"end":{}}],"line":351},"98":{"loc":{"start":{"line":360,"column":36},"end":{"line":362,"column":24}},"type":"cond-expr","locations":[{"start":{"line":361,"column":4},"end":{"line":361,"column":46}},{"start":{"line":362,"column":4},"end":{"line":362,"column":24}}],"line":360},"99":{"loc":{"start":{"line":361,"column":4},"end":{"line":361,"column":46}},"type":"binary-expr","locations":[{"start":{"line":361,"column":4},"end":{"line":361,"column":22}},{"start":{"line":361,"column":26},"end":{"line":361,"column":46}}],"line":361},"100":{"loc":{"start":{"line":367,"column":13},"end":{"line":367,"column":51}},"type":"binary-expr","locations":[{"start":{"line":367,"column":13},"end":{"line":367,"column":31}},{"start":{"line":367,"column":35},"end":{"line":367,"column":51}}],"line":367},"101":{"loc":{"start":{"line":369,"column":10},"end":{"line":369,"column":null}},"type":"binary-expr","locations":[{"start":{"line":369,"column":10},"end":{"line":369,"column":23}},{"start":{"line":369,"column":27},"end":{"line":369,"column":42}},{"start":{"line":369,"column":46},"end":{"line":369,"column":null}}],"line":369}},"s":{"0":2,"1":2,"2":2,"3":2,"4":2,"5":11,"6":2,"7":2,"8":2,"9":0,"10":2,"11":0,"12":0,"13":0,"14":0,"15":0,"16":0,"17":0,"18":0,"19":0,"20":0,"21":0,"22":0,"23":2,"24":0,"25":0,"26":0,"27":0,"28":0,"29":0,"30":2,"31":0,"32":0,"33":0,"34":0,"35":0,"36":0,"37":0,"38":0,"39":0,"40":0,"41":0,"42":2,"43":0,"44":0,"45":0,"46":2,"47":0,"48":0,"49":0,"50":0,"51":2,"52":0,"53":0,"54":0,"55":0,"56":2,"57":0,"58":0,"59":0,"60":0,"61":0,"62":0,"63":0,"64":0,"65":0,"66":0,"67":0,"68":0,"69":0,"70":0,"71":0,"72":0,"73":0,"74":0,"75":0,"76":0,"77":0,"78":0,"79":0,"80":0,"81":0,"82":0,"83":0,"84":0,"85":0,"86":0,"87":0,"88":0,"89":0,"90":0,"91":0,"92":0,"93":0,"94":0,"95":0,"96":0,"97":0,"98":0,"99":0,"100":0,"101":0,"102":0,"103":0,"104":0,"105":0,"106":0,"107":0,"108":0,"109":0,"110":0,"111":0,"112":0,"113":0,"114":0,"115":0,"116":0,"117":0,"118":0,"119":0,"120":0,"121":0,"122":0,"123":0,"124":0,"125":0,"126":0,"127":0,"128":0,"129":0,"130":0,"131":0,"132":0,"133":0,"134":0,"135":0,"136":0,"137":0,"138":0,"139":0,"140":0,"141":0,"142":2,"143":0,"144":0,"145":0,"146":0,"147":0,"148":0,"149":0,"150":0,"151":0,"152":0,"153":0,"154":0,"155":0,"156":0,"157":0,"158":0,"159":0,"160":0,"161":0,"162":0,"163":0,"164":0,"165":0,"166":0,"167":0,"168":0,"169":2,"170":0,"171":0,"172":0,"173":2,"174":0,"175":0,"176":0,"177":0,"178":0,"179":0,"180":0,"181":0,"182":0,"183":0,"184":0,"185":0,"186":0,"187":0,"188":0,"189":0,"190":0,"191":2,"192":0,"193":0,"194":0,"195":0,"196":0,"197":0,"198":0,"199":0,"200":0,"201":0,"202":0,"203":0,"204":2,"205":0,"206":0,"207":0,"208":2,"209":0,"210":0,"211":0,"212":0},"f":{"0":11,"1":0,"2":0,"3":0,"4":0,"5":0,"6":0,"7":0,"8":0,"9":0,"10":0,"11":0,"12":0,"13":0,"14":0,"15":0,"16":0,"17":0,"18":0,"19":0,"20":0,"21":0,"22":0},"b":{"0":[0,0],"1":[0,0],"2":[0,0],"3":[0,0],"4":[0],"5":[0,0],"6":[0,0],"7":[0,0],"8":[0,0,0],"9":[0,0],"10":[0,0],"11":[0,0],"12":[0,0],"13":[0,0],"14":[0,0],"15":[0,0],"16":[0,0],"17":[0,0],"18":[0,0],"19":[0,0],"20":[0,0],"21":[0,0],"22":[0,0],"23":[0,0],"24":[0,0],"25":[0,0],"26":[0,0],"27":[0,0],"28":[0,0],"29":[0,0],"30":[0,0],"31":[0,0],"32":[0,0],"33":[0,0],"34":[0,0],"35":[0,0],"36":[0,0],"37":[0,0],"38":[0,0],"39":[0,0],"40":[0,0],"41":[0,0],"42":[0,0],"43":[0,0],"44":[0,0],"45":[0,0],"46":[0,0],"47":[0,0],"48":[0,0],"49":[0,0],"50":[0,0],"51":[0,0],"52":[0,0],"53":[0,0],"54":[0,0],"55":[0,0],"56":[0,0],"57":[0,0],"58":[0,0],"59":[0,0],"60":[0,0],"61":[0,0],"62":[0,0],"63":[0,0],"64":[0,0],"65":[0,0],"66":[0,0],"67":[0,0],"68":[0,0],"69":[0,0],"70":[0,0],"71":[0,0],"72":[0,0],"73":[0,0],"74":[0,0],"75":[0,0],"76":[0,0],"77":[0,0],"78":[0,0],"79":[0,0],"80":[0,0],"81":[0,0],"82":[0,0],"83":[0,0],"84":[0,0],"85":[0,0,0],"86":[0,0],"87":[0,0,0],"88":[0,0],"89":[0,0],"90":[0,0],"91":[0,0],"92":[0,0],"93":[0,0,0],"94":[0,0,0],"95":[0,0],"96":[0,0],"97":[0,0],"98":[0,0],"99":[0,0],"100":[0,0],"101":[0,0,0]},"meta":{"lastBranch":102,"lastFunction":23,"lastStatement":213,"seen":{"s:12:23:12:Infinity":0,"s:45:20:45:Infinity":1,"s:46:19:46:Infinity":2,"s:47:28:47:Infinity":3,"s:48:33:48:Infinity":4,"f:48:33:48:34":0,"s:48:60:48:Infinity":5,"s:50:23:50:Infinity":6,"s:51:24:51:Infinity":7,"s:53:20:53:Infinity":8,"f:53:20:53:21":1,"s:53:39:53:Infinity":9,"s:55:29:72:Infinity":10,"f:55:29:55:30":2,"s:56:11:56:Infinity":11,"s:57:18:57:Infinity":12,"s:59:1:62:Infinity":13,"s:59:18:59:41":14,"s:60:2:60:Infinity":15,"s:61:2:61:Infinity":16,"b:61:34:61:38:61:38:61:Infinity":0,"s:64:19:64:Infinity":17,"b:65:1:67:Infinity:undefined:undefined:undefined:undefined":1,"s:65:1:67:Infinity":18,"s:66:2:66:Infinity":19,"b:68:1:70:Infinity:undefined:undefined:undefined:undefined":2,"s:68:1:70:Infinity":20,"s:69:2:69:Infinity":21,"s:71:1:71:Infinity":22,"s:74:19:83:Infinity":23,"f:74:19:74:20":3,"s:75:20:75:Infinity":24,"b:76:1:78:Infinity:undefined:undefined:undefined:undefined":3,"s:76:1:78:Infinity":25,"s:77:2:77:Infinity":26,"s:80:14:80:Infinity":27,"s:81:18:81:Infinity":28,"s:82:1:82:Infinity":29,"s:85:27:103:Infinity":30,"f:85:27:85:28":4,"b:85:64:85:71":4,"b:86:1:88:Infinity:undefined:undefined:undefined:undefined":5,"s:86:1:88:Infinity":31,"s:87:2:87:Infinity":32,"s:90:16:90:Infinity":33,"b:91:1:93:Infinity:undefined:undefined:undefined:undefined":6,"s:91:1:93:Infinity":34,"s:92:2:92:Infinity":35,"s:95:15:95:Infinity":36,"s:96:11:96:Infinity":37,"s:97:19:97:Infinity":38,"b:98:1:100:Infinity:undefined:undefined:undefined:undefined":7,"s:98:1:100:Infinity":39,"b:98:5:98:23:98:23:98:42:98:42:98:79":8,"s:99:2:99:Infinity":40,"s:102:1:102:Infinity":41,"s:105:22:108:Infinity":42,"f:105:22:105:23":5,"s:106:7:106:Infinity":43,"s:107:1:107:Infinity":44,"f:107:21:107:22":6,"s:107:33:107:Infinity":45,"s:110:20:114:Infinity":46,"f:110:20:110:21":7,"s:111:7:111:Infinity":47,"s:112:20:112:Infinity":48,"s:113:1:113:Infinity":49,"f:113:19:113:20":8,"s:113:29:113:Infinity":50,"b:113:29:113:73:113:73:113:Infinity":9,"s:116:18:120:Infinity":51,"f:116:18:116:19":9,"s:117:7:117:Infinity":52,"s:118:20:118:Infinity":53,"s:119:1:119:Infinity":54,"f:119:19:119:20":10,"s:119:29:119:Infinity":55,"b:119:29:119:69:119:69:119:Infinity":10,"s:122:32:250:Infinity":56,"f:122:32:122:Infinity":11,"s:126:60:126:Infinity":57,"s:128:17:128:Infinity":58,"b:128:17:128:43:128:43:128:Infinity":11,"s:129:18:129:Infinity":59,"b:129:18:129:59:129:59:129:Infinity":12,"s:130:13:130:Infinity":60,"b:130:35:130:58:130:61:130:Infinity":13,"b:130:13:130:24:130:24:130:35":14,"s:131:16:131:Infinity":61,"b:131:16:131:41:131:41:131:Infinity":15,"s:132:19:132:Infinity":62,"b:132:19:132:47:132:47:132:Infinity":16,"s:133:16:133:Infinity":63,"b:133:16:133:41:133:41:133:Infinity":17,"s:134:19:134:Infinity":64,"b:134:19:134:47:134:47:134:Infinity":18,"s:135:18:135:Infinity":65,"b:135:18:135:45:135:45:135:Infinity":19,"s:136:16:136:Infinity":66,"b:136:16:136:41:136:41:136:Infinity":20,"s:137:18:137:Infinity":67,"b:137:18:137:45:137:45:137:Infinity":21,"s:138:25:138:Infinity":68,"b:138:25:138:59:138:59:138:Infinity":22,"s:139:23:139:Infinity":69,"b:141:1:147:Infinity:143:8:147:Infinity":23,"s:141:1:147:Infinity":70,"s:142:2:142:Infinity":71,"b:143:8:147:Infinity:145:8:147:Infinity":24,"s:143:8:147:Infinity":72,"s:144:2:144:Infinity":73,"b:145:8:147:Infinity:undefined:undefined:undefined:undefined":25,"s:145:8:147:Infinity":74,"s:146:2:146:Infinity":75,"b:149:1:153:Infinity:151:8:153:Infinity":26,"s:149:1:153:Infinity":76,"s:150:2:150:Infinity":77,"b:151:8:153:Infinity:undefined:undefined:undefined:undefined":27,"s:151:8:153:Infinity":78,"s:152:2:152:Infinity":79,"b:155:1:163:Infinity:undefined:undefined:undefined:undefined":28,"s:155:1:163:Infinity":80,"b:155:5:155:20:155:24:155:40":29,"b:156:2:162:Infinity:158:9:162:Infinity":30,"s:156:2:162:Infinity":81,"s:157:3:157:Infinity":82,"b:158:9:162:Infinity:160:9:162:Infinity":31,"s:158:9:162:Infinity":83,"s:159:3:159:Infinity":84,"b:160:9:162:Infinity:undefined:undefined:undefined:undefined":32,"s:160:9:162:Infinity":85,"s:161:3:161:Infinity":86,"b:165:1:171:Infinity:167:8:171:Infinity":33,"s:165:1:171:Infinity":87,"s:166:2:166:Infinity":88,"b:167:8:171:Infinity:169:8:171:Infinity":34,"s:167:8:171:Infinity":89,"s:168:2:168:Infinity":90,"b:169:8:171:Infinity:undefined:undefined:undefined:undefined":35,"s:169:8:171:Infinity":91,"s:170:2:170:Infinity":92,"b:173:1:179:Infinity:175:8:179:Infinity":36,"s:173:1:179:Infinity":93,"s:174:2:174:Infinity":94,"b:175:8:179:Infinity:177:8:179:Infinity":37,"s:175:8:179:Infinity":95,"s:176:2:176:Infinity":96,"b:177:8:179:Infinity:undefined:undefined:undefined:undefined":38,"s:177:8:179:Infinity":97,"s:178:2:178:Infinity":98,"b:181:1:195:Infinity:183:8:195:Infinity":39,"s:181:1:195:Infinity":99,"s:182:2:182:Infinity":100,"b:183:8:195:Infinity:185:8:195:Infinity":40,"s:183:8:195:Infinity":101,"s:184:2:184:Infinity":102,"b:185:8:195:Infinity:187:8:195:Infinity":41,"s:185:8:195:Infinity":103,"s:186:2:186:Infinity":104,"s:188:23:188:Infinity":105,"b:188:23:188:57:188:61:188:Infinity":42,"s:189:26:189:Infinity":106,"f:189:53:189:54":12,"s:189:66:189:Infinity":107,"b:190:2:194:Infinity:192:9:194:Infinity":43,"s:190:2:194:Infinity":108,"s:191:3:191:Infinity":109,"b:192:9:194:Infinity:undefined:undefined:undefined:undefined":44,"s:192:9:194:Infinity":110,"s:193:3:193:Infinity":111,"b:197:1:201:Infinity:undefined:undefined:undefined:undefined":45,"s:197:1:201:Infinity":112,"b:198:2:200:Infinity:undefined:undefined:undefined:undefined":46,"s:198:2:200:Infinity":113,"s:199:3:199:Infinity":114,"b:203:1:207:Infinity:205:8:207:Infinity":47,"s:203:1:207:Infinity":115,"s:204:2:204:Infinity":116,"b:205:8:207:Infinity:undefined:undefined:undefined:undefined":48,"s:205:8:207:Infinity":117,"s:206:2:206:Infinity":118,"b:209:1:211:Infinity:undefined:undefined:undefined:undefined":49,"s:209:1:211:Infinity":119,"s:210:2:210:Infinity":120,"b:213:1:217:Infinity:215:8:217:Infinity":50,"s:213:1:217:Infinity":121,"s:214:2:214:Infinity":122,"b:215:8:217:Infinity:undefined:undefined:undefined:undefined":51,"s:215:8:217:Infinity":123,"s:216:2:216:Infinity":124,"b:219:1:244:Infinity:235:8:244:Infinity":52,"s:219:1:244:Infinity":125,"b:220:2:224:Infinity:222:9:224:Infinity":53,"s:220:2:224:Infinity":126,"s:221:3:221:Infinity":127,"b:222:9:224:Infinity:undefined:undefined:undefined:undefined":54,"s:222:9:224:Infinity":128,"b:222:13:222:36:222:36:222:58":55,"s:223:3:223:Infinity":129,"b:226:2:230:Infinity:228:9:230:Infinity":56,"s:226:2:230:Infinity":130,"s:227:3:227:Infinity":131,"b:228:9:230:Infinity:undefined:undefined:undefined:undefined":57,"s:228:9:230:Infinity":132,"b:228:13:228:25:228:25:228:55":58,"s:229:3:229:Infinity":133,"b:232:2:234:Infinity:undefined:undefined:undefined:undefined":59,"s:232:2:234:Infinity":134,"s:233:3:233:Infinity":135,"b:236:2:243:Infinity:undefined:undefined:undefined:undefined":60,"s:236:2:243:Infinity":136,"b:237:3:239:Infinity:undefined:undefined:undefined:undefined":61,"s:237:3:239:Infinity":137,"b:237:7:237:30:237:30:237:52":62,"s:238:4:238:Infinity":138,"b:240:3:242:Infinity:undefined:undefined:undefined:undefined":63,"s:240:3:242:Infinity":139,"b:240:7:240:26:240:26:240:56":64,"s:241:4:241:Infinity":140,"s:246:1:249:Infinity":141,"s:252:41:293:Infinity":142,"f:252:41:252:Infinity":13,"s:255:69:255:Infinity":143,"s:257:15:257:Infinity":144,"b:257:15:257:39:257:39:257:Infinity":65,"s:258:18:258:Infinity":145,"b:258:18:258:45:258:45:258:Infinity":66,"s:259:25:259:Infinity":146,"b:259:25:259:59:259:59:259:Infinity":67,"b:261:1:275:Infinity:263:8:275:Infinity":68,"s:261:1:275:Infinity":147,"s:262:2:262:Infinity":148,"b:263:8:275:Infinity:265:8:275:Infinity":69,"s:263:8:275:Infinity":149,"s:264:2:264:Infinity":150,"b:265:8:275:Infinity:267:8:275:Infinity":70,"s:265:8:275:Infinity":151,"s:266:2:266:Infinity":152,"s:268:23:268:Infinity":153,"b:268:23:268:56:268:60:268:Infinity":71,"s:269:26:269:Infinity":154,"f:269:53:269:54":14,"s:269:66:269:Infinity":155,"b:270:2:274:Infinity:272:9:274:Infinity":72,"s:270:2:274:Infinity":156,"s:271:3:271:Infinity":157,"b:272:9:274:Infinity:undefined:undefined:undefined:undefined":73,"s:272:9:274:Infinity":158,"s:273:3:273:Infinity":159,"b:277:1:281:Infinity:279:8:281:Infinity":74,"s:277:1:281:Infinity":160,"s:278:2:278:Infinity":161,"b:279:8:281:Infinity:undefined:undefined:undefined:undefined":75,"s:279:8:281:Infinity":162,"b:279:12:279:35:279:35:279:57":76,"s:280:2:280:Infinity":163,"b:283:1:287:Infinity:285:8:287:Infinity":77,"s:283:1:287:Infinity":164,"s:284:2:284:Infinity":165,"b:285:8:287:Infinity:undefined:undefined:undefined:undefined":78,"s:285:8:287:Infinity":166,"b:285:12:285:24:285:24:285:54":79,"s:286:2:286:Infinity":167,"s:289:1:292:Infinity":168,"s:295:23:300:Infinity":169,"f:295:23:295:Infinity":15,"b:296:1:298:Infinity:undefined:undefined:undefined:undefined":80,"s:296:1:298:Infinity":170,"b:296:5:296:38:296:38:296:79":81,"s:297:2:297:Infinity":171,"s:299:1:299:Infinity":172,"s:302:35:345:Infinity":173,"f:302:35:302:36":16,"s:303:16:303:Infinity":174,"s:304:19:304:Infinity":175,"s:305:21:305:Infinity":176,"b:305:21:305:48:305:48:305:Infinity":82,"s:306:26:306:Infinity":177,"b:306:26:306:47:306:47:306:Infinity":83,"s:307:26:309:Infinity":178,"b:307:26:308:Infinity:308:25:309:Infinity":84,"s:310:20:310:Infinity":179,"b:310:20:310:29:310:33:310:48:310:48:310:Infinity":85,"s:311:7:311:Infinity":180,"b:311:35:311:51:311:55:311:75":86,"s:312:26:312:Infinity":181,"b:312:26:312:50:312:50:312:68:312:72:312:Infinity":87,"b:314:1:322:Infinity:320:8:322:Infinity":88,"s:314:1:322:Infinity":182,"b:315:2:319:Infinity:317:9:319:Infinity":89,"s:315:2:319:Infinity":183,"s:316:3:316:Infinity":184,"b:316:10:316:28:316:32:316:51":90,"s:318:3:318:Infinity":185,"b:320:8:322:Infinity:undefined:undefined:undefined:undefined":91,"s:320:8:322:Infinity":186,"s:321:2:321:Infinity":187,"s:323:22:323:Infinity":188,"b:323:22:323:70:323:70:323:Infinity":92,"s:324:18:324:Infinity":189,"b:324:18:324:31:324:35:324:54:324:54:324:Infinity":93,"s:326:1:344:Infinity":190,"b:332:19:332:41:332:45:332:73:332:73:332:Infinity":94,"b:335:16:335:34:335:34:335:49":95,"b:341:13:341:35:341:35:341:Infinity":96,"s:347:30:374:Infinity":191,"f:347:30:347:31":17,"s:348:7:348:Infinity":192,"s:349:15:349:Infinity":193,"f:349:31:349:32":18,"s:349:41:349:62":194,"b:351:1:355:Infinity:undefined:undefined:undefined:undefined":97,"s:351:1:355:Infinity":195,"s:352:2:352:Infinity":196,"s:353:2:353:Infinity":197,"s:354:2:354:Infinity":198,"s:357:18:357:30":199,"s:360:36:362:24":200,"b:361:4:361:46:362:4:362:24":98,"b:361:4:361:22:361:26:361:46":99,"s:364:1:370:Infinity":201,"b:367:13:367:31:367:35:367:51":100,"b:369:10:369:23:369:27:369:42:369:46:369:Infinity":101,"s:372:1:372:Infinity":202,"s:373:1:373:Infinity":203,"s:376:28:379:Infinity":204,"f:376:28:376:29":19,"s:377:7:377:Infinity":205,"s:378:1:378:Infinity":206,"f:378:19:378:20":20,"s:378:29:378:Infinity":207,"s:381:31:385:Infinity":208,"f:381:31:381:32":21,"s:382:7:382:Infinity":209,"s:383:20:383:Infinity":210,"s:384:1:384:Infinity":211,"f:384:19:384:20":22,"s:384:29:384:Infinity":212}}}
}
